<?xml version="1.0" encoding="UTF-8"?>
<!-- Generated by org.testng.reporters.JUnitReportReporter -->
<testsuite skipped="0" hostname="qe-amotawei-n" name="automation.test.OrgAdmin_Group_Edit" tests="1" failures="0" timestamp="12 Feb 2019 09:23:47 GMT" time="6.187" errors="0">
  <testcase name="checkMandatory" time="6.187" classname="automation.test.OrgAdmin_Group_Edit"/>
</testsuite> <!-- automation.test.OrgAdmin_Group_Edit -->
