<?xml version="1.0" encoding="UTF-8"?>
<!-- Generated by org.testng.reporters.JUnitReportReporter -->
<testsuite skipped="0" hostname="qe-amotawei-n" name="automation.test.Login_valid_data" tests="1" failures="0" timestamp="11 Feb 2019 06:58:11 GMT" time="1.275" errors="0">
  <testcase name="checkLogin" time="1.275" classname="automation.test.Login_valid_data"/>
</testsuite> <!-- automation.test.Login_valid_data -->
