<?xml version="1.0" encoding="UTF-8"?>
<!-- Generated by org.testng.reporters.JUnitReportReporter -->
<testsuite skipped="0" hostname="qe-amotawei-n" name="automation.test.Edit_profile_test" tests="1" failures="0" timestamp="11 Feb 2019 07:47:36 GMT" time="6.374" errors="0">
  <testcase name="CheckEditProfile" time="6.374" classname="automation.test.Edit_profile_test"/>
</testsuite> <!-- automation.test.Edit_profile_test -->
