<?xml version="1.0" encoding="UTF-8"?>
<!-- Generated by org.testng.reporters.JUnitReportReporter -->
<testsuite skipped="0" hostname="qe-amotawei-n" name="automation.test.Login_test" tests="1" failures="0" timestamp="21 Feb 2019 14:14:40 GMT" time="1.149" errors="0">
  <testcase name="checkLogin" time="1.149" classname="automation.test.Login_test"/>
</testsuite> <!-- automation.test.Login_test -->
