<?xml version="1.0" encoding="UTF-8"?>
<!-- Generated by org.testng.reporters.JUnitReportReporter -->
<testsuite skipped="0" hostname="qe-amotawei-n" name="automation.test.Settings_test" tests="1" failures="0" timestamp="13 Feb 2019 10:22:10 GMT" time="3.821" errors="0">
  <testcase name="CheckLangMandatory" time="3.821" classname="automation.test.Settings_test"/>
</testsuite> <!-- automation.test.Settings_test -->
