<?xml version="1.0" encoding="UTF-8"?>
<!-- Generated by org.testng.reporters.JUnitReportReporter -->
<testsuite skipped="0" hostname="qe-amotawei-n" name="automation.test.SiteCompose_test" tests="2" failures="0" timestamp="20 Feb 2019 10:04:27 GMT" time="11.334" errors="0">
  <testcase name="checkAddPage" time="9.673" classname="automation.test.SiteCompose_test"/>
  <testcase name="checkAddExistingPage" time="1.661" classname="automation.test.SiteCompose_test"/>
</testsuite> <!-- automation.test.SiteCompose_test -->
