<?xml version="1.0" encoding="UTF-8"?>
<!-- Generated by org.testng.reporters.JUnitReportReporter -->
<testsuite skipped="0" hostname="qe-amotawei-n" name="automation.test.OrgAdmin_Group" tests="2" failures="0" timestamp="11 Feb 2019 10:00:31 GMT" time="6.779" errors="0">
  <testcase name="checkAddGroup" time="3.024" classname="automation.test.OrgAdmin_Group"/>
  <testcase name="checkAddGroup" time="3.755" classname="automation.test.OrgAdmin_Group"/>
</testsuite> <!-- automation.test.OrgAdmin_Group -->
