<?xml version="1.0" encoding="UTF-8"?>
<!-- Generated by org.testng.reporters.JUnitReportReporter -->
<testsuite skipped="0" hostname="qe-amotawei-n" name="automation.test.OrgAdmin_Group_Delete" tests="1" failures="0" timestamp="11 Feb 2019 12:12:57 GMT" time="6.695" errors="0">
  <testcase name="checkDeleteGroups" time="6.695" classname="automation.test.OrgAdmin_Group_Delete"/>
</testsuite> <!-- automation.test.OrgAdmin_Group_Delete -->
