<?xml version="1.0" encoding="UTF-8"?>
<!-- Generated by org.testng.reporters.JUnitReportReporter -->
<testsuite skipped="0" hostname="qe-amotawei-n" name="automation.test.SiteCompose_test" tests="1" failures="0" timestamp="25 Feb 2019 09:51:36 GMT" time="14.617" errors="0">
  <testcase name="checkAddShortcut" time="14.617" classname="automation.test.SiteCompose_test"/>
</testsuite> <!-- automation.test.SiteCompose_test -->
