<?xml version="1.0" encoding="UTF-8"?>
<!-- Generated by org.testng.reporters.JUnitReportReporter -->
<testsuite skipped="0" hostname="qe-amotawei-n" name="automation.test.ChangePassword" tests="1" failures="0" timestamp="11 Feb 2019 06:58:11 GMT" time="2.858" errors="0">
  <testcase name="CheckChangePassword" time="2.858" classname="automation.test.ChangePassword"/>
</testsuite> <!-- automation.test.ChangePassword -->
