<?xml version="1.0" encoding="UTF-8"?>
<!-- Generated by org.testng.reporters.JUnitReportReporter -->
<testsuite skipped="0" hostname="qe-amotawei-n" name="automation.test.OrgAdmin_Group_Add" tests="3" failures="0" timestamp="20 Feb 2019 11:41:10 GMT" time="11.456" errors="0">
  <testcase name="checkAddGroup" time="3.385" classname="automation.test.OrgAdmin_Group_Add"/>
  <testcase name="checkAddGroup" time="3.462" classname="automation.test.OrgAdmin_Group_Add"/>
  <testcase name="checkAddGroup" time="4.609" classname="automation.test.OrgAdmin_Group_Add"/>
</testsuite> <!-- automation.test.OrgAdmin_Group_Add -->
