<?xml version="1.0" encoding="UTF-8"?>
<!-- Generated by org.testng.reporters.JUnitReportReporter -->
<testsuite skipped="0" hostname="qe-amotawei-n" name="automation.test.OrgAdmin_Groups" tests="1" failures="0" timestamp="11 Feb 2019 10:31:19 GMT" time="7872.384" errors="1">
  <testcase name="checkAddGroup" time="7872.384" classname="automation.test.OrgAdmin_Groups">
    <error type="java.lang.StackOverflowError">
      <![CDATA[java.lang.StackOverflowError
at java.lang.Exception.<init>(Unknown Source)
at java.lang.ReflectiveOperationException.<init>(Unknown Source)
at java.lang.NoSuchMethodException.<init>(Unknown Source)
at java.lang.Class.getConstructor0(Unknown Source)
at java.lang.Class.getConstructor(Unknown Source)
at org.openqa.selenium.support.PageFactory.instantiatePage(PageFactory.java:128)
at org.openqa.selenium.support.PageFactory.initElements(PageFactory.java:64)
at automation.test.OrgAdmin_Groups.checkAddGroup(OrgAdmin_Groups.java:30)
at automation.test.OrgAdmin_Groups.checkAddGroup(OrgAdmin_Groups.java:32)
at automation.test.OrgAdmin_Groups.checkAddGroup(OrgAdmin_Groups.java:32)
at automation.test.OrgAdmin_Groups.checkAddGroup(OrgAdmin_Groups.java:32)
at automation.test.OrgAdmin_Groups.checkAddGroup(OrgAdmin_Groups.java:32)
at automation.test.OrgAdmin_Groups.checkAddGroup(OrgAdmin_Groups.java:32)
at automation.test.OrgAdmin_Groups.checkAddGroup(OrgAdmin_Groups.java:32)
at automation.test.OrgAdmin_Groups.checkAddGroup(OrgAdmin_Groups.java:32)
at automation.test.OrgAdmin_Groups.checkAddGroup(OrgAdmin_Groups.java:32)
at automation.test.OrgAdmin_Groups.checkAddGroup(OrgAdmin_Groups.java:32)
at automation.test.OrgAdmin_Groups.checkAddGroup(OrgAdmin_Groups.java:32)
at automation.test.OrgAdmin_Groups.checkAddGroup(OrgAdmin_Groups.java:32)
at automation.test.OrgAdmin_Groups.checkAddGroup(OrgAdmin_Groups.java:32)
at automation.test.OrgAdmin_Groups.checkAddGroup(OrgAdmin_Groups.java:32)
at automation.test.OrgAdmin_Groups.checkAddGroup(OrgAdmin_Groups.java:32)
at automation.test.OrgAdmin_Groups.checkAddGroup(OrgAdmin_Groups.java:32)
at automation.test.OrgAdmin_Groups.checkAddGroup(OrgAdmin_Groups.java:32)
at automation.test.OrgAdmin_Groups.checkAddGroup(OrgAdmin_Groups.java:32)
at automation.test.OrgAdmin_Groups.checkAddGroup(OrgAdmin_Groups.java:32)
at automation.test.OrgAdmin_Groups.checkAddGroup(OrgAdmin_Groups.java:32)
at automation.test.OrgAdmin_Groups.checkAddGroup(OrgAdmin_Groups.java:32)
at automation.test.OrgAdmin_Groups.checkAddGroup(OrgAdmin_Groups.java:32)
at automation.test.OrgAdmin_Groups.checkAddGroup(OrgAdmin_Groups.java:32)
at automation.test.OrgAdmin_Groups.checkAddGroup(OrgAdmin_Groups.java:32)
at automation.test.OrgAdmin_Groups.checkAddGroup(OrgAdmin_Groups.java:32)
at automation.test.OrgAdmin_Groups.checkAddGroup(OrgAdmin_Groups.java:32)
at automation.test.OrgAdmin_Groups.checkAddGroup(OrgAdmin_Groups.java:32)
at automation.test.OrgAdmin_Groups.checkAddGroup(OrgAdmin_Groups.java:32)
at automation.test.OrgAdmin_Groups.checkAddGroup(OrgAdmin_Groups.java:32)
at automation.test.OrgAdmin_Groups.checkAddGroup(OrgAdmin_Groups.java:32)
at automation.test.OrgAdmin_Groups.checkAddGroup(OrgAdmin_Groups.java:32)
at automation.test.OrgAdmin_Groups.checkAddGroup(OrgAdmin_Groups.java:32)
at automation.test.OrgAdmin_Groups.checkAddGroup(OrgAdmin_Groups.java:32)
at automation.test.OrgAdmin_Groups.checkAddGroup(OrgAdmin_Groups.java:32)
at automation.test.OrgAdmin_Groups.checkAddGroup(OrgAdmin_Groups.java:32)
at automation.test.OrgAdmin_Groups.checkAddGroup(OrgAdmin_Groups.java:32)
at automation.test.OrgAdmin_Groups.checkAddGroup(OrgAdmin_Groups.java:32)
at automation.test.OrgAdmin_Groups.checkAddGroup(OrgAdmin_Groups.java:32)
at automation.test.OrgAdmin_Groups.checkAddGroup(OrgAdmin_Groups.java:32)
at automation.test.OrgAdmin_Groups.checkAddGroup(OrgAdmin_Groups.java:32)
at automation.test.OrgAdmin_Groups.checkAddGroup(OrgAdmin_Groups.java:32)
at automation.test.OrgAdmin_Groups.checkAddGroup(OrgAdmin_Groups.java:32)
at automation.test.OrgAdmin_Groups.checkAddGroup(OrgAdmin_Groups.java:32)
at automation.test.OrgAdmin_Groups.checkAddGroup(OrgAdmin_Groups.java:32)
at automation.test.OrgAdmin_Groups.checkAddGroup(OrgAdmin_Groups.java:32)
at automation.test.OrgAdmin_Groups.checkAddGroup(OrgAdmin_Groups.java:32)
at automation.test.OrgAdmin_Groups.checkAddGroup(OrgAdmin_Groups.java:32)
at automation.test.OrgAdmin_Groups.checkAddGroup(OrgAdmin_Groups.java:32)
at automation.test.OrgAdmin_Groups.checkAddGroup(OrgAdmin_Groups.java:32)
at automation.test.OrgAdmin_Groups.checkAddGroup(OrgAdmin_Groups.java:32)
at automation.test.OrgAdmin_Groups.checkAddGroup(OrgAdmin_Groups.java:32)
at automation.test.OrgAdmin_Groups.checkAddGroup(OrgAdmin_Groups.java:32)
at automation.test.OrgAdmin_Groups.checkAddGroup(OrgAdmin_Groups.java:32)
at automation.test.OrgAdmin_Groups.checkAddGroup(OrgAdmin_Groups.java:32)
at automation.test.OrgAdmin_Groups.checkAddGroup(OrgAdmin_Groups.java:32)
at automation.test.OrgAdmin_Groups.checkAddGroup(OrgAdmin_Groups.java:32)
at automation.test.OrgAdmin_Groups.checkAddGroup(OrgAdmin_Groups.java:32)
at automation.test.OrgAdmin_Groups.checkAddGroup(OrgAdmin_Groups.java:32)
at automation.test.OrgAdmin_Groups.checkAddGroup(OrgAdmin_Groups.java:32)
at automation.test.OrgAdmin_Groups.checkAddGroup(OrgAdmin_Groups.java:32)
at automation.test.OrgAdmin_Groups.checkAddGroup(OrgAdmin_Groups.java:32)
at automation.test.OrgAdmin_Groups.checkAddGroup(OrgAdmin_Groups.java:32)
at automation.test.OrgAdmin_Groups.checkAddGroup(OrgAdmin_Groups.java:32)
at automation.test.OrgAdmin_Groups.checkAddGroup(OrgAdmin_Groups.java:32)
at automation.test.OrgAdmin_Groups.checkAddGroup(OrgAdmin_Groups.java:32)
at automation.test.OrgAdmin_Groups.checkAddGroup(OrgAdmin_Groups.java:32)
at automation.test.OrgAdmin_Groups.checkAddGroup(OrgAdmin_Groups.java:32)
at automation.test.OrgAdmin_Groups.checkAddGroup(OrgAdmin_Groups.java:32)
at automation.test.OrgAdmin_Groups.checkAddGroup(OrgAdmin_Groups.java:32)
at automation.test.OrgAdmin_Groups.checkAddGroup(OrgAdmin_Groups.java:32)
at automation.test.OrgAdmin_Groups.checkAddGroup(OrgAdmin_Groups.java:32)
at automation.test.OrgAdmin_Groups.checkAddGroup(OrgAdmin_Groups.java:32)
at automation.test.OrgAdmin_Groups.checkAddGroup(OrgAdmin_Groups.java:32)
at automation.test.OrgAdmin_Groups.checkAddGroup(OrgAdmin_Groups.java:32)
at automation.test.OrgAdmin_Groups.checkAddGroup(OrgAdmin_Groups.java:32)
at automation.test.OrgAdmin_Groups.checkAddGroup(OrgAdmin_Groups.java:32)
at automation.test.OrgAdmin_Groups.checkAddGroup(OrgAdmin_Groups.java:32)
at automation.test.OrgAdmin_Groups.checkAddGroup(OrgAdmin_Groups.java:32)
at automation.test.OrgAdmin_Groups.checkAddGroup(OrgAdmin_Groups.java:32)
at automation.test.OrgAdmin_Groups.checkAddGroup(OrgAdmin_Groups.java:32)
at automation.test.OrgAdmin_Groups.checkAddGroup(OrgAdmin_Groups.java:32)
at automation.test.OrgAdmin_Groups.checkAddGroup(OrgAdmin_Groups.java:32)
at automation.test.OrgAdmin_Groups.checkAddGroup(OrgAdmin_Groups.java:32)
at automation.test.OrgAdmin_Groups.checkAddGroup(OrgAdmin_Groups.java:32)
at automation.test.OrgAdmin_Groups.checkAddGroup(OrgAdmin_Groups.java:32)
at automation.test.OrgAdmin_Groups.checkAddGroup(OrgAdmin_Groups.java:32)
at automation.test.OrgAdmin_Groups.checkAddGroup(OrgAdmin_Groups.java:32)
at automation.test.OrgAdmin_Groups.checkAddGroup(OrgAdmin_Groups.java:32)
at automation.test.OrgAdmin_Groups.checkAddGroup(OrgAdmin_Groups.java:32)
at automation.test.OrgAdmin_Groups.checkAddGroup(OrgAdmin_Groups.java:32)
at automation.test.OrgAdmin_Groups.checkAddGroup(OrgAdmin_Groups.java:32)
at automation.test.OrgAdmin_Groups.checkAddGroup(OrgAdmin_Groups.java:32)
at automation.test.OrgAdmin_Groups.checkAddGroup(OrgAdmin_Groups.java:32)
at automation.test.OrgAdmin_Groups.checkAddGroup(OrgAdmin_Groups.java:32)
at automation.test.OrgAdmin_Groups.checkAddGroup(OrgAdmin_Groups.java:32)
at automation.test.OrgAdmin_Groups.checkAddGroup(OrgAdmin_Groups.java:32)
at automation.test.OrgAdmin_Groups.checkAddGroup(OrgAdmin_Groups.java:32)
at automation.test.OrgAdmin_Groups.checkAddGroup(OrgAdmin_Groups.java:32)
at automation.test.OrgAdmin_Groups.checkAddGroup(OrgAdmin_Groups.java:32)
at automation.test.OrgAdmin_Groups.checkAddGroup(OrgAdmin_Groups.java:32)
at automation.test.OrgAdmin_Groups.checkAddGroup(OrgAdmin_Groups.java:32)
at automation.test.OrgAdmin_Groups.checkAddGroup(OrgAdmin_Groups.java:32)
at automation.test.OrgAdmin_Groups.checkAddGroup(OrgAdmin_Groups.java:32)
at automation.test.OrgAdmin_Groups.checkAddGroup(OrgAdmin_Groups.java:32)
at automation.test.OrgAdmin_Groups.checkAddGroup(OrgAdmin_Groups.java:32)
at automation.test.OrgAdmin_Groups.checkAddGroup(OrgAdmin_Groups.java:32)
at automation.test.OrgAdmin_Groups.checkAddGroup(OrgAdmin_Groups.java:32)
at automation.test.OrgAdmin_Groups.checkAddGroup(OrgAdmin_Groups.java:32)
at automation.test.OrgAdmin_Groups.checkAddGroup(OrgAdmin_Groups.java:32)
at automation.test.OrgAdmin_Groups.checkAddGroup(OrgAdmin_Groups.java:32)
at automation.test.OrgAdmin_Groups.checkAddGroup(OrgAdmin_Groups.java:32)
at automation.test.OrgAdmin_Groups.checkAddGroup(OrgAdmin_Groups.java:32)
at automation.test.OrgAdmin_Groups.checkAddGroup(OrgAdmin_Groups.java:32)
at automation.test.OrgAdmin_Groups.checkAddGroup(OrgAdmin_Groups.java:32)
at automation.test.OrgAdmin_Groups.checkAddGroup(OrgAdmin_Groups.java:32)
at automation.test.OrgAdmin_Groups.checkAddGroup(OrgAdmin_Groups.java:32)
at automation.test.OrgAdmin_Groups.checkAddGroup(OrgAdmin_Groups.java:32)
at automation.test.OrgAdmin_Groups.checkAddGroup(OrgAdmin_Groups.java:32)
at automation.test.OrgAdmin_Groups.checkAddGroup(OrgAdmin_Groups.java:32)
at automation.test.OrgAdmin_Groups.checkAddGroup(OrgAdmin_Groups.java:32)
at automation.test.OrgAdmin_Groups.checkAddGroup(OrgAdmin_Groups.java:32)
at automation.test.OrgAdmin_Groups.checkAddGroup(OrgAdmin_Groups.java:32)
at automation.test.OrgAdmin_Groups.checkAddGroup(OrgAdmin_Groups.java:32)
at automation.test.OrgAdmin_Groups.checkAddGroup(OrgAdmin_Groups.java:32)
at automation.test.OrgAdmin_Groups.checkAddGroup(OrgAdmin_Groups.java:32)
at automation.test.OrgAdmin_Groups.checkAddGroup(OrgAdmin_Groups.java:32)
at automation.test.OrgAdmin_Groups.checkAddGroup(OrgAdmin_Groups.java:32)
at automation.test.OrgAdmin_Groups.checkAddGroup(OrgAdmin_Groups.java:32)
at automation.test.OrgAdmin_Groups.checkAddGroup(OrgAdmin_Groups.java:32)
at automation.test.OrgAdmin_Groups.checkAddGroup(OrgAdmin_Groups.java:32)
at automation.test.OrgAdmin_Groups.checkAddGroup(OrgAdmin_Groups.java:32)
at automation.test.OrgAdmin_Groups.checkAddGroup(OrgAdmin_Groups.java:32)
at automation.test.OrgAdmin_Groups.checkAddGroup(OrgAdmin_Groups.java:32)
at automation.test.OrgAdmin_Groups.checkAddGroup(OrgAdmin_Groups.java:32)
at automation.test.OrgAdmin_Groups.checkAddGroup(OrgAdmin_Groups.java:32)
at automation.test.OrgAdmin_Groups.checkAddGroup(OrgAdmin_Groups.java:32)
at automation.test.OrgAdmin_Groups.checkAddGroup(OrgAdmin_Groups.java:32)
at automation.test.OrgAdmin_Groups.checkAddGroup(OrgAdmin_Groups.java:32)
at automation.test.OrgAdmin_Groups.checkAddGroup(OrgAdmin_Groups.java:32)
at automation.test.OrgAdmin_Groups.checkAddGroup(OrgAdmin_Groups.java:32)
at automation.test.OrgAdmin_Groups.checkAddGroup(OrgAdmin_Groups.java:32)
at automation.test.OrgAdmin_Groups.checkAddGroup(OrgAdmin_Groups.java:32)
at automation.test.OrgAdmin_Groups.checkAddGroup(OrgAdmin_Groups.java:32)
at automation.test.OrgAdmin_Groups.checkAddGroup(OrgAdmin_Groups.java:32)
at automation.test.OrgAdmin_Groups.checkAddGroup(OrgAdmin_Groups.java:32)
at automation.test.OrgAdmin_Groups.checkAddGroup(OrgAdmin_Groups.java:32)
at automation.test.OrgAdmin_Groups.checkAddGroup(OrgAdmin_Groups.java:32)
at automation.test.OrgAdmin_Groups.checkAddGroup(OrgAdmin_Groups.java:32)
at automation.test.OrgAdmin_Groups.checkAddGroup(OrgAdmin_Groups.java:32)
at automation.test.OrgAdmin_Groups.checkAddGroup(OrgAdmin_Groups.java:32)
at automation.test.OrgAdmin_Groups.checkAddGroup(OrgAdmin_Groups.java:32)
at automation.test.OrgAdmin_Groups.checkAddGroup(OrgAdmin_Groups.java:32)
at automation.test.OrgAdmin_Groups.checkAddGroup(OrgAdmin_Groups.java:32)
at automation.test.OrgAdmin_Groups.checkAddGroup(OrgAdmin_Groups.java:32)
at automation.test.OrgAdmin_Groups.checkAddGroup(OrgAdmin_Groups.java:32)
at automation.test.OrgAdmin_Groups.checkAddGroup(OrgAdmin_Groups.java:32)
at automation.test.OrgAdmin_Groups.checkAddGroup(OrgAdmin_Groups.java:32)
at automation.test.OrgAdmin_Groups.checkAddGroup(OrgAdmin_Groups.java:32)
at automation.test.OrgAdmin_Groups.checkAddGroup(OrgAdmin_Groups.java:32)
at automation.test.OrgAdmin_Groups.checkAddGroup(OrgAdmin_Groups.java:32)
at automation.test.OrgAdmin_Groups.checkAddGroup(OrgAdmin_Groups.java:32)
at automation.test.OrgAdmin_Groups.checkAddGroup(OrgAdmin_Groups.java:32)
at automation.test.OrgAdmin_Groups.checkAddGroup(OrgAdmin_Groups.java:32)
at automation.test.OrgAdmin_Groups.checkAddGroup(OrgAdmin_Groups.java:32)
at automation.test.OrgAdmin_Groups.checkAddGroup(OrgAdmin_Groups.java:32)
at automation.test.OrgAdmin_Groups.checkAddGroup(OrgAdmin_Groups.java:32)
at automation.test.OrgAdmin_Groups.checkAddGroup(OrgAdmin_Groups.java:32)
at automation.test.OrgAdmin_Groups.checkAddGroup(OrgAdmin_Groups.java:32)
at automation.test.OrgAdmin_Groups.checkAddGroup(OrgAdmin_Groups.java:32)
at automation.test.OrgAdmin_Groups.checkAddGroup(OrgAdmin_Groups.java:32)
at automation.test.OrgAdmin_Groups.checkAddGroup(OrgAdmin_Groups.java:32)
at automation.test.OrgAdmin_Groups.checkAddGroup(OrgAdmin_Groups.java:32)
at automation.test.OrgAdmin_Groups.checkAddGroup(OrgAdmin_Groups.java:32)
at automation.test.OrgAdmin_Groups.checkAddGroup(OrgAdmin_Groups.java:32)
at automation.test.OrgAdmin_Groups.checkAddGroup(OrgAdmin_Groups.java:32)
at automation.test.OrgAdmin_Groups.checkAddGroup(OrgAdmin_Groups.java:32)
at automation.test.OrgAdmin_Groups.checkAddGroup(OrgAdmin_Groups.java:32)
at automation.test.OrgAdmin_Groups.checkAddGroup(OrgAdmin_Groups.java:32)
at automation.test.OrgAdmin_Groups.checkAddGroup(OrgAdmin_Groups.java:32)
at automation.test.OrgAdmin_Groups.checkAddGroup(OrgAdmin_Groups.java:32)
at automation.test.OrgAdmin_Groups.checkAddGroup(OrgAdmin_Groups.java:32)
at automation.test.OrgAdmin_Groups.checkAddGroup(OrgAdmin_Groups.java:32)
at automation.test.OrgAdmin_Groups.checkAddGroup(OrgAdmin_Groups.java:32)
at automation.test.OrgAdmin_Groups.checkAddGroup(OrgAdmin_Groups.java:32)
at automation.test.OrgAdmin_Groups.checkAddGroup(OrgAdmin_Groups.java:32)
at automation.test.OrgAdmin_Groups.checkAddGroup(OrgAdmin_Groups.java:32)
at automation.test.OrgAdmin_Groups.checkAddGroup(OrgAdmin_Groups.java:32)
at automation.test.OrgAdmin_Groups.checkAddGroup(OrgAdmin_Groups.java:32)
at automation.test.OrgAdmin_Groups.checkAddGroup(OrgAdmin_Groups.java:32)
at automation.test.OrgAdmin_Groups.checkAddGroup(OrgAdmin_Groups.java:32)
at automation.test.OrgAdmin_Groups.checkAddGroup(OrgAdmin_Groups.java:32)
at automation.test.OrgAdmin_Groups.checkAddGroup(OrgAdmin_Groups.java:32)
at automation.test.OrgAdmin_Groups.checkAddGroup(OrgAdmin_Groups.java:32)
at automation.test.OrgAdmin_Groups.checkAddGroup(OrgAdmin_Groups.java:32)
at automation.test.OrgAdmin_Groups.checkAddGroup(OrgAdmin_Groups.java:32)
at automation.test.OrgAdmin_Groups.checkAddGroup(OrgAdmin_Groups.java:32)
at automation.test.OrgAdmin_Groups.checkAddGroup(OrgAdmin_Groups.java:32)
at automation.test.OrgAdmin_Groups.checkAddGroup(OrgAdmin_Groups.java:32)
at automation.test.OrgAdmin_Groups.checkAddGroup(OrgAdmin_Groups.java:32)
at automation.test.OrgAdmin_Groups.checkAddGroup(OrgAdmin_Groups.java:32)
at automation.test.OrgAdmin_Groups.checkAddGroup(OrgAdmin_Groups.java:32)
at automation.test.OrgAdmin_Groups.checkAddGroup(OrgAdmin_Groups.java:32)
at automation.test.OrgAdmin_Groups.checkAddGroup(OrgAdmin_Groups.java:32)
at automation.test.OrgAdmin_Groups.checkAddGroup(OrgAdmin_Groups.java:32)
at automation.test.OrgAdmin_Groups.checkAddGroup(OrgAdmin_Groups.java:32)
at automation.test.OrgAdmin_Groups.checkAddGroup(OrgAdmin_Groups.java:32)
at automation.test.OrgAdmin_Groups.checkAddGroup(OrgAdmin_Groups.java:32)
at automation.test.OrgAdmin_Groups.checkAddGroup(OrgAdmin_Groups.java:32)
at automation.test.OrgAdmin_Groups.checkAddGroup(OrgAdmin_Groups.java:32)
at automation.test.OrgAdmin_Groups.checkAddGroup(OrgAdmin_Groups.java:32)
at automation.test.OrgAdmin_Groups.checkAddGroup(OrgAdmin_Groups.java:32)
at automation.test.OrgAdmin_Groups.checkAddGroup(OrgAdmin_Groups.java:32)
at automation.test.OrgAdmin_Groups.checkAddGroup(OrgAdmin_Groups.java:32)
at automation.test.OrgAdmin_Groups.checkAddGroup(OrgAdmin_Groups.java:32)
at automation.test.OrgAdmin_Groups.checkAddGroup(OrgAdmin_Groups.java:32)
at automation.test.OrgAdmin_Groups.checkAddGroup(OrgAdmin_Groups.java:32)
at automation.test.OrgAdmin_Groups.checkAddGroup(OrgAdmin_Groups.java:32)
at automation.test.OrgAdmin_Groups.checkAddGroup(OrgAdmin_Groups.java:32)
at automation.test.OrgAdmin_Groups.checkAddGroup(OrgAdmin_Groups.java:32)
at automation.test.OrgAdmin_Groups.checkAddGroup(OrgAdmin_Groups.java:32)
at automation.test.OrgAdmin_Groups.checkAddGroup(OrgAdmin_Groups.java:32)
at automation.test.OrgAdmin_Groups.checkAddGroup(OrgAdmin_Groups.java:32)
at automation.test.OrgAdmin_Groups.checkAddGroup(OrgAdmin_Groups.java:32)
at automation.test.OrgAdmin_Groups.checkAddGroup(OrgAdmin_Groups.java:32)
at automation.test.OrgAdmin_Groups.checkAddGroup(OrgAdmin_Groups.java:32)
at automation.test.OrgAdmin_Groups.checkAddGroup(OrgAdmin_Groups.java:32)
at automation.test.OrgAdmin_Groups.checkAddGroup(OrgAdmin_Groups.java:32)
at automation.test.OrgAdmin_Groups.checkAddGroup(OrgAdmin_Groups.java:32)
at automation.test.OrgAdmin_Groups.checkAddGroup(OrgAdmin_Groups.java:32)
at automation.test.OrgAdmin_Groups.checkAddGroup(OrgAdmin_Groups.java:32)
at automation.test.OrgAdmin_Groups.checkAddGroup(OrgAdmin_Groups.java:32)
at automation.test.OrgAdmin_Groups.checkAddGroup(OrgAdmin_Groups.java:32)
at automation.test.OrgAdmin_Groups.checkAddGroup(OrgAdmin_Groups.java:32)
at automation.test.OrgAdmin_Groups.checkAddGroup(OrgAdmin_Groups.java:32)
at automation.test.OrgAdmin_Groups.checkAddGroup(OrgAdmin_Groups.java:32)
at automation.test.OrgAdmin_Groups.checkAddGroup(OrgAdmin_Groups.java:32)
at automation.test.OrgAdmin_Groups.checkAddGroup(OrgAdmin_Groups.java:32)
at automation.test.OrgAdmin_Groups.checkAddGroup(OrgAdmin_Groups.java:32)
at automation.test.OrgAdmin_Groups.checkAddGroup(OrgAdmin_Groups.java:32)
at automation.test.OrgAdmin_Groups.checkAddGroup(OrgAdmin_Groups.java:32)
at automation.test.OrgAdmin_Groups.checkAddGroup(OrgAdmin_Groups.java:32)
at automation.test.OrgAdmin_Groups.checkAddGroup(OrgAdmin_Groups.java:32)
at automation.test.OrgAdmin_Groups.checkAddGroup(OrgAdmin_Groups.java:32)
at automation.test.OrgAdmin_Groups.checkAddGroup(OrgAdmin_Groups.java:32)
at automation.test.OrgAdmin_Groups.checkAddGroup(OrgAdmin_Groups.java:32)
at automation.test.OrgAdmin_Groups.checkAddGroup(OrgAdmin_Groups.java:32)
at automation.test.OrgAdmin_Groups.checkAddGroup(OrgAdmin_Groups.java:32)
at automation.test.OrgAdmin_Groups.checkAddGroup(OrgAdmin_Groups.java:32)
at automation.test.OrgAdmin_Groups.checkAddGroup(OrgAdmin_Groups.java:32)
at automation.test.OrgAdmin_Groups.checkAddGroup(OrgAdmin_Groups.java:32)
at automation.test.OrgAdmin_Groups.checkAddGroup(OrgAdmin_Groups.java:32)
at automation.test.OrgAdmin_Groups.checkAddGroup(OrgAdmin_Groups.java:32)
at automation.test.OrgAdmin_Groups.checkAddGroup(OrgAdmin_Groups.java:32)
at automation.test.OrgAdmin_Groups.checkAddGroup(OrgAdmin_Groups.java:32)
at automation.test.OrgAdmin_Groups.checkAddGroup(OrgAdmin_Groups.java:32)
at automation.test.OrgAdmin_Groups.checkAddGroup(OrgAdmin_Groups.java:32)
at automation.test.OrgAdmin_Groups.checkAddGroup(OrgAdmin_Groups.java:32)
at automation.test.OrgAdmin_Groups.checkAddGroup(OrgAdmin_Groups.java:32)
at automation.test.OrgAdmin_Groups.checkAddGroup(OrgAdmin_Groups.java:32)
at automation.test.OrgAdmin_Groups.checkAddGroup(OrgAdmin_Groups.java:32)
at automation.test.OrgAdmin_Groups.checkAddGroup(OrgAdmin_Groups.java:32)
at automation.test.OrgAdmin_Groups.checkAddGroup(OrgAdmin_Groups.java:32)
at automation.test.OrgAdmin_Groups.checkAddGroup(OrgAdmin_Groups.java:32)
at automation.test.OrgAdmin_Groups.checkAddGroup(OrgAdmin_Groups.java:32)
at automation.test.OrgAdmin_Groups.checkAddGroup(OrgAdmin_Groups.java:32)
at automation.test.OrgAdmin_Groups.checkAddGroup(OrgAdmin_Groups.java:32)
at automation.test.OrgAdmin_Groups.checkAddGroup(OrgAdmin_Groups.java:32)
at automation.test.OrgAdmin_Groups.checkAddGroup(OrgAdmin_Groups.java:32)
at automation.test.OrgAdmin_Groups.checkAddGroup(OrgAdmin_Groups.java:32)
at automation.test.OrgAdmin_Groups.checkAddGroup(OrgAdmin_Groups.java:32)
at automation.test.OrgAdmin_Groups.checkAddGroup(OrgAdmin_Groups.java:32)
at automation.test.OrgAdmin_Groups.checkAddGroup(OrgAdmin_Groups.java:32)
at automation.test.OrgAdmin_Groups.checkAddGroup(OrgAdmin_Groups.java:32)
at automation.test.OrgAdmin_Groups.checkAddGroup(OrgAdmin_Groups.java:32)
at automation.test.OrgAdmin_Groups.checkAddGroup(OrgAdmin_Groups.java:32)
at automation.test.OrgAdmin_Groups.checkAddGroup(OrgAdmin_Groups.java:32)
at automation.test.OrgAdmin_Groups.checkAddGroup(OrgAdmin_Groups.java:32)
at automation.test.OrgAdmin_Groups.checkAddGroup(OrgAdmin_Groups.java:32)
at automation.test.OrgAdmin_Groups.checkAddGroup(OrgAdmin_Groups.java:32)
at automation.test.OrgAdmin_Groups.checkAddGroup(OrgAdmin_Groups.java:32)
at automation.test.OrgAdmin_Groups.checkAddGroup(OrgAdmin_Groups.java:32)
at automation.test.OrgAdmin_Groups.checkAddGroup(OrgAdmin_Groups.java:32)
at automation.test.OrgAdmin_Groups.checkAddGroup(OrgAdmin_Groups.java:32)
at automation.test.OrgAdmin_Groups.checkAddGroup(OrgAdmin_Groups.java:32)
at automation.test.OrgAdmin_Groups.checkAddGroup(OrgAdmin_Groups.java:32)
at automation.test.OrgAdmin_Groups.checkAddGroup(OrgAdmin_Groups.java:32)
at automation.test.OrgAdmin_Groups.checkAddGroup(OrgAdmin_Groups.java:32)
at automation.test.OrgAdmin_Groups.checkAddGroup(OrgAdmin_Groups.java:32)
at automation.test.OrgAdmin_Groups.checkAddGroup(OrgAdmin_Groups.java:32)
at automation.test.OrgAdmin_Groups.checkAddGroup(OrgAdmin_Groups.java:32)
at automation.test.OrgAdmin_Groups.checkAddGroup(OrgAdmin_Groups.java:32)
at automation.test.OrgAdmin_Groups.checkAddGroup(OrgAdmin_Groups.java:32)
at automation.test.OrgAdmin_Groups.checkAddGroup(OrgAdmin_Groups.java:32)
at automation.test.OrgAdmin_Groups.checkAddGroup(OrgAdmin_Groups.java:32)
at automation.test.OrgAdmin_Groups.checkAddGroup(OrgAdmin_Groups.java:32)
at automation.test.OrgAdmin_Groups.checkAddGroup(OrgAdmin_Groups.java:32)
at automation.test.OrgAdmin_Groups.checkAddGroup(OrgAdmin_Groups.java:32)
at automation.test.OrgAdmin_Groups.checkAddGroup(OrgAdmin_Groups.java:32)
at automation.test.OrgAdmin_Groups.checkAddGroup(OrgAdmin_Groups.java:32)
at automation.test.OrgAdmin_Groups.checkAddGroup(OrgAdmin_Groups.java:32)
at automation.test.OrgAdmin_Groups.checkAddGroup(OrgAdmin_Groups.java:32)
at automation.test.OrgAdmin_Groups.checkAddGroup(OrgAdmin_Groups.java:32)
at automation.test.OrgAdmin_Groups.checkAddGroup(OrgAdmin_Groups.java:32)
at automation.test.OrgAdmin_Groups.checkAddGroup(OrgAdmin_Groups.java:32)
at automation.test.OrgAdmin_Groups.checkAddGroup(OrgAdmin_Groups.java:32)
at automation.test.OrgAdmin_Groups.checkAddGroup(OrgAdmin_Groups.java:32)
at automation.test.OrgAdmin_Groups.checkAddGroup(OrgAdmin_Groups.java:32)
at automation.test.OrgAdmin_Groups.checkAddGroup(OrgAdmin_Groups.java:32)
at automation.test.OrgAdmin_Groups.checkAddGroup(OrgAdmin_Groups.java:32)
at automation.test.OrgAdmin_Groups.checkAddGroup(OrgAdmin_Groups.java:32)
at automation.test.OrgAdmin_Groups.checkAddGroup(OrgAdmin_Groups.java:32)
at automation.test.OrgAdmin_Groups.checkAddGroup(OrgAdmin_Groups.java:32)
at automation.test.OrgAdmin_Groups.checkAddGroup(OrgAdmin_Groups.java:32)
at automation.test.OrgAdmin_Groups.checkAddGroup(OrgAdmin_Groups.java:32)
at automation.test.OrgAdmin_Groups.checkAddGroup(OrgAdmin_Groups.java:32)
at automation.test.OrgAdmin_Groups.checkAddGroup(OrgAdmin_Groups.java:32)
at automation.test.OrgAdmin_Groups.checkAddGroup(OrgAdmin_Groups.java:32)
at automation.test.OrgAdmin_Groups.checkAddGroup(OrgAdmin_Groups.java:32)
at automation.test.OrgAdmin_Groups.checkAddGroup(OrgAdmin_Groups.java:32)
at automation.test.OrgAdmin_Groups.checkAddGroup(OrgAdmin_Groups.java:32)
at automation.test.OrgAdmin_Groups.checkAddGroup(OrgAdmin_Groups.java:32)
at automation.test.OrgAdmin_Groups.checkAddGroup(OrgAdmin_Groups.java:32)
at automation.test.OrgAdmin_Groups.checkAddGroup(OrgAdmin_Groups.java:32)
at automation.test.OrgAdmin_Groups.checkAddGroup(OrgAdmin_Groups.java:32)
at automation.test.OrgAdmin_Groups.checkAddGroup(OrgAdmin_Groups.java:32)
at automation.test.OrgAdmin_Groups.checkAddGroup(OrgAdmin_Groups.java:32)
at automation.test.OrgAdmin_Groups.checkAddGroup(OrgAdmin_Groups.java:32)
at automation.test.OrgAdmin_Groups.checkAddGroup(OrgAdmin_Groups.java:32)
at automation.test.OrgAdmin_Groups.checkAddGroup(OrgAdmin_Groups.java:32)
at automation.test.OrgAdmin_Groups.checkAddGroup(OrgAdmin_Groups.java:32)
at automation.test.OrgAdmin_Groups.checkAddGroup(OrgAdmin_Groups.java:32)
at automation.test.OrgAdmin_Groups.checkAddGroup(OrgAdmin_Groups.java:32)
at automation.test.OrgAdmin_Groups.checkAddGroup(OrgAdmin_Groups.java:32)
at automation.test.OrgAdmin_Groups.checkAddGroup(OrgAdmin_Groups.java:32)
at automation.test.OrgAdmin_Groups.checkAddGroup(OrgAdmin_Groups.java:32)
at automation.test.OrgAdmin_Groups.checkAddGroup(OrgAdmin_Groups.java:32)
at automation.test.OrgAdmin_Groups.checkAddGroup(OrgAdmin_Groups.java:32)
at automation.test.OrgAdmin_Groups.checkAddGroup(OrgAdmin_Groups.java:32)
at automation.test.OrgAdmin_Groups.checkAddGroup(OrgAdmin_Groups.java:32)
at automation.test.OrgAdmin_Groups.checkAddGroup(OrgAdmin_Groups.java:32)
at automation.test.OrgAdmin_Groups.checkAddGroup(OrgAdmin_Groups.java:32)
at automation.test.OrgAdmin_Groups.checkAddGroup(OrgAdmin_Groups.java:32)
at automation.test.OrgAdmin_Groups.checkAddGroup(OrgAdmin_Groups.java:32)
at automation.test.OrgAdmin_Groups.checkAddGroup(OrgAdmin_Groups.java:32)
at automation.test.OrgAdmin_Groups.checkAddGroup(OrgAdmin_Groups.java:32)
at automation.test.OrgAdmin_Groups.checkAddGroup(OrgAdmin_Groups.java:32)
at automation.test.OrgAdmin_Groups.checkAddGroup(OrgAdmin_Groups.java:32)
at automation.test.OrgAdmin_Groups.checkAddGroup(OrgAdmin_Groups.java:32)
at automation.test.OrgAdmin_Groups.checkAddGroup(OrgAdmin_Groups.java:32)
at automation.test.OrgAdmin_Groups.checkAddGroup(OrgAdmin_Groups.java:32)
at automation.test.OrgAdmin_Groups.checkAddGroup(OrgAdmin_Groups.java:32)
at automation.test.OrgAdmin_Groups.checkAddGroup(OrgAdmin_Groups.java:32)
at automation.test.OrgAdmin_Groups.checkAddGroup(OrgAdmin_Groups.java:32)
at automation.test.OrgAdmin_Groups.checkAddGroup(OrgAdmin_Groups.java:32)
at automation.test.OrgAdmin_Groups.checkAddGroup(OrgAdmin_Groups.java:32)
at automation.test.OrgAdmin_Groups.checkAddGroup(OrgAdmin_Groups.java:32)
at automation.test.OrgAdmin_Groups.checkAddGroup(OrgAdmin_Groups.java:32)
at automation.test.OrgAdmin_Groups.checkAddGroup(OrgAdmin_Groups.java:32)
at automation.test.OrgAdmin_Groups.checkAddGroup(OrgAdmin_Groups.java:32)
at automation.test.OrgAdmin_Groups.checkAddGroup(OrgAdmin_Groups.java:32)
at automation.test.OrgAdmin_Groups.checkAddGroup(OrgAdmin_Groups.java:32)
at automation.test.OrgAdmin_Groups.checkAddGroup(OrgAdmin_Groups.java:32)
at automation.test.OrgAdmin_Groups.checkAddGroup(OrgAdmin_Groups.java:32)
at automation.test.OrgAdmin_Groups.checkAddGroup(OrgAdmin_Groups.java:32)
at automation.test.OrgAdmin_Groups.checkAddGroup(OrgAdmin_Groups.java:32)
at automation.test.OrgAdmin_Groups.checkAddGroup(OrgAdmin_Groups.java:32)
at automation.test.OrgAdmin_Groups.checkAddGroup(OrgAdmin_Groups.java:32)
at automation.test.OrgAdmin_Groups.checkAddGroup(OrgAdmin_Groups.java:32)
at automation.test.OrgAdmin_Groups.checkAddGroup(OrgAdmin_Groups.java:32)
at automation.test.OrgAdmin_Groups.checkAddGroup(OrgAdmin_Groups.java:32)
at automation.test.OrgAdmin_Groups.checkAddGroup(OrgAdmin_Groups.java:32)
at automation.test.OrgAdmin_Groups.checkAddGroup(OrgAdmin_Groups.java:32)
at automation.test.OrgAdmin_Groups.checkAddGroup(OrgAdmin_Groups.java:32)
at automation.test.OrgAdmin_Groups.checkAddGroup(OrgAdmin_Groups.java:32)
at automation.test.OrgAdmin_Groups.checkAddGroup(OrgAdmin_Groups.java:32)
at automation.test.OrgAdmin_Groups.checkAddGroup(OrgAdmin_Groups.java:32)
at automation.test.OrgAdmin_Groups.checkAddGroup(OrgAdmin_Groups.java:32)
at automation.test.OrgAdmin_Groups.checkAddGroup(OrgAdmin_Groups.java:32)
at automation.test.OrgAdmin_Groups.checkAddGroup(OrgAdmin_Groups.java:32)
at automation.test.OrgAdmin_Groups.checkAddGroup(OrgAdmin_Groups.java:32)
at automation.test.OrgAdmin_Groups.checkAddGroup(OrgAdmin_Groups.java:32)
at automation.test.OrgAdmin_Groups.checkAddGroup(OrgAdmin_Groups.java:32)
at automation.test.OrgAdmin_Groups.checkAddGroup(OrgAdmin_Groups.java:32)
at automation.test.OrgAdmin_Groups.checkAddGroup(OrgAdmin_Groups.java:32)
at automation.test.OrgAdmin_Groups.checkAddGroup(OrgAdmin_Groups.java:32)
at automation.test.OrgAdmin_Groups.checkAddGroup(OrgAdmin_Groups.java:32)
at automation.test.OrgAdmin_Groups.checkAddGroup(OrgAdmin_Groups.java:32)
at automation.test.OrgAdmin_Groups.checkAddGroup(OrgAdmin_Groups.java:32)
at automation.test.OrgAdmin_Groups.checkAddGroup(OrgAdmin_Groups.java:32)
at automation.test.OrgAdmin_Groups.checkAddGroup(OrgAdmin_Groups.java:32)
at automation.test.OrgAdmin_Groups.checkAddGroup(OrgAdmin_Groups.java:32)
at automation.test.OrgAdmin_Groups.checkAddGroup(OrgAdmin_Groups.java:32)
at automation.test.OrgAdmin_Groups.checkAddGroup(OrgAdmin_Groups.java:32)
at automation.test.OrgAdmin_Groups.checkAddGroup(OrgAdmin_Groups.java:32)
at automation.test.OrgAdmin_Groups.checkAddGroup(OrgAdmin_Groups.java:32)
at automation.test.OrgAdmin_Groups.checkAddGroup(OrgAdmin_Groups.java:32)
at automation.test.OrgAdmin_Groups.checkAddGroup(OrgAdmin_Groups.java:32)
at automation.test.OrgAdmin_Groups.checkAddGroup(OrgAdmin_Groups.java:32)
at automation.test.OrgAdmin_Groups.checkAddGroup(OrgAdmin_Groups.java:32)
at automation.test.OrgAdmin_Groups.checkAddGroup(OrgAdmin_Groups.java:32)
at automation.test.OrgAdmin_Groups.checkAddGroup(OrgAdmin_Groups.java:32)
at automation.test.OrgAdmin_Groups.checkAddGroup(OrgAdmin_Groups.java:32)
at automation.test.OrgAdmin_Groups.checkAddGroup(OrgAdmin_Groups.java:32)
at automation.test.OrgAdmin_Groups.checkAddGroup(OrgAdmin_Groups.java:32)
at automation.test.OrgAdmin_Groups.checkAddGroup(OrgAdmin_Groups.java:32)
at automation.test.OrgAdmin_Groups.checkAddGroup(OrgAdmin_Groups.java:32)
at automation.test.OrgAdmin_Groups.checkAddGroup(OrgAdmin_Groups.java:32)
at automation.test.OrgAdmin_Groups.checkAddGroup(OrgAdmin_Groups.java:32)
at automation.test.OrgAdmin_Groups.checkAddGroup(OrgAdmin_Groups.java:32)
at automation.test.OrgAdmin_Groups.checkAddGroup(OrgAdmin_Groups.java:32)
at automation.test.OrgAdmin_Groups.checkAddGroup(OrgAdmin_Groups.java:32)
at automation.test.OrgAdmin_Groups.checkAddGroup(OrgAdmin_Groups.java:32)
at automation.test.OrgAdmin_Groups.checkAddGroup(OrgAdmin_Groups.java:32)
at automation.test.OrgAdmin_Groups.checkAddGroup(OrgAdmin_Groups.java:32)
at automation.test.OrgAdmin_Groups.checkAddGroup(OrgAdmin_Groups.java:32)
at automation.test.OrgAdmin_Groups.checkAddGroup(OrgAdmin_Groups.java:32)
at automation.test.OrgAdmin_Groups.checkAddGroup(OrgAdmin_Groups.java:32)
at automation.test.OrgAdmin_Groups.checkAddGroup(OrgAdmin_Groups.java:32)
at automation.test.OrgAdmin_Groups.checkAddGroup(OrgAdmin_Groups.java:32)
at automation.test.OrgAdmin_Groups.checkAddGroup(OrgAdmin_Groups.java:32)
at automation.test.OrgAdmin_Groups.checkAddGroup(OrgAdmin_Groups.java:32)
at automation.test.OrgAdmin_Groups.checkAddGroup(OrgAdmin_Groups.java:32)
at automation.test.OrgAdmin_Groups.checkAddGroup(OrgAdmin_Groups.java:32)
at automation.test.OrgAdmin_Groups.checkAddGroup(OrgAdmin_Groups.java:32)
at automation.test.OrgAdmin_Groups.checkAddGroup(OrgAdmin_Groups.java:32)
at automation.test.OrgAdmin_Groups.checkAddGroup(OrgAdmin_Groups.java:32)
at automation.test.OrgAdmin_Groups.checkAddGroup(OrgAdmin_Groups.java:32)
at automation.test.OrgAdmin_Groups.checkAddGroup(OrgAdmin_Groups.java:32)
at automation.test.OrgAdmin_Groups.checkAddGroup(OrgAdmin_Groups.java:32)
at automation.test.OrgAdmin_Groups.checkAddGroup(OrgAdmin_Groups.java:32)
at automation.test.OrgAdmin_Groups.checkAddGroup(OrgAdmin_Groups.java:32)
at automation.test.OrgAdmin_Groups.checkAddGroup(OrgAdmin_Groups.java:32)
at automation.test.OrgAdmin_Groups.checkAddGroup(OrgAdmin_Groups.java:32)
at automation.test.OrgAdmin_Groups.checkAddGroup(OrgAdmin_Groups.java:32)
at automation.test.OrgAdmin_Groups.checkAddGroup(OrgAdmin_Groups.java:32)
at automation.test.OrgAdmin_Groups.checkAddGroup(OrgAdmin_Groups.java:32)
at automation.test.OrgAdmin_Groups.checkAddGroup(OrgAdmin_Groups.java:32)
at automation.test.OrgAdmin_Groups.checkAddGroup(OrgAdmin_Groups.java:32)
at automation.test.OrgAdmin_Groups.checkAddGroup(OrgAdmin_Groups.java:32)
at automation.test.OrgAdmin_Groups.checkAddGroup(OrgAdmin_Groups.java:32)
at automation.test.OrgAdmin_Groups.checkAddGroup(OrgAdmin_Groups.java:32)
at automation.test.OrgAdmin_Groups.checkAddGroup(OrgAdmin_Groups.java:32)
at automation.test.OrgAdmin_Groups.checkAddGroup(OrgAdmin_Groups.java:32)
at automation.test.OrgAdmin_Groups.checkAddGroup(OrgAdmin_Groups.java:32)
at automation.test.OrgAdmin_Groups.checkAddGroup(OrgAdmin_Groups.java:32)
at automation.test.OrgAdmin_Groups.checkAddGroup(OrgAdmin_Groups.java:32)
at automation.test.OrgAdmin_Groups.checkAddGroup(OrgAdmin_Groups.java:32)
at automation.test.OrgAdmin_Groups.checkAddGroup(OrgAdmin_Groups.java:32)
at automation.test.OrgAdmin_Groups.checkAddGroup(OrgAdmin_Groups.java:32)
at automation.test.OrgAdmin_Groups.checkAddGroup(OrgAdmin_Groups.java:32)
at automation.test.OrgAdmin_Groups.checkAddGroup(OrgAdmin_Groups.java:32)
at automation.test.OrgAdmin_Groups.checkAddGroup(OrgAdmin_Groups.java:32)
at automation.test.OrgAdmin_Groups.checkAddGroup(OrgAdmin_Groups.java:32)
at automation.test.OrgAdmin_Groups.checkAddGroup(OrgAdmin_Groups.java:32)
at automation.test.OrgAdmin_Groups.checkAddGroup(OrgAdmin_Groups.java:32)
at automation.test.OrgAdmin_Groups.checkAddGroup(OrgAdmin_Groups.java:32)
at automation.test.OrgAdmin_Groups.checkAddGroup(OrgAdmin_Groups.java:32)
at automation.test.OrgAdmin_Groups.checkAddGroup(OrgAdmin_Groups.java:32)
at automation.test.OrgAdmin_Groups.checkAddGroup(OrgAdmin_Groups.java:32)
at automation.test.OrgAdmin_Groups.checkAddGroup(OrgAdmin_Groups.java:32)
at automation.test.OrgAdmin_Groups.checkAddGroup(OrgAdmin_Groups.java:32)
at automation.test.OrgAdmin_Groups.checkAddGroup(OrgAdmin_Groups.java:32)
at automation.test.OrgAdmin_Groups.checkAddGroup(OrgAdmin_Groups.java:32)
at automation.test.OrgAdmin_Groups.checkAddGroup(OrgAdmin_Groups.java:32)
at automation.test.OrgAdmin_Groups.checkAddGroup(OrgAdmin_Groups.java:32)
at automation.test.OrgAdmin_Groups.checkAddGroup(OrgAdmin_Groups.java:32)
at automation.test.OrgAdmin_Groups.checkAddGroup(OrgAdmin_Groups.java:32)
at automation.test.OrgAdmin_Groups.checkAddGroup(OrgAdmin_Groups.java:32)
at automation.test.OrgAdmin_Groups.checkAddGroup(OrgAdmin_Groups.java:32)
at automation.test.OrgAdmin_Groups.checkAddGroup(OrgAdmin_Groups.java:32)
at automation.test.OrgAdmin_Groups.checkAddGroup(OrgAdmin_Groups.java:32)
at automation.test.OrgAdmin_Groups.checkAddGroup(OrgAdmin_Groups.java:32)
at automation.test.OrgAdmin_Groups.checkAddGroup(OrgAdmin_Groups.java:32)
at automation.test.OrgAdmin_Groups.checkAddGroup(OrgAdmin_Groups.java:32)
at automation.test.OrgAdmin_Groups.checkAddGroup(OrgAdmin_Groups.java:32)
at automation.test.OrgAdmin_Groups.checkAddGroup(OrgAdmin_Groups.java:32)
at automation.test.OrgAdmin_Groups.checkAddGroup(OrgAdmin_Groups.java:32)
at automation.test.OrgAdmin_Groups.checkAddGroup(OrgAdmin_Groups.java:32)
at automation.test.OrgAdmin_Groups.checkAddGroup(OrgAdmin_Groups.java:32)
at automation.test.OrgAdmin_Groups.checkAddGroup(OrgAdmin_Groups.java:32)
at automation.test.OrgAdmin_Groups.checkAddGroup(OrgAdmin_Groups.java:32)
at automation.test.OrgAdmin_Groups.checkAddGroup(OrgAdmin_Groups.java:32)
at automation.test.OrgAdmin_Groups.checkAddGroup(OrgAdmin_Groups.java:32)
at automation.test.OrgAdmin_Groups.checkAddGroup(OrgAdmin_Groups.java:32)
at automation.test.OrgAdmin_Groups.checkAddGroup(OrgAdmin_Groups.java:32)
at automation.test.OrgAdmin_Groups.checkAddGroup(OrgAdmin_Groups.java:32)
at automation.test.OrgAdmin_Groups.checkAddGroup(OrgAdmin_Groups.java:32)
at automation.test.OrgAdmin_Groups.checkAddGroup(OrgAdmin_Groups.java:32)
at automation.test.OrgAdmin_Groups.checkAddGroup(OrgAdmin_Groups.java:32)
at automation.test.OrgAdmin_Groups.checkAddGroup(OrgAdmin_Groups.java:32)
at automation.test.OrgAdmin_Groups.checkAddGroup(OrgAdmin_Groups.java:32)
at automation.test.OrgAdmin_Groups.checkAddGroup(OrgAdmin_Groups.java:32)
at automation.test.OrgAdmin_Groups.checkAddGroup(OrgAdmin_Groups.java:32)
at automation.test.OrgAdmin_Groups.checkAddGroup(OrgAdmin_Groups.java:32)
at automation.test.OrgAdmin_Groups.checkAddGroup(OrgAdmin_Groups.java:32)
at automation.test.OrgAdmin_Groups.checkAddGroup(OrgAdmin_Groups.java:32)
at automation.test.OrgAdmin_Groups.checkAddGroup(OrgAdmin_Groups.java:32)
at automation.test.OrgAdmin_Groups.checkAddGroup(OrgAdmin_Groups.java:32)
at automation.test.OrgAdmin_Groups.checkAddGroup(OrgAdmin_Groups.java:32)
at automation.test.OrgAdmin_Groups.checkAddGroup(OrgAdmin_Groups.java:32)
at automation.test.OrgAdmin_Groups.checkAddGroup(OrgAdmin_Groups.java:32)
at automation.test.OrgAdmin_Groups.checkAddGroup(OrgAdmin_Groups.java:32)
at automation.test.OrgAdmin_Groups.checkAddGroup(OrgAdmin_Groups.java:32)
at automation.test.OrgAdmin_Groups.checkAddGroup(OrgAdmin_Groups.java:32)
at automation.test.OrgAdmin_Groups.checkAddGroup(OrgAdmin_Groups.java:32)
at automation.test.OrgAdmin_Groups.checkAddGroup(OrgAdmin_Groups.java:32)
at automation.test.OrgAdmin_Groups.checkAddGroup(OrgAdmin_Groups.java:32)
at automation.test.OrgAdmin_Groups.checkAddGroup(OrgAdmin_Groups.java:32)
at automation.test.OrgAdmin_Groups.checkAddGroup(OrgAdmin_Groups.java:32)
at automation.test.OrgAdmin_Groups.checkAddGroup(OrgAdmin_Groups.java:32)
at automation.test.OrgAdmin_Groups.checkAddGroup(OrgAdmin_Groups.java:32)
at automation.test.OrgAdmin_Groups.checkAddGroup(OrgAdmin_Groups.java:32)
at automation.test.OrgAdmin_Groups.checkAddGroup(OrgAdmin_Groups.java:32)
at automation.test.OrgAdmin_Groups.checkAddGroup(OrgAdmin_Groups.java:32)
at automation.test.OrgAdmin_Groups.checkAddGroup(OrgAdmin_Groups.java:32)
at automation.test.OrgAdmin_Groups.checkAddGroup(OrgAdmin_Groups.java:32)
at automation.test.OrgAdmin_Groups.checkAddGroup(OrgAdmin_Groups.java:32)
at automation.test.OrgAdmin_Groups.checkAddGroup(OrgAdmin_Groups.java:32)
at automation.test.OrgAdmin_Groups.checkAddGroup(OrgAdmin_Groups.java:32)
at automation.test.OrgAdmin_Groups.checkAddGroup(OrgAdmin_Groups.java:32)
at automation.test.OrgAdmin_Groups.checkAddGroup(OrgAdmin_Groups.java:32)
at automation.test.OrgAdmin_Groups.checkAddGroup(OrgAdmin_Groups.java:32)
at automation.test.OrgAdmin_Groups.checkAddGroup(OrgAdmin_Groups.java:32)
at automation.test.OrgAdmin_Groups.checkAddGroup(OrgAdmin_Groups.java:32)
at automation.test.OrgAdmin_Groups.checkAddGroup(OrgAdmin_Groups.java:32)
at automation.test.OrgAdmin_Groups.checkAddGroup(OrgAdmin_Groups.java:32)
at automation.test.OrgAdmin_Groups.checkAddGroup(OrgAdmin_Groups.java:32)
at automation.test.OrgAdmin_Groups.checkAddGroup(OrgAdmin_Groups.java:32)
at automation.test.OrgAdmin_Groups.checkAddGroup(OrgAdmin_Groups.java:32)
at automation.test.OrgAdmin_Groups.checkAddGroup(OrgAdmin_Groups.java:32)
at automation.test.OrgAdmin_Groups.checkAddGroup(OrgAdmin_Groups.java:32)
at automation.test.OrgAdmin_Groups.checkAddGroup(OrgAdmin_Groups.java:32)
at automation.test.OrgAdmin_Groups.checkAddGroup(OrgAdmin_Groups.java:32)
at automation.test.OrgAdmin_Groups.checkAddGroup(OrgAdmin_Groups.java:32)
at automation.test.OrgAdmin_Groups.checkAddGroup(OrgAdmin_Groups.java:32)
at automation.test.OrgAdmin_Groups.checkAddGroup(OrgAdmin_Groups.java:32)
at automation.test.OrgAdmin_Groups.checkAddGroup(OrgAdmin_Groups.java:32)
at automation.test.OrgAdmin_Groups.checkAddGroup(OrgAdmin_Groups.java:32)
at automation.test.OrgAdmin_Groups.checkAddGroup(OrgAdmin_Groups.java:32)
at automation.test.OrgAdmin_Groups.checkAddGroup(OrgAdmin_Groups.java:32)
at automation.test.OrgAdmin_Groups.checkAddGroup(OrgAdmin_Groups.java:32)
at automation.test.OrgAdmin_Groups.checkAddGroup(OrgAdmin_Groups.java:32)
at automation.test.OrgAdmin_Groups.checkAddGroup(OrgAdmin_Groups.java:32)
at automation.test.OrgAdmin_Groups.checkAddGroup(OrgAdmin_Groups.java:32)
at automation.test.OrgAdmin_Groups.checkAddGroup(OrgAdmin_Groups.java:32)
at automation.test.OrgAdmin_Groups.checkAddGroup(OrgAdmin_Groups.java:32)
at automation.test.OrgAdmin_Groups.checkAddGroup(OrgAdmin_Groups.java:32)
at automation.test.OrgAdmin_Groups.checkAddGroup(OrgAdmin_Groups.java:32)
at automation.test.OrgAdmin_Groups.checkAddGroup(OrgAdmin_Groups.java:32)
at automation.test.OrgAdmin_Groups.checkAddGroup(OrgAdmin_Groups.java:32)
at automation.test.OrgAdmin_Groups.checkAddGroup(OrgAdmin_Groups.java:32)
at automation.test.OrgAdmin_Groups.checkAddGroup(OrgAdmin_Groups.java:32)
at automation.test.OrgAdmin_Groups.checkAddGroup(OrgAdmin_Groups.java:32)
at automation.test.OrgAdmin_Groups.checkAddGroup(OrgAdmin_Groups.java:32)
at automation.test.OrgAdmin_Groups.checkAddGroup(OrgAdmin_Groups.java:32)
at automation.test.OrgAdmin_Groups.checkAddGroup(OrgAdmin_Groups.java:32)
at automation.test.OrgAdmin_Groups.checkAddGroup(OrgAdmin_Groups.java:32)
at automation.test.OrgAdmin_Groups.checkAddGroup(OrgAdmin_Groups.java:32)
at automation.test.OrgAdmin_Groups.checkAddGroup(OrgAdmin_Groups.java:32)
at automation.test.OrgAdmin_Groups.checkAddGroup(OrgAdmin_Groups.java:32)
at automation.test.OrgAdmin_Groups.checkAddGroup(OrgAdmin_Groups.java:32)
at automation.test.OrgAdmin_Groups.checkAddGroup(OrgAdmin_Groups.java:32)
at automation.test.OrgAdmin_Groups.checkAddGroup(OrgAdmin_Groups.java:32)
at automation.test.OrgAdmin_Groups.checkAddGroup(OrgAdmin_Groups.java:32)
at automation.test.OrgAdmin_Groups.checkAddGroup(OrgAdmin_Groups.java:32)
at automation.test.OrgAdmin_Groups.checkAddGroup(OrgAdmin_Groups.java:32)
at automation.test.OrgAdmin_Groups.checkAddGroup(OrgAdmin_Groups.java:32)
at automation.test.OrgAdmin_Groups.checkAddGroup(OrgAdmin_Groups.java:32)
at automation.test.OrgAdmin_Groups.checkAddGroup(OrgAdmin_Groups.java:32)
at automation.test.OrgAdmin_Groups.checkAddGroup(OrgAdmin_Groups.java:32)
at automation.test.OrgAdmin_Groups.checkAddGroup(OrgAdmin_Groups.java:32)
at automation.test.OrgAdmin_Groups.checkAddGroup(OrgAdmin_Groups.java:32)
at automation.test.OrgAdmin_Groups.checkAddGroup(OrgAdmin_Groups.java:32)
at automation.test.OrgAdmin_Groups.checkAddGroup(OrgAdmin_Groups.java:32)
at automation.test.OrgAdmin_Groups.checkAddGroup(OrgAdmin_Groups.java:32)
at automation.test.OrgAdmin_Groups.checkAddGroup(OrgAdmin_Groups.java:32)
at automation.test.OrgAdmin_Groups.checkAddGroup(OrgAdmin_Groups.java:32)
at automation.test.OrgAdmin_Groups.checkAddGroup(OrgAdmin_Groups.java:32)
at automation.test.OrgAdmin_Groups.checkAddGroup(OrgAdmin_Groups.java:32)
at automation.test.OrgAdmin_Groups.checkAddGroup(OrgAdmin_Groups.java:32)
at automation.test.OrgAdmin_Groups.checkAddGroup(OrgAdmin_Groups.java:32)
at automation.test.OrgAdmin_Groups.checkAddGroup(OrgAdmin_Groups.java:32)
at automation.test.OrgAdmin_Groups.checkAddGroup(OrgAdmin_Groups.java:32)
at automation.test.OrgAdmin_Groups.checkAddGroup(OrgAdmin_Groups.java:32)
at automation.test.OrgAdmin_Groups.checkAddGroup(OrgAdmin_Groups.java:32)
at automation.test.OrgAdmin_Groups.checkAddGroup(OrgAdmin_Groups.java:32)
at automation.test.OrgAdmin_Groups.checkAddGroup(OrgAdmin_Groups.java:32)
at automation.test.OrgAdmin_Groups.checkAddGroup(OrgAdmin_Groups.java:32)
at automation.test.OrgAdmin_Groups.checkAddGroup(OrgAdmin_Groups.java:32)
at automation.test.OrgAdmin_Groups.checkAddGroup(OrgAdmin_Groups.java:32)
at automation.test.OrgAdmin_Groups.checkAddGroup(OrgAdmin_Groups.java:32)
at automation.test.OrgAdmin_Groups.checkAddGroup(OrgAdmin_Groups.java:32)
at automation.test.OrgAdmin_Groups.checkAddGroup(OrgAdmin_Groups.java:32)
at automation.test.OrgAdmin_Groups.checkAddGroup(OrgAdmin_Groups.java:32)
at automation.test.OrgAdmin_Groups.checkAddGroup(OrgAdmin_Groups.java:32)
at automation.test.OrgAdmin_Groups.checkAddGroup(OrgAdmin_Groups.java:32)
at automation.test.OrgAdmin_Groups.checkAddGroup(OrgAdmin_Groups.java:32)
at automation.test.OrgAdmin_Groups.checkAddGroup(OrgAdmin_Groups.java:32)
at automation.test.OrgAdmin_Groups.checkAddGroup(OrgAdmin_Groups.java:32)
at automation.test.OrgAdmin_Groups.checkAddGroup(OrgAdmin_Groups.java:32)
at automation.test.OrgAdmin_Groups.checkAddGroup(OrgAdmin_Groups.java:32)
at automation.test.OrgAdmin_Groups.checkAddGroup(OrgAdmin_Groups.java:32)
at automation.test.OrgAdmin_Groups.checkAddGroup(OrgAdmin_Groups.java:32)
at automation.test.OrgAdmin_Groups.checkAddGroup(OrgAdmin_Groups.java:32)
at automation.test.OrgAdmin_Groups.checkAddGroup(OrgAdmin_Groups.java:32)
at automation.test.OrgAdmin_Groups.checkAddGroup(OrgAdmin_Groups.java:32)
at automation.test.OrgAdmin_Groups.checkAddGroup(OrgAdmin_Groups.java:32)
at automation.test.OrgAdmin_Groups.checkAddGroup(OrgAdmin_Groups.java:32)
at automation.test.OrgAdmin_Groups.checkAddGroup(OrgAdmin_Groups.java:32)
at automation.test.OrgAdmin_Groups.checkAddGroup(OrgAdmin_Groups.java:32)
at automation.test.OrgAdmin_Groups.checkAddGroup(OrgAdmin_Groups.java:32)
at automation.test.OrgAdmin_Groups.checkAddGroup(OrgAdmin_Groups.java:32)
at automation.test.OrgAdmin_Groups.checkAddGroup(OrgAdmin_Groups.java:32)
at automation.test.OrgAdmin_Groups.checkAddGroup(OrgAdmin_Groups.java:32)
at automation.test.OrgAdmin_Groups.checkAddGroup(OrgAdmin_Groups.java:32)
at automation.test.OrgAdmin_Groups.checkAddGroup(OrgAdmin_Groups.java:32)
at automation.test.OrgAdmin_Groups.checkAddGroup(OrgAdmin_Groups.java:32)
at automation.test.OrgAdmin_Groups.checkAddGroup(OrgAdmin_Groups.java:32)
at automation.test.OrgAdmin_Groups.checkAddGroup(OrgAdmin_Groups.java:32)
at automation.test.OrgAdmin_Groups.checkAddGroup(OrgAdmin_Groups.java:32)
at automation.test.OrgAdmin_Groups.checkAddGroup(OrgAdmin_Groups.java:32)
at automation.test.OrgAdmin_Groups.checkAddGroup(OrgAdmin_Groups.java:32)
at automation.test.OrgAdmin_Groups.checkAddGroup(OrgAdmin_Groups.java:32)
at automation.test.OrgAdmin_Groups.checkAddGroup(OrgAdmin_Groups.java:32)
at automation.test.OrgAdmin_Groups.checkAddGroup(OrgAdmin_Groups.java:32)
at automation.test.OrgAdmin_Groups.checkAddGroup(OrgAdmin_Groups.java:32)
at automation.test.OrgAdmin_Groups.checkAddGroup(OrgAdmin_Groups.java:32)
at automation.test.OrgAdmin_Groups.checkAddGroup(OrgAdmin_Groups.java:32)
at automation.test.OrgAdmin_Groups.checkAddGroup(OrgAdmin_Groups.java:32)
at automation.test.OrgAdmin_Groups.checkAddGroup(OrgAdmin_Groups.java:32)
at automation.test.OrgAdmin_Groups.checkAddGroup(OrgAdmin_Groups.java:32)
at automation.test.OrgAdmin_Groups.checkAddGroup(OrgAdmin_Groups.java:32)
at automation.test.OrgAdmin_Groups.checkAddGroup(OrgAdmin_Groups.java:32)
at automation.test.OrgAdmin_Groups.checkAddGroup(OrgAdmin_Groups.java:32)
at automation.test.OrgAdmin_Groups.checkAddGroup(OrgAdmin_Groups.java:32)
at automation.test.OrgAdmin_Groups.checkAddGroup(OrgAdmin_Groups.java:32)
at automation.test.OrgAdmin_Groups.checkAddGroup(OrgAdmin_Groups.java:32)
at automation.test.OrgAdmin_Groups.checkAddGroup(OrgAdmin_Groups.java:32)
at automation.test.OrgAdmin_Groups.checkAddGroup(OrgAdmin_Groups.java:32)
at automation.test.OrgAdmin_Groups.checkAddGroup(OrgAdmin_Groups.java:32)
at automation.test.OrgAdmin_Groups.checkAddGroup(OrgAdmin_Groups.java:32)
at automation.test.OrgAdmin_Groups.checkAddGroup(OrgAdmin_Groups.java:32)
at automation.test.OrgAdmin_Groups.checkAddGroup(OrgAdmin_Groups.java:32)
at automation.test.OrgAdmin_Groups.checkAddGroup(OrgAdmin_Groups.java:32)
at automation.test.OrgAdmin_Groups.checkAddGroup(OrgAdmin_Groups.java:32)
at automation.test.OrgAdmin_Groups.checkAddGroup(OrgAdmin_Groups.java:32)
at automation.test.OrgAdmin_Groups.checkAddGroup(OrgAdmin_Groups.java:32)
at automation.test.OrgAdmin_Groups.checkAddGroup(OrgAdmin_Groups.java:32)
at automation.test.OrgAdmin_Groups.checkAddGroup(OrgAdmin_Groups.java:32)
at automation.test.OrgAdmin_Groups.checkAddGroup(OrgAdmin_Groups.java:32)
at automation.test.OrgAdmin_Groups.checkAddGroup(OrgAdmin_Groups.java:32)
at automation.test.OrgAdmin_Groups.checkAddGroup(OrgAdmin_Groups.java:32)
at automation.test.OrgAdmin_Groups.checkAddGroup(OrgAdmin_Groups.java:32)
at automation.test.OrgAdmin_Groups.checkAddGroup(OrgAdmin_Groups.java:32)
at automation.test.OrgAdmin_Groups.checkAddGroup(OrgAdmin_Groups.java:32)
at automation.test.OrgAdmin_Groups.checkAddGroup(OrgAdmin_Groups.java:32)
at automation.test.OrgAdmin_Groups.checkAddGroup(OrgAdmin_Groups.java:32)
at automation.test.OrgAdmin_Groups.checkAddGroup(OrgAdmin_Groups.java:32)
at automation.test.OrgAdmin_Groups.checkAddGroup(OrgAdmin_Groups.java:32)
at automation.test.OrgAdmin_Groups.checkAddGroup(OrgAdmin_Groups.java:32)
at automation.test.OrgAdmin_Groups.checkAddGroup(OrgAdmin_Groups.java:32)
at automation.test.OrgAdmin_Groups.checkAddGroup(OrgAdmin_Groups.java:32)
at automation.test.OrgAdmin_Groups.checkAddGroup(OrgAdmin_Groups.java:32)
at automation.test.OrgAdmin_Groups.checkAddGroup(OrgAdmin_Groups.java:32)
at automation.test.OrgAdmin_Groups.checkAddGroup(OrgAdmin_Groups.java:32)
at automation.test.OrgAdmin_Groups.checkAddGroup(OrgAdmin_Groups.java:32)
at automation.test.OrgAdmin_Groups.checkAddGroup(OrgAdmin_Groups.java:32)
at automation.test.OrgAdmin_Groups.checkAddGroup(OrgAdmin_Groups.java:32)
at automation.test.OrgAdmin_Groups.checkAddGroup(OrgAdmin_Groups.java:32)
at automation.test.OrgAdmin_Groups.checkAddGroup(OrgAdmin_Groups.java:32)
at automation.test.OrgAdmin_Groups.checkAddGroup(OrgAdmin_Groups.java:32)
at automation.test.OrgAdmin_Groups.checkAddGroup(OrgAdmin_Groups.java:32)
at automation.test.OrgAdmin_Groups.checkAddGroup(OrgAdmin_Groups.java:32)
at automation.test.OrgAdmin_Groups.checkAddGroup(OrgAdmin_Groups.java:32)
at automation.test.OrgAdmin_Groups.checkAddGroup(OrgAdmin_Groups.java:32)
at automation.test.OrgAdmin_Groups.checkAddGroup(OrgAdmin_Groups.java:32)
at automation.test.OrgAdmin_Groups.checkAddGroup(OrgAdmin_Groups.java:32)
at automation.test.OrgAdmin_Groups.checkAddGroup(OrgAdmin_Groups.java:32)
at automation.test.OrgAdmin_Groups.checkAddGroup(OrgAdmin_Groups.java:32)
at automation.test.OrgAdmin_Groups.checkAddGroup(OrgAdmin_Groups.java:32)
at automation.test.OrgAdmin_Groups.checkAddGroup(OrgAdmin_Groups.java:32)
at automation.test.OrgAdmin_Groups.checkAddGroup(OrgAdmin_Groups.java:32)
at automation.test.OrgAdmin_Groups.checkAddGroup(OrgAdmin_Groups.java:32)
at automation.test.OrgAdmin_Groups.checkAddGroup(OrgAdmin_Groups.java:32)
at automation.test.OrgAdmin_Groups.checkAddGroup(OrgAdmin_Groups.java:32)
at automation.test.OrgAdmin_Groups.checkAddGroup(OrgAdmin_Groups.java:32)
at automation.test.OrgAdmin_Groups.checkAddGroup(OrgAdmin_Groups.java:32)
at automation.test.OrgAdmin_Groups.checkAddGroup(OrgAdmin_Groups.java:32)
at automation.test.OrgAdmin_Groups.checkAddGroup(OrgAdmin_Groups.java:32)
at automation.test.OrgAdmin_Groups.checkAddGroup(OrgAdmin_Groups.java:32)
at automation.test.OrgAdmin_Groups.checkAddGroup(OrgAdmin_Groups.java:32)
at automation.test.OrgAdmin_Groups.checkAddGroup(OrgAdmin_Groups.java:32)
at automation.test.OrgAdmin_Groups.checkAddGroup(OrgAdmin_Groups.java:32)
at automation.test.OrgAdmin_Groups.checkAddGroup(OrgAdmin_Groups.java:32)
at automation.test.OrgAdmin_Groups.checkAddGroup(OrgAdmin_Groups.java:32)
at automation.test.OrgAdmin_Groups.checkAddGroup(OrgAdmin_Groups.java:32)
at automation.test.OrgAdmin_Groups.checkAddGroup(OrgAdmin_Groups.java:32)
at automation.test.OrgAdmin_Groups.checkAddGroup(OrgAdmin_Groups.java:32)
at automation.test.OrgAdmin_Groups.checkAddGroup(OrgAdmin_Groups.java:32)
at automation.test.OrgAdmin_Groups.checkAddGroup(OrgAdmin_Groups.java:32)
at automation.test.OrgAdmin_Groups.checkAddGroup(OrgAdmin_Groups.java:32)
at automation.test.OrgAdmin_Groups.checkAddGroup(OrgAdmin_Groups.java:32)
at automation.test.OrgAdmin_Groups.checkAddGroup(OrgAdmin_Groups.java:32)
at automation.test.OrgAdmin_Groups.checkAddGroup(OrgAdmin_Groups.java:32)
at automation.test.OrgAdmin_Groups.checkAddGroup(OrgAdmin_Groups.java:32)
at automation.test.OrgAdmin_Groups.checkAddGroup(OrgAdmin_Groups.java:32)
at automation.test.OrgAdmin_Groups.checkAddGroup(OrgAdmin_Groups.java:32)
at automation.test.OrgAdmin_Groups.checkAddGroup(OrgAdmin_Groups.java:32)
at automation.test.OrgAdmin_Groups.checkAddGroup(OrgAdmin_Groups.java:32)
at automation.test.OrgAdmin_Groups.checkAddGroup(OrgAdmin_Groups.java:32)
at automation.test.OrgAdmin_Groups.checkAddGroup(OrgAdmin_Groups.java:32)
at automation.test.OrgAdmin_Groups.checkAddGroup(OrgAdmin_Groups.java:32)
at automation.test.OrgAdmin_Groups.checkAddGroup(OrgAdmin_Groups.java:32)
at automation.test.OrgAdmin_Groups.checkAddGroup(OrgAdmin_Groups.java:32)
at automation.test.OrgAdmin_Groups.checkAddGroup(OrgAdmin_Groups.java:32)
at automation.test.OrgAdmin_Groups.checkAddGroup(OrgAdmin_Groups.java:32)
at automation.test.OrgAdmin_Groups.checkAddGroup(OrgAdmin_Groups.java:32)
at automation.test.OrgAdmin_Groups.checkAddGroup(OrgAdmin_Groups.java:32)
at automation.test.OrgAdmin_Groups.checkAddGroup(OrgAdmin_Groups.java:32)
at automation.test.OrgAdmin_Groups.checkAddGroup(OrgAdmin_Groups.java:32)
at automation.test.OrgAdmin_Groups.checkAddGroup(OrgAdmin_Groups.java:32)
at automation.test.OrgAdmin_Groups.checkAddGroup(OrgAdmin_Groups.java:32)
at automation.test.OrgAdmin_Groups.checkAddGroup(OrgAdmin_Groups.java:32)
at automation.test.OrgAdmin_Groups.checkAddGroup(OrgAdmin_Groups.java:32)
at automation.test.OrgAdmin_Groups.checkAddGroup(OrgAdmin_Groups.java:32)
at automation.test.OrgAdmin_Groups.checkAddGroup(OrgAdmin_Groups.java:32)
at automation.test.OrgAdmin_Groups.checkAddGroup(OrgAdmin_Groups.java:32)
at automation.test.OrgAdmin_Groups.checkAddGroup(OrgAdmin_Groups.java:32)
at automation.test.OrgAdmin_Groups.checkAddGroup(OrgAdmin_Groups.java:32)
at automation.test.OrgAdmin_Groups.checkAddGroup(OrgAdmin_Groups.java:32)
at automation.test.OrgAdmin_Groups.checkAddGroup(OrgAdmin_Groups.java:32)
at automation.test.OrgAdmin_Groups.checkAddGroup(OrgAdmin_Groups.java:32)
at automation.test.OrgAdmin_Groups.checkAddGroup(OrgAdmin_Groups.java:32)
at automation.test.OrgAdmin_Groups.checkAddGroup(OrgAdmin_Groups.java:32)
at automation.test.OrgAdmin_Groups.checkAddGroup(OrgAdmin_Groups.java:32)
at automation.test.OrgAdmin_Groups.checkAddGroup(OrgAdmin_Groups.java:32)
at automation.test.OrgAdmin_Groups.checkAddGroup(OrgAdmin_Groups.java:32)
at automation.test.OrgAdmin_Groups.checkAddGroup(OrgAdmin_Groups.java:32)
at automation.test.OrgAdmin_Groups.checkAddGroup(OrgAdmin_Groups.java:32)
at automation.test.OrgAdmin_Groups.checkAddGroup(OrgAdmin_Groups.java:32)
at automation.test.OrgAdmin_Groups.checkAddGroup(OrgAdmin_Groups.java:32)
at automation.test.OrgAdmin_Groups.checkAddGroup(OrgAdmin_Groups.java:32)
at automation.test.OrgAdmin_Groups.checkAddGroup(OrgAdmin_Groups.java:32)
at automation.test.OrgAdmin_Groups.checkAddGroup(OrgAdmin_Groups.java:32)
at automation.test.OrgAdmin_Groups.checkAddGroup(OrgAdmin_Groups.java:32)
at automation.test.OrgAdmin_Groups.checkAddGroup(OrgAdmin_Groups.java:32)
at automation.test.OrgAdmin_Groups.checkAddGroup(OrgAdmin_Groups.java:32)
at automation.test.OrgAdmin_Groups.checkAddGroup(OrgAdmin_Groups.java:32)
at automation.test.OrgAdmin_Groups.checkAddGroup(OrgAdmin_Groups.java:32)
at automation.test.OrgAdmin_Groups.checkAddGroup(OrgAdmin_Groups.java:32)
at automation.test.OrgAdmin_Groups.checkAddGroup(OrgAdmin_Groups.java:32)
at automation.test.OrgAdmin_Groups.checkAddGroup(OrgAdmin_Groups.java:32)
at automation.test.OrgAdmin_Groups.checkAddGroup(OrgAdmin_Groups.java:32)
at automation.test.OrgAdmin_Groups.checkAddGroup(OrgAdmin_Groups.java:32)
at automation.test.OrgAdmin_Groups.checkAddGroup(OrgAdmin_Groups.java:32)
at automation.test.OrgAdmin_Groups.checkAddGroup(OrgAdmin_Groups.java:32)
at automation.test.OrgAdmin_Groups.checkAddGroup(OrgAdmin_Groups.java:32)
at automation.test.OrgAdmin_Groups.checkAddGroup(OrgAdmin_Groups.java:32)
at automation.test.OrgAdmin_Groups.checkAddGroup(OrgAdmin_Groups.java:32)
at automation.test.OrgAdmin_Groups.checkAddGroup(OrgAdmin_Groups.java:32)
at automation.test.OrgAdmin_Groups.checkAddGroup(OrgAdmin_Groups.java:32)
at automation.test.OrgAdmin_Groups.checkAddGroup(OrgAdmin_Groups.java:32)
at automation.test.OrgAdmin_Groups.checkAddGroup(OrgAdmin_Groups.java:32)
at automation.test.OrgAdmin_Groups.checkAddGroup(OrgAdmin_Groups.java:32)
at automation.test.OrgAdmin_Groups.checkAddGroup(OrgAdmin_Groups.java:32)
at automation.test.OrgAdmin_Groups.checkAddGroup(OrgAdmin_Groups.java:32)
at automation.test.OrgAdmin_Groups.checkAddGroup(OrgAdmin_Groups.java:32)
at automation.test.OrgAdmin_Groups.checkAddGroup(OrgAdmin_Groups.java:32)
at automation.test.OrgAdmin_Groups.checkAddGroup(OrgAdmin_Groups.java:32)
at automation.test.OrgAdmin_Groups.checkAddGroup(OrgAdmin_Groups.java:32)
at automation.test.OrgAdmin_Groups.checkAddGroup(OrgAdmin_Groups.java:32)
at automation.test.OrgAdmin_Groups.checkAddGroup(OrgAdmin_Groups.java:32)
at automation.test.OrgAdmin_Groups.checkAddGroup(OrgAdmin_Groups.java:32)
at automation.test.OrgAdmin_Groups.checkAddGroup(OrgAdmin_Groups.java:32)
at automation.test.OrgAdmin_Groups.checkAddGroup(OrgAdmin_Groups.java:32)
at automation.test.OrgAdmin_Groups.checkAddGroup(OrgAdmin_Groups.java:32)
at automation.test.OrgAdmin_Groups.checkAddGroup(OrgAdmin_Groups.java:32)
at automation.test.OrgAdmin_Groups.checkAddGroup(OrgAdmin_Groups.java:32)
at automation.test.OrgAdmin_Groups.checkAddGroup(OrgAdmin_Groups.java:32)
at automation.test.OrgAdmin_Groups.checkAddGroup(OrgAdmin_Groups.java:32)
at automation.test.OrgAdmin_Groups.checkAddGroup(OrgAdmin_Groups.java:32)
at automation.test.OrgAdmin_Groups.checkAddGroup(OrgAdmin_Groups.java:32)
at automation.test.OrgAdmin_Groups.checkAddGroup(OrgAdmin_Groups.java:32)
at automation.test.OrgAdmin_Groups.checkAddGroup(OrgAdmin_Groups.java:32)
at automation.test.OrgAdmin_Groups.checkAddGroup(OrgAdmin_Groups.java:32)
at automation.test.OrgAdmin_Groups.checkAddGroup(OrgAdmin_Groups.java:32)
at automation.test.OrgAdmin_Groups.checkAddGroup(OrgAdmin_Groups.java:32)
at automation.test.OrgAdmin_Groups.checkAddGroup(OrgAdmin_Groups.java:32)
at automation.test.OrgAdmin_Groups.checkAddGroup(OrgAdmin_Groups.java:32)
at automation.test.OrgAdmin_Groups.checkAddGroup(OrgAdmin_Groups.java:32)
at automation.test.OrgAdmin_Groups.checkAddGroup(OrgAdmin_Groups.java:32)
at automation.test.OrgAdmin_Groups.checkAddGroup(OrgAdmin_Groups.java:32)
at automation.test.OrgAdmin_Groups.checkAddGroup(OrgAdmin_Groups.java:32)
at automation.test.OrgAdmin_Groups.checkAddGroup(OrgAdmin_Groups.java:32)
at automation.test.OrgAdmin_Groups.checkAddGroup(OrgAdmin_Groups.java:32)
at automation.test.OrgAdmin_Groups.checkAddGroup(OrgAdmin_Groups.java:32)
at automation.test.OrgAdmin_Groups.checkAddGroup(OrgAdmin_Groups.java:32)
at automation.test.OrgAdmin_Groups.checkAddGroup(OrgAdmin_Groups.java:32)
at automation.test.OrgAdmin_Groups.checkAddGroup(OrgAdmin_Groups.java:32)
at automation.test.OrgAdmin_Groups.checkAddGroup(OrgAdmin_Groups.java:32)
at automation.test.OrgAdmin_Groups.checkAddGroup(OrgAdmin_Groups.java:32)
at automation.test.OrgAdmin_Groups.checkAddGroup(OrgAdmin_Groups.java:32)
at automation.test.OrgAdmin_Groups.checkAddGroup(OrgAdmin_Groups.java:32)
at automation.test.OrgAdmin_Groups.checkAddGroup(OrgAdmin_Groups.java:32)
at automation.test.OrgAdmin_Groups.checkAddGroup(OrgAdmin_Groups.java:32)
at automation.test.OrgAdmin_Groups.checkAddGroup(OrgAdmin_Groups.java:32)
at automation.test.OrgAdmin_Groups.checkAddGroup(OrgAdmin_Groups.java:32)
at automation.test.OrgAdmin_Groups.checkAddGroup(OrgAdmin_Groups.java:32)
at automation.test.OrgAdmin_Groups.checkAddGroup(OrgAdmin_Groups.java:32)
at automation.test.OrgAdmin_Groups.checkAddGroup(OrgAdmin_Groups.java:32)
at automation.test.OrgAdmin_Groups.checkAddGroup(OrgAdmin_Groups.java:32)
at automation.test.OrgAdmin_Groups.checkAddGroup(OrgAdmin_Groups.java:32)
at automation.test.OrgAdmin_Groups.checkAddGroup(OrgAdmin_Groups.java:32)
at automation.test.OrgAdmin_Groups.checkAddGroup(OrgAdmin_Groups.java:32)
at automation.test.OrgAdmin_Groups.checkAddGroup(OrgAdmin_Groups.java:32)
at automation.test.OrgAdmin_Groups.checkAddGroup(OrgAdmin_Groups.java:32)
at automation.test.OrgAdmin_Groups.checkAddGroup(OrgAdmin_Groups.java:32)
at automation.test.OrgAdmin_Groups.checkAddGroup(OrgAdmin_Groups.java:32)
at automation.test.OrgAdmin_Groups.checkAddGroup(OrgAdmin_Groups.java:32)
at automation.test.OrgAdmin_Groups.checkAddGroup(OrgAdmin_Groups.java:32)
at automation.test.OrgAdmin_Groups.checkAddGroup(OrgAdmin_Groups.java:32)
at automation.test.OrgAdmin_Groups.checkAddGroup(OrgAdmin_Groups.java:32)
at automation.test.OrgAdmin_Groups.checkAddGroup(OrgAdmin_Groups.java:32)
at automation.test.OrgAdmin_Groups.checkAddGroup(OrgAdmin_Groups.java:32)
at automation.test.OrgAdmin_Groups.checkAddGroup(OrgAdmin_Groups.java:32)
at automation.test.OrgAdmin_Groups.checkAddGroup(OrgAdmin_Groups.java:32)
at automation.test.OrgAdmin_Groups.checkAddGroup(OrgAdmin_Groups.java:32)
at automation.test.OrgAdmin_Groups.checkAddGroup(OrgAdmin_Groups.java:32)
at automation.test.OrgAdmin_Groups.checkAddGroup(OrgAdmin_Groups.java:32)
at automation.test.OrgAdmin_Groups.checkAddGroup(OrgAdmin_Groups.java:32)
at automation.test.OrgAdmin_Groups.checkAddGroup(OrgAdmin_Groups.java:32)
at automation.test.OrgAdmin_Groups.checkAddGroup(OrgAdmin_Groups.java:32)
at automation.test.OrgAdmin_Groups.checkAddGroup(OrgAdmin_Groups.java:32)
at automation.test.OrgAdmin_Groups.checkAddGroup(OrgAdmin_Groups.java:32)
at automation.test.OrgAdmin_Groups.checkAddGroup(OrgAdmin_Groups.java:32)
at automation.test.OrgAdmin_Groups.checkAddGroup(OrgAdmin_Groups.java:32)
at automation.test.OrgAdmin_Groups.checkAddGroup(OrgAdmin_Groups.java:32)
at automation.test.OrgAdmin_Groups.checkAddGroup(OrgAdmin_Groups.java:32)
at automation.test.OrgAdmin_Groups.checkAddGroup(OrgAdmin_Groups.java:32)
at automation.test.OrgAdmin_Groups.checkAddGroup(OrgAdmin_Groups.java:32)
at automation.test.OrgAdmin_Groups.checkAddGroup(OrgAdmin_Groups.java:32)
at automation.test.OrgAdmin_Groups.checkAddGroup(OrgAdmin_Groups.java:32)
at automation.test.OrgAdmin_Groups.checkAddGroup(OrgAdmin_Groups.java:32)
at automation.test.OrgAdmin_Groups.checkAddGroup(OrgAdmin_Groups.java:32)
at automation.test.OrgAdmin_Groups.checkAddGroup(OrgAdmin_Groups.java:32)
at automation.test.OrgAdmin_Groups.checkAddGroup(OrgAdmin_Groups.java:32)
at automation.test.OrgAdmin_Groups.checkAddGroup(OrgAdmin_Groups.java:32)
at automation.test.OrgAdmin_Groups.checkAddGroup(OrgAdmin_Groups.java:32)
at automation.test.OrgAdmin_Groups.checkAddGroup(OrgAdmin_Groups.java:32)
at automation.test.OrgAdmin_Groups.checkAddGroup(OrgAdmin_Groups.java:32)
at automation.test.OrgAdmin_Groups.checkAddGroup(OrgAdmin_Groups.java:32)
at automation.test.OrgAdmin_Groups.checkAddGroup(OrgAdmin_Groups.java:32)
at automation.test.OrgAdmin_Groups.checkAddGroup(OrgAdmin_Groups.java:32)
at automation.test.OrgAdmin_Groups.checkAddGroup(OrgAdmin_Groups.java:32)
at automation.test.OrgAdmin_Groups.checkAddGroup(OrgAdmin_Groups.java:32)
at automation.test.OrgAdmin_Groups.checkAddGroup(OrgAdmin_Groups.java:32)
at automation.test.OrgAdmin_Groups.checkAddGroup(OrgAdmin_Groups.java:32)
at automation.test.OrgAdmin_Groups.checkAddGroup(OrgAdmin_Groups.java:32)
at automation.test.OrgAdmin_Groups.checkAddGroup(OrgAdmin_Groups.java:32)
at automation.test.OrgAdmin_Groups.checkAddGroup(OrgAdmin_Groups.java:32)
at automation.test.OrgAdmin_Groups.checkAddGroup(OrgAdmin_Groups.java:32)
at automation.test.OrgAdmin_Groups.checkAddGroup(OrgAdmin_Groups.java:32)
at automation.test.OrgAdmin_Groups.checkAddGroup(OrgAdmin_Groups.java:32)
at automation.test.OrgAdmin_Groups.checkAddGroup(OrgAdmin_Groups.java:32)
at automation.test.OrgAdmin_Groups.checkAddGroup(OrgAdmin_Groups.java:32)
at automation.test.OrgAdmin_Groups.checkAddGroup(OrgAdmin_Groups.java:32)
at automation.test.OrgAdmin_Groups.checkAddGroup(OrgAdmin_Groups.java:32)
at automation.test.OrgAdmin_Groups.checkAddGroup(OrgAdmin_Groups.java:32)
at automation.test.OrgAdmin_Groups.checkAddGroup(OrgAdmin_Groups.java:32)
at automation.test.OrgAdmin_Groups.checkAddGroup(OrgAdmin_Groups.java:32)
at automation.test.OrgAdmin_Groups.checkAddGroup(OrgAdmin_Groups.java:32)
at automation.test.OrgAdmin_Groups.checkAddGroup(OrgAdmin_Groups.java:32)
at automation.test.OrgAdmin_Groups.checkAddGroup(OrgAdmin_Groups.java:32)
at automation.test.OrgAdmin_Groups.checkAddGroup(OrgAdmin_Groups.java:32)
at automation.test.OrgAdmin_Groups.checkAddGroup(OrgAdmin_Groups.java:32)
at automation.test.OrgAdmin_Groups.checkAddGroup(OrgAdmin_Groups.java:32)
at automation.test.OrgAdmin_Groups.checkAddGroup(OrgAdmin_Groups.java:32)
at automation.test.OrgAdmin_Groups.checkAddGroup(OrgAdmin_Groups.java:32)
at automation.test.OrgAdmin_Groups.checkAddGroup(OrgAdmin_Groups.java:32)
at automation.test.OrgAdmin_Groups.checkAddGroup(OrgAdmin_Groups.java:32)
at automation.test.OrgAdmin_Groups.checkAddGroup(OrgAdmin_Groups.java:32)
at automation.test.OrgAdmin_Groups.checkAddGroup(OrgAdmin_Groups.java:32)
at automation.test.OrgAdmin_Groups.checkAddGroup(OrgAdmin_Groups.java:32)
at automation.test.OrgAdmin_Groups.checkAddGroup(OrgAdmin_Groups.java:32)
at automation.test.OrgAdmin_Groups.checkAddGroup(OrgAdmin_Groups.java:32)
at automation.test.OrgAdmin_Groups.checkAddGroup(OrgAdmin_Groups.java:32)
at automation.test.OrgAdmin_Groups.checkAddGroup(OrgAdmin_Groups.java:32)
at automation.test.OrgAdmin_Groups.checkAddGroup(OrgAdmin_Groups.java:32)
at automation.test.OrgAdmin_Groups.checkAddGroup(OrgAdmin_Groups.java:32)
at automation.test.OrgAdmin_Groups.checkAddGroup(OrgAdmin_Groups.java:32)
at automation.test.OrgAdmin_Groups.checkAddGroup(OrgAdmin_Groups.java:32)
at automation.test.OrgAdmin_Groups.checkAddGroup(OrgAdmin_Groups.java:32)
at automation.test.OrgAdmin_Groups.checkAddGroup(OrgAdmin_Groups.java:32)
at automation.test.OrgAdmin_Groups.checkAddGroup(OrgAdmin_Groups.java:32)
at automation.test.OrgAdmin_Groups.checkAddGroup(OrgAdmin_Groups.java:32)
at automation.test.OrgAdmin_Groups.checkAddGroup(OrgAdmin_Groups.java:32)
at automation.test.OrgAdmin_Groups.checkAddGroup(OrgAdmin_Groups.java:32)
at automation.test.OrgAdmin_Groups.checkAddGroup(OrgAdmin_Groups.java:32)
at automation.test.OrgAdmin_Groups.checkAddGroup(OrgAdmin_Groups.java:32)
at automation.test.OrgAdmin_Groups.checkAddGroup(OrgAdmin_Groups.java:32)
at automation.test.OrgAdmin_Groups.checkAddGroup(OrgAdmin_Groups.java:32)
at automation.test.OrgAdmin_Groups.checkAddGroup(OrgAdmin_Groups.java:32)
at automation.test.OrgAdmin_Groups.checkAddGroup(OrgAdmin_Groups.java:32)
at automation.test.OrgAdmin_Groups.checkAddGroup(OrgAdmin_Groups.java:32)
at automation.test.OrgAdmin_Groups.checkAddGroup(OrgAdmin_Groups.java:32)
at automation.test.OrgAdmin_Groups.checkAddGroup(OrgAdmin_Groups.java:32)
at automation.test.OrgAdmin_Groups.checkAddGroup(OrgAdmin_Groups.java:32)
at automation.test.OrgAdmin_Groups.checkAddGroup(OrgAdmin_Groups.java:32)
at automation.test.OrgAdmin_Groups.checkAddGroup(OrgAdmin_Groups.java:32)
at automation.test.OrgAdmin_Groups.checkAddGroup(OrgAdmin_Groups.java:32)
at automation.test.OrgAdmin_Groups.checkAddGroup(OrgAdmin_Groups.java:32)
at automation.test.OrgAdmin_Groups.checkAddGroup(OrgAdmin_Groups.java:32)
at automation.test.OrgAdmin_Groups.checkAddGroup(OrgAdmin_Groups.java:32)
at automation.test.OrgAdmin_Groups.checkAddGroup(OrgAdmin_Groups.java:32)
at automation.test.OrgAdmin_Groups.checkAddGroup(OrgAdmin_Groups.java:32)
at automation.test.OrgAdmin_Groups.checkAddGroup(OrgAdmin_Groups.java:32)
at automation.test.OrgAdmin_Groups.checkAddGroup(OrgAdmin_Groups.java:32)
at automation.test.OrgAdmin_Groups.checkAddGroup(OrgAdmin_Groups.java:32)
at automation.test.OrgAdmin_Groups.checkAddGroup(OrgAdmin_Groups.java:32)
at automation.test.OrgAdmin_Groups.checkAddGroup(OrgAdmin_Groups.java:32)
at automation.test.OrgAdmin_Groups.checkAddGroup(OrgAdmin_Groups.java:32)
at automation.test.OrgAdmin_Groups.checkAddGroup(OrgAdmin_Groups.java:32)
at automation.test.OrgAdmin_Groups.checkAddGroup(OrgAdmin_Groups.java:32)
at automation.test.OrgAdmin_Groups.checkAddGroup(OrgAdmin_Groups.java:32)
at automation.test.OrgAdmin_Groups.checkAddGroup(OrgAdmin_Groups.java:32)
at automation.test.OrgAdmin_Groups.checkAddGroup(OrgAdmin_Groups.java:32)
at automation.test.OrgAdmin_Groups.checkAddGroup(OrgAdmin_Groups.java:32)
at automation.test.OrgAdmin_Groups.checkAddGroup(OrgAdmin_Groups.java:32)
at automation.test.OrgAdmin_Groups.checkAddGroup(OrgAdmin_Groups.java:32)
at automation.test.OrgAdmin_Groups.checkAddGroup(OrgAdmin_Groups.java:32)
at automation.test.OrgAdmin_Groups.checkAddGroup(OrgAdmin_Groups.java:32)
at automation.test.OrgAdmin_Groups.checkAddGroup(OrgAdmin_Groups.java:32)
at automation.test.OrgAdmin_Groups.checkAddGroup(OrgAdmin_Groups.java:32)
at automation.test.OrgAdmin_Groups.checkAddGroup(OrgAdmin_Groups.java:32)
at automation.test.OrgAdmin_Groups.checkAddGroup(OrgAdmin_Groups.java:32)
at automation.test.OrgAdmin_Groups.checkAddGroup(OrgAdmin_Groups.java:32)
at automation.test.OrgAdmin_Groups.checkAddGroup(OrgAdmin_Groups.java:32)
at automation.test.OrgAdmin_Groups.checkAddGroup(OrgAdmin_Groups.java:32)
at automation.test.OrgAdmin_Groups.checkAddGroup(OrgAdmin_Groups.java:32)
at automation.test.OrgAdmin_Groups.checkAddGroup(OrgAdmin_Groups.java:32)
at automation.test.OrgAdmin_Groups.checkAddGroup(OrgAdmin_Groups.java:32)
at automation.test.OrgAdmin_Groups.checkAddGroup(OrgAdmin_Groups.java:32)
at automation.test.OrgAdmin_Groups.checkAddGroup(OrgAdmin_Groups.java:32)
at automation.test.OrgAdmin_Groups.checkAddGroup(OrgAdmin_Groups.java:32)
at automation.test.OrgAdmin_Groups.checkAddGroup(OrgAdmin_Groups.java:32)
at automation.test.OrgAdmin_Groups.checkAddGroup(OrgAdmin_Groups.java:32)
at automation.test.OrgAdmin_Groups.checkAddGroup(OrgAdmin_Groups.java:32)
at automation.test.OrgAdmin_Groups.checkAddGroup(OrgAdmin_Groups.java:32)
at automation.test.OrgAdmin_Groups.checkAddGroup(OrgAdmin_Groups.java:32)
at automation.test.OrgAdmin_Groups.checkAddGroup(OrgAdmin_Groups.java:32)
at automation.test.OrgAdmin_Groups.checkAddGroup(OrgAdmin_Groups.java:32)
at automation.test.OrgAdmin_Groups.checkAddGroup(OrgAdmin_Groups.java:32)
at automation.test.OrgAdmin_Groups.checkAddGroup(OrgAdmin_Groups.java:32)
at automation.test.OrgAdmin_Groups.checkAddGroup(OrgAdmin_Groups.java:32)
at automation.test.OrgAdmin_Groups.checkAddGroup(OrgAdmin_Groups.java:32)
at automation.test.OrgAdmin_Groups.checkAddGroup(OrgAdmin_Groups.java:32)
at automation.test.OrgAdmin_Groups.checkAddGroup(OrgAdmin_Groups.java:32)
at automation.test.OrgAdmin_Groups.checkAddGroup(OrgAdmin_Groups.java:32)
at automation.test.OrgAdmin_Groups.checkAddGroup(OrgAdmin_Groups.java:32)
at automation.test.OrgAdmin_Groups.checkAddGroup(OrgAdmin_Groups.java:32)
at automation.test.OrgAdmin_Groups.checkAddGroup(OrgAdmin_Groups.java:32)
at automation.test.OrgAdmin_Groups.checkAddGroup(OrgAdmin_Groups.java:32)
at automation.test.OrgAdmin_Groups.checkAddGroup(OrgAdmin_Groups.java:32)
at automation.test.OrgAdmin_Groups.checkAddGroup(OrgAdmin_Groups.java:32)
at automation.test.OrgAdmin_Groups.checkAddGroup(OrgAdmin_Groups.java:32)
at automation.test.OrgAdmin_Groups.checkAddGroup(OrgAdmin_Groups.java:32)
at automation.test.OrgAdmin_Groups.checkAddGroup(OrgAdmin_Groups.java:32)
at automation.test.OrgAdmin_Groups.checkAddGroup(OrgAdmin_Groups.java:32)
at automation.test.OrgAdmin_Groups.checkAddGroup(OrgAdmin_Groups.java:32)
at automation.test.OrgAdmin_Groups.checkAddGroup(OrgAdmin_Groups.java:32)
at automation.test.OrgAdmin_Groups.checkAddGroup(OrgAdmin_Groups.java:32)
at automation.test.OrgAdmin_Groups.checkAddGroup(OrgAdmin_Groups.java:32)
at automation.test.OrgAdmin_Groups.checkAddGroup(OrgAdmin_Groups.java:32)
at automation.test.OrgAdmin_Groups.checkAddGroup(OrgAdmin_Groups.java:32)
at automation.test.OrgAdmin_Groups.checkAddGroup(OrgAdmin_Groups.java:32)
at automation.test.OrgAdmin_Groups.checkAddGroup(OrgAdmin_Groups.java:32)
at automation.test.OrgAdmin_Groups.checkAddGroup(OrgAdmin_Groups.java:32)
at automation.test.OrgAdmin_Groups.checkAddGroup(OrgAdmin_Groups.java:32)
at automation.test.OrgAdmin_Groups.checkAddGroup(OrgAdmin_Groups.java:32)
at automation.test.OrgAdmin_Groups.checkAddGroup(OrgAdmin_Groups.java:32)
at automation.test.OrgAdmin_Groups.checkAddGroup(OrgAdmin_Groups.java:32)
at automation.test.OrgAdmin_Groups.checkAddGroup(OrgAdmin_Groups.java:32)
at automation.test.OrgAdmin_Groups.checkAddGroup(OrgAdmin_Groups.java:32)
at automation.test.OrgAdmin_Groups.checkAddGroup(OrgAdmin_Groups.java:32)
at automation.test.OrgAdmin_Groups.checkAddGroup(OrgAdmin_Groups.java:32)
at automation.test.OrgAdmin_Groups.checkAddGroup(OrgAdmin_Groups.java:32)
at automation.test.OrgAdmin_Groups.checkAddGroup(OrgAdmin_Groups.java:32)
at automation.test.OrgAdmin_Groups.checkAddGroup(OrgAdmin_Groups.java:32)
at automation.test.OrgAdmin_Groups.checkAddGroup(OrgAdmin_Groups.java:32)
at automation.test.OrgAdmin_Groups.checkAddGroup(OrgAdmin_Groups.java:32)
at automation.test.OrgAdmin_Groups.checkAddGroup(OrgAdmin_Groups.java:32)
at automation.test.OrgAdmin_Groups.checkAddGroup(OrgAdmin_Groups.java:32)
at automation.test.OrgAdmin_Groups.checkAddGroup(OrgAdmin_Groups.java:32)
at automation.test.OrgAdmin_Groups.checkAddGroup(OrgAdmin_Groups.java:32)
at automation.test.OrgAdmin_Groups.checkAddGroup(OrgAdmin_Groups.java:32)
at automation.test.OrgAdmin_Groups.checkAddGroup(OrgAdmin_Groups.java:32)
at automation.test.OrgAdmin_Groups.checkAddGroup(OrgAdmin_Groups.java:32)
at automation.test.OrgAdmin_Groups.checkAddGroup(OrgAdmin_Groups.java:32)
at automation.test.OrgAdmin_Groups.checkAddGroup(OrgAdmin_Groups.java:32)
at automation.test.OrgAdmin_Groups.checkAddGroup(OrgAdmin_Groups.java:32)
at automation.test.OrgAdmin_Groups.checkAddGroup(OrgAdmin_Groups.java:32)
at automation.test.OrgAdmin_Groups.checkAddGroup(OrgAdmin_Groups.java:32)
at automation.test.OrgAdmin_Groups.checkAddGroup(OrgAdmin_Groups.java:32)
at automation.test.OrgAdmin_Groups.checkAddGroup(OrgAdmin_Groups.java:32)
at automation.test.OrgAdmin_Groups.checkAddGroup(OrgAdmin_Groups.java:32)
at automation.test.OrgAdmin_Groups.checkAddGroup(OrgAdmin_Groups.java:32)
at automation.test.OrgAdmin_Groups.checkAddGroup(OrgAdmin_Groups.java:32)
at automation.test.OrgAdmin_Groups.checkAddGroup(OrgAdmin_Groups.java:32)
at automation.test.OrgAdmin_Groups.checkAddGroup(OrgAdmin_Groups.java:32)
at automation.test.OrgAdmin_Groups.checkAddGroup(OrgAdmin_Groups.java:32)
at automation.test.OrgAdmin_Groups.checkAddGroup(OrgAdmin_Groups.java:32)
at automation.test.OrgAdmin_Groups.checkAddGroup(OrgAdmin_Groups.java:32)
at automation.test.OrgAdmin_Groups.checkAddGroup(OrgAdmin_Groups.java:32)
at automation.test.OrgAdmin_Groups.checkAddGroup(OrgAdmin_Groups.java:32)
at automation.test.OrgAdmin_Groups.checkAddGroup(OrgAdmin_Groups.java:32)
at automation.test.OrgAdmin_Groups.checkAddGroup(OrgAdmin_Groups.java:32)
at automation.test.OrgAdmin_Groups.checkAddGroup(OrgAdmin_Groups.java:32)
]]>
    </error>
  </testcase> <!-- checkAddGroup -->
</testsuite> <!-- automation.test.OrgAdmin_Groups -->
