<?xml version="1.0" encoding="UTF-8"?>
<!-- Generated by org.testng.reporters.JUnitReportReporter -->
<testsuite skipped="0" hostname="qe-amotawei-n" name="automation.test.Login_test" tests="1" failures="0" timestamp="20 Feb 2019 08:19:46 GMT" time="0.442" errors="0">
  <testcase name="checkLogin" time="0.442" classname="automation.test.Login_test"/>
</testsuite> <!-- automation.test.Login_test -->
