<?xml version="1.0" encoding="UTF-8"?>
<!-- Generated by org.testng.reporters.JUnitReportReporter -->
<testsuite skipped="0" hostname="qe-amotawei-n" name="automation.test.SiteCompose_test" tests="3" failures="0" timestamp="21 Feb 2019 14:14:40 GMT" time="7.375" errors="0">
  <testcase name="checkSiteMapitems" time="0.239" classname="automation.test.SiteCompose_test"/>
  <testcase name="checkSiteLayoutCount" time="6.949" classname="automation.test.SiteCompose_test"/>
  <testcase name="checkSiteLayoutitems" time="0.187" classname="automation.test.SiteCompose_test"/>
</testsuite> <!-- automation.test.SiteCompose_test -->
