<?xml version="1.0" encoding="UTF-8"?>
<!-- Generated by org.testng.reporters.JUnitReportReporter -->
<testsuite skipped="0" hostname="qe-amotawei-n" name="automation.test.Edit_profile_test" tests="1" failures="0" timestamp="12 Feb 2019 09:23:47 GMT" time="12.095" errors="0">
  <testcase name="CheckEditProfile" time="12.095" classname="automation.test.Edit_profile_test"/>
</testsuite> <!-- automation.test.Edit_profile_test -->
