<?xml version="1.0" encoding="UTF-8"?>
<!-- Generated by org.testng.reporters.JUnitReportReporter -->
<testsuite skipped="0" hostname="qe-amotawei-n" name="automation.test.OrgAdmin_Group_Add" tests="2" failures="0" timestamp="11 Feb 2019 14:15:51 GMT" time="8.048" errors="0">
  <testcase name="checkAddGroup" time="4.723" classname="automation.test.OrgAdmin_Group_Add"/>
  <testcase name="checkAddGroup" time="3.325" classname="automation.test.OrgAdmin_Group_Add"/>
</testsuite> <!-- automation.test.OrgAdmin_Group_Add -->
