<?xml version="1.0" encoding="UTF-8"?>
<!-- Generated by org.testng.reporters.JUnitReportReporter -->
<testsuite skipped="0" hostname="qe-amotawei-n" name="automation.test.Login_test" tests="1" failures="0" timestamp="24 Feb 2019 12:37:51 GMT" time="0.217" errors="0">
  <testcase name="checkLogin" time="0.217" classname="automation.test.Login_test"/>
</testsuite> <!-- automation.test.Login_test -->
