<?xml version="1.0" encoding="UTF-8"?>
<!-- Generated by org.testng.reporters.JUnitReportReporter -->
<testsuite skipped="0" hostname="qe-amotawei-n" name="automation.test.OrgAdmin_Groups" tests="1" failures="0" timestamp="11 Feb 2019 08:33:55 GMT" time="0.231" errors="1">
  <testcase name="checkAddGroup" time="0.231" classname="automation.test.OrgAdmin_Groups">
    <error type="java.lang.StackOverflowError">
      <![CDATA[java.lang.StackOverflowError
at java.lang.Class.getConstructor0(Unknown Source)
at java.lang.Class.getConstructor(Unknown Source)
at org.openqa.selenium.support.PageFactory.instantiatePage(PageFactory.java:128)
at org.openqa.selenium.support.PageFactory.initElements(PageFactory.java:64)
at automation.test.OrgAdmin_Groups.checkAddGroup(OrgAdmin_Groups.java:29)
at automation.test.OrgAdmin_Groups.checkAddGroup(OrgAdmin_Groups.java:31)
at automation.test.OrgAdmin_Groups.checkAddGroup(OrgAdmin_Groups.java:31)
at automation.test.OrgAdmin_Groups.checkAddGroup(OrgAdmin_Groups.java:31)
at automation.test.OrgAdmin_Groups.checkAddGroup(OrgAdmin_Groups.java:31)
at automation.test.OrgAdmin_Groups.checkAddGroup(OrgAdmin_Groups.java:31)
at automation.test.OrgAdmin_Groups.checkAddGroup(OrgAdmin_Groups.java:31)
at automation.test.OrgAdmin_Groups.checkAddGroup(OrgAdmin_Groups.java:31)
at automation.test.OrgAdmin_Groups.checkAddGroup(OrgAdmin_Groups.java:31)
at automation.test.OrgAdmin_Groups.checkAddGroup(OrgAdmin_Groups.java:31)
at automation.test.OrgAdmin_Groups.checkAddGroup(OrgAdmin_Groups.java:31)
at automation.test.OrgAdmin_Groups.checkAddGroup(OrgAdmin_Groups.java:31)
at automation.test.OrgAdmin_Groups.checkAddGroup(OrgAdmin_Groups.java:31)
at automation.test.OrgAdmin_Groups.checkAddGroup(OrgAdmin_Groups.java:31)
at automation.test.OrgAdmin_Groups.checkAddGroup(OrgAdmin_Groups.java:31)
at automation.test.OrgAdmin_Groups.checkAddGroup(OrgAdmin_Groups.java:31)
at automation.test.OrgAdmin_Groups.checkAddGroup(OrgAdmin_Groups.java:31)
at automation.test.OrgAdmin_Groups.checkAddGroup(OrgAdmin_Groups.java:31)
at automation.test.OrgAdmin_Groups.checkAddGroup(OrgAdmin_Groups.java:31)
at automation.test.OrgAdmin_Groups.checkAddGroup(OrgAdmin_Groups.java:31)
at automation.test.OrgAdmin_Groups.checkAddGroup(OrgAdmin_Groups.java:31)
at automation.test.OrgAdmin_Groups.checkAddGroup(OrgAdmin_Groups.java:31)
at automation.test.OrgAdmin_Groups.checkAddGroup(OrgAdmin_Groups.java:31)
at automation.test.OrgAdmin_Groups.checkAddGroup(OrgAdmin_Groups.java:31)
at automation.test.OrgAdmin_Groups.checkAddGroup(OrgAdmin_Groups.java:31)
at automation.test.OrgAdmin_Groups.checkAddGroup(OrgAdmin_Groups.java:31)
at automation.test.OrgAdmin_Groups.checkAddGroup(OrgAdmin_Groups.java:31)
at automation.test.OrgAdmin_Groups.checkAddGroup(OrgAdmin_Groups.java:31)
at automation.test.OrgAdmin_Groups.checkAddGroup(OrgAdmin_Groups.java:31)
at automation.test.OrgAdmin_Groups.checkAddGroup(OrgAdmin_Groups.java:31)
at automation.test.OrgAdmin_Groups.checkAddGroup(OrgAdmin_Groups.java:31)
at automation.test.OrgAdmin_Groups.checkAddGroup(OrgAdmin_Groups.java:31)
at automation.test.OrgAdmin_Groups.checkAddGroup(OrgAdmin_Groups.java:31)
at automation.test.OrgAdmin_Groups.checkAddGroup(OrgAdmin_Groups.java:31)
at automation.test.OrgAdmin_Groups.checkAddGroup(OrgAdmin_Groups.java:31)
at automation.test.OrgAdmin_Groups.checkAddGroup(OrgAdmin_Groups.java:31)
at automation.test.OrgAdmin_Groups.checkAddGroup(OrgAdmin_Groups.java:31)
at automation.test.OrgAdmin_Groups.checkAddGroup(OrgAdmin_Groups.java:31)
at automation.test.OrgAdmin_Groups.checkAddGroup(OrgAdmin_Groups.java:31)
at automation.test.OrgAdmin_Groups.checkAddGroup(OrgAdmin_Groups.java:31)
at automation.test.OrgAdmin_Groups.checkAddGroup(OrgAdmin_Groups.java:31)
at automation.test.OrgAdmin_Groups.checkAddGroup(OrgAdmin_Groups.java:31)
at automation.test.OrgAdmin_Groups.checkAddGroup(OrgAdmin_Groups.java:31)
at automation.test.OrgAdmin_Groups.checkAddGroup(OrgAdmin_Groups.java:31)
at automation.test.OrgAdmin_Groups.checkAddGroup(OrgAdmin_Groups.java:31)
at automation.test.OrgAdmin_Groups.checkAddGroup(OrgAdmin_Groups.java:31)
at automation.test.OrgAdmin_Groups.checkAddGroup(OrgAdmin_Groups.java:31)
at automation.test.OrgAdmin_Groups.checkAddGroup(OrgAdmin_Groups.java:31)
at automation.test.OrgAdmin_Groups.checkAddGroup(OrgAdmin_Groups.java:31)
at automation.test.OrgAdmin_Groups.checkAddGroup(OrgAdmin_Groups.java:31)
at automation.test.OrgAdmin_Groups.checkAddGroup(OrgAdmin_Groups.java:31)
at automation.test.OrgAdmin_Groups.checkAddGroup(OrgAdmin_Groups.java:31)
at automation.test.OrgAdmin_Groups.checkAddGroup(OrgAdmin_Groups.java:31)
at automation.test.OrgAdmin_Groups.checkAddGroup(OrgAdmin_Groups.java:31)
at automation.test.OrgAdmin_Groups.checkAddGroup(OrgAdmin_Groups.java:31)
at automation.test.OrgAdmin_Groups.checkAddGroup(OrgAdmin_Groups.java:31)
at automation.test.OrgAdmin_Groups.checkAddGroup(OrgAdmin_Groups.java:31)
at automation.test.OrgAdmin_Groups.checkAddGroup(OrgAdmin_Groups.java:31)
at automation.test.OrgAdmin_Groups.checkAddGroup(OrgAdmin_Groups.java:31)
at automation.test.OrgAdmin_Groups.checkAddGroup(OrgAdmin_Groups.java:31)
at automation.test.OrgAdmin_Groups.checkAddGroup(OrgAdmin_Groups.java:31)
at automation.test.OrgAdmin_Groups.checkAddGroup(OrgAdmin_Groups.java:31)
at automation.test.OrgAdmin_Groups.checkAddGroup(OrgAdmin_Groups.java:31)
at automation.test.OrgAdmin_Groups.checkAddGroup(OrgAdmin_Groups.java:31)
at automation.test.OrgAdmin_Groups.checkAddGroup(OrgAdmin_Groups.java:31)
at automation.test.OrgAdmin_Groups.checkAddGroup(OrgAdmin_Groups.java:31)
at automation.test.OrgAdmin_Groups.checkAddGroup(OrgAdmin_Groups.java:31)
at automation.test.OrgAdmin_Groups.checkAddGroup(OrgAdmin_Groups.java:31)
at automation.test.OrgAdmin_Groups.checkAddGroup(OrgAdmin_Groups.java:31)
at automation.test.OrgAdmin_Groups.checkAddGroup(OrgAdmin_Groups.java:31)
at automation.test.OrgAdmin_Groups.checkAddGroup(OrgAdmin_Groups.java:31)
at automation.test.OrgAdmin_Groups.checkAddGroup(OrgAdmin_Groups.java:31)
at automation.test.OrgAdmin_Groups.checkAddGroup(OrgAdmin_Groups.java:31)
at automation.test.OrgAdmin_Groups.checkAddGroup(OrgAdmin_Groups.java:31)
at automation.test.OrgAdmin_Groups.checkAddGroup(OrgAdmin_Groups.java:31)
at automation.test.OrgAdmin_Groups.checkAddGroup(OrgAdmin_Groups.java:31)
at automation.test.OrgAdmin_Groups.checkAddGroup(OrgAdmin_Groups.java:31)
at automation.test.OrgAdmin_Groups.checkAddGroup(OrgAdmin_Groups.java:31)
at automation.test.OrgAdmin_Groups.checkAddGroup(OrgAdmin_Groups.java:31)
at automation.test.OrgAdmin_Groups.checkAddGroup(OrgAdmin_Groups.java:31)
at automation.test.OrgAdmin_Groups.checkAddGroup(OrgAdmin_Groups.java:31)
at automation.test.OrgAdmin_Groups.checkAddGroup(OrgAdmin_Groups.java:31)
at automation.test.OrgAdmin_Groups.checkAddGroup(OrgAdmin_Groups.java:31)
at automation.test.OrgAdmin_Groups.checkAddGroup(OrgAdmin_Groups.java:31)
at automation.test.OrgAdmin_Groups.checkAddGroup(OrgAdmin_Groups.java:31)
at automation.test.OrgAdmin_Groups.checkAddGroup(OrgAdmin_Groups.java:31)
at automation.test.OrgAdmin_Groups.checkAddGroup(OrgAdmin_Groups.java:31)
at automation.test.OrgAdmin_Groups.checkAddGroup(OrgAdmin_Groups.java:31)
at automation.test.OrgAdmin_Groups.checkAddGroup(OrgAdmin_Groups.java:31)
at automation.test.OrgAdmin_Groups.checkAddGroup(OrgAdmin_Groups.java:31)
at automation.test.OrgAdmin_Groups.checkAddGroup(OrgAdmin_Groups.java:31)
at automation.test.OrgAdmin_Groups.checkAddGroup(OrgAdmin_Groups.java:31)
at automation.test.OrgAdmin_Groups.checkAddGroup(OrgAdmin_Groups.java:31)
at automation.test.OrgAdmin_Groups.checkAddGroup(OrgAdmin_Groups.java:31)
at automation.test.OrgAdmin_Groups.checkAddGroup(OrgAdmin_Groups.java:31)
at automation.test.OrgAdmin_Groups.checkAddGroup(OrgAdmin_Groups.java:31)
at automation.test.OrgAdmin_Groups.checkAddGroup(OrgAdmin_Groups.java:31)
at automation.test.OrgAdmin_Groups.checkAddGroup(OrgAdmin_Groups.java:31)
at automation.test.OrgAdmin_Groups.checkAddGroup(OrgAdmin_Groups.java:31)
at automation.test.OrgAdmin_Groups.checkAddGroup(OrgAdmin_Groups.java:31)
at automation.test.OrgAdmin_Groups.checkAddGroup(OrgAdmin_Groups.java:31)
at automation.test.OrgAdmin_Groups.checkAddGroup(OrgAdmin_Groups.java:31)
at automation.test.OrgAdmin_Groups.checkAddGroup(OrgAdmin_Groups.java:31)
at automation.test.OrgAdmin_Groups.checkAddGroup(OrgAdmin_Groups.java:31)
at automation.test.OrgAdmin_Groups.checkAddGroup(OrgAdmin_Groups.java:31)
at automation.test.OrgAdmin_Groups.checkAddGroup(OrgAdmin_Groups.java:31)
at automation.test.OrgAdmin_Groups.checkAddGroup(OrgAdmin_Groups.java:31)
at automation.test.OrgAdmin_Groups.checkAddGroup(OrgAdmin_Groups.java:31)
at automation.test.OrgAdmin_Groups.checkAddGroup(OrgAdmin_Groups.java:31)
at automation.test.OrgAdmin_Groups.checkAddGroup(OrgAdmin_Groups.java:31)
at automation.test.OrgAdmin_Groups.checkAddGroup(OrgAdmin_Groups.java:31)
at automation.test.OrgAdmin_Groups.checkAddGroup(OrgAdmin_Groups.java:31)
at automation.test.OrgAdmin_Groups.checkAddGroup(OrgAdmin_Groups.java:31)
at automation.test.OrgAdmin_Groups.checkAddGroup(OrgAdmin_Groups.java:31)
at automation.test.OrgAdmin_Groups.checkAddGroup(OrgAdmin_Groups.java:31)
at automation.test.OrgAdmin_Groups.checkAddGroup(OrgAdmin_Groups.java:31)
at automation.test.OrgAdmin_Groups.checkAddGroup(OrgAdmin_Groups.java:31)
at automation.test.OrgAdmin_Groups.checkAddGroup(OrgAdmin_Groups.java:31)
at automation.test.OrgAdmin_Groups.checkAddGroup(OrgAdmin_Groups.java:31)
at automation.test.OrgAdmin_Groups.checkAddGroup(OrgAdmin_Groups.java:31)
at automation.test.OrgAdmin_Groups.checkAddGroup(OrgAdmin_Groups.java:31)
at automation.test.OrgAdmin_Groups.checkAddGroup(OrgAdmin_Groups.java:31)
at automation.test.OrgAdmin_Groups.checkAddGroup(OrgAdmin_Groups.java:31)
at automation.test.OrgAdmin_Groups.checkAddGroup(OrgAdmin_Groups.java:31)
at automation.test.OrgAdmin_Groups.checkAddGroup(OrgAdmin_Groups.java:31)
at automation.test.OrgAdmin_Groups.checkAddGroup(OrgAdmin_Groups.java:31)
at automation.test.OrgAdmin_Groups.checkAddGroup(OrgAdmin_Groups.java:31)
at automation.test.OrgAdmin_Groups.checkAddGroup(OrgAdmin_Groups.java:31)
at automation.test.OrgAdmin_Groups.checkAddGroup(OrgAdmin_Groups.java:31)
at automation.test.OrgAdmin_Groups.checkAddGroup(OrgAdmin_Groups.java:31)
at automation.test.OrgAdmin_Groups.checkAddGroup(OrgAdmin_Groups.java:31)
at automation.test.OrgAdmin_Groups.checkAddGroup(OrgAdmin_Groups.java:31)
at automation.test.OrgAdmin_Groups.checkAddGroup(OrgAdmin_Groups.java:31)
at automation.test.OrgAdmin_Groups.checkAddGroup(OrgAdmin_Groups.java:31)
at automation.test.OrgAdmin_Groups.checkAddGroup(OrgAdmin_Groups.java:31)
at automation.test.OrgAdmin_Groups.checkAddGroup(OrgAdmin_Groups.java:31)
at automation.test.OrgAdmin_Groups.checkAddGroup(OrgAdmin_Groups.java:31)
at automation.test.OrgAdmin_Groups.checkAddGroup(OrgAdmin_Groups.java:31)
at automation.test.OrgAdmin_Groups.checkAddGroup(OrgAdmin_Groups.java:31)
at automation.test.OrgAdmin_Groups.checkAddGroup(OrgAdmin_Groups.java:31)
at automation.test.OrgAdmin_Groups.checkAddGroup(OrgAdmin_Groups.java:31)
at automation.test.OrgAdmin_Groups.checkAddGroup(OrgAdmin_Groups.java:31)
at automation.test.OrgAdmin_Groups.checkAddGroup(OrgAdmin_Groups.java:31)
at automation.test.OrgAdmin_Groups.checkAddGroup(OrgAdmin_Groups.java:31)
at automation.test.OrgAdmin_Groups.checkAddGroup(OrgAdmin_Groups.java:31)
at automation.test.OrgAdmin_Groups.checkAddGroup(OrgAdmin_Groups.java:31)
at automation.test.OrgAdmin_Groups.checkAddGroup(OrgAdmin_Groups.java:31)
at automation.test.OrgAdmin_Groups.checkAddGroup(OrgAdmin_Groups.java:31)
at automation.test.OrgAdmin_Groups.checkAddGroup(OrgAdmin_Groups.java:31)
at automation.test.OrgAdmin_Groups.checkAddGroup(OrgAdmin_Groups.java:31)
at automation.test.OrgAdmin_Groups.checkAddGroup(OrgAdmin_Groups.java:31)
at automation.test.OrgAdmin_Groups.checkAddGroup(OrgAdmin_Groups.java:31)
at automation.test.OrgAdmin_Groups.checkAddGroup(OrgAdmin_Groups.java:31)
at automation.test.OrgAdmin_Groups.checkAddGroup(OrgAdmin_Groups.java:31)
at automation.test.OrgAdmin_Groups.checkAddGroup(OrgAdmin_Groups.java:31)
at automation.test.OrgAdmin_Groups.checkAddGroup(OrgAdmin_Groups.java:31)
at automation.test.OrgAdmin_Groups.checkAddGroup(OrgAdmin_Groups.java:31)
at automation.test.OrgAdmin_Groups.checkAddGroup(OrgAdmin_Groups.java:31)
at automation.test.OrgAdmin_Groups.checkAddGroup(OrgAdmin_Groups.java:31)
at automation.test.OrgAdmin_Groups.checkAddGroup(OrgAdmin_Groups.java:31)
at automation.test.OrgAdmin_Groups.checkAddGroup(OrgAdmin_Groups.java:31)
at automation.test.OrgAdmin_Groups.checkAddGroup(OrgAdmin_Groups.java:31)
at automation.test.OrgAdmin_Groups.checkAddGroup(OrgAdmin_Groups.java:31)
at automation.test.OrgAdmin_Groups.checkAddGroup(OrgAdmin_Groups.java:31)
at automation.test.OrgAdmin_Groups.checkAddGroup(OrgAdmin_Groups.java:31)
at automation.test.OrgAdmin_Groups.checkAddGroup(OrgAdmin_Groups.java:31)
at automation.test.OrgAdmin_Groups.checkAddGroup(OrgAdmin_Groups.java:31)
at automation.test.OrgAdmin_Groups.checkAddGroup(OrgAdmin_Groups.java:31)
at automation.test.OrgAdmin_Groups.checkAddGroup(OrgAdmin_Groups.java:31)
at automation.test.OrgAdmin_Groups.checkAddGroup(OrgAdmin_Groups.java:31)
at automation.test.OrgAdmin_Groups.checkAddGroup(OrgAdmin_Groups.java:31)
at automation.test.OrgAdmin_Groups.checkAddGroup(OrgAdmin_Groups.java:31)
at automation.test.OrgAdmin_Groups.checkAddGroup(OrgAdmin_Groups.java:31)
at automation.test.OrgAdmin_Groups.checkAddGroup(OrgAdmin_Groups.java:31)
at automation.test.OrgAdmin_Groups.checkAddGroup(OrgAdmin_Groups.java:31)
at automation.test.OrgAdmin_Groups.checkAddGroup(OrgAdmin_Groups.java:31)
at automation.test.OrgAdmin_Groups.checkAddGroup(OrgAdmin_Groups.java:31)
at automation.test.OrgAdmin_Groups.checkAddGroup(OrgAdmin_Groups.java:31)
at automation.test.OrgAdmin_Groups.checkAddGroup(OrgAdmin_Groups.java:31)
at automation.test.OrgAdmin_Groups.checkAddGroup(OrgAdmin_Groups.java:31)
at automation.test.OrgAdmin_Groups.checkAddGroup(OrgAdmin_Groups.java:31)
at automation.test.OrgAdmin_Groups.checkAddGroup(OrgAdmin_Groups.java:31)
at automation.test.OrgAdmin_Groups.checkAddGroup(OrgAdmin_Groups.java:31)
at automation.test.OrgAdmin_Groups.checkAddGroup(OrgAdmin_Groups.java:31)
at automation.test.OrgAdmin_Groups.checkAddGroup(OrgAdmin_Groups.java:31)
at automation.test.OrgAdmin_Groups.checkAddGroup(OrgAdmin_Groups.java:31)
at automation.test.OrgAdmin_Groups.checkAddGroup(OrgAdmin_Groups.java:31)
at automation.test.OrgAdmin_Groups.checkAddGroup(OrgAdmin_Groups.java:31)
at automation.test.OrgAdmin_Groups.checkAddGroup(OrgAdmin_Groups.java:31)
at automation.test.OrgAdmin_Groups.checkAddGroup(OrgAdmin_Groups.java:31)
at automation.test.OrgAdmin_Groups.checkAddGroup(OrgAdmin_Groups.java:31)
at automation.test.OrgAdmin_Groups.checkAddGroup(OrgAdmin_Groups.java:31)
at automation.test.OrgAdmin_Groups.checkAddGroup(OrgAdmin_Groups.java:31)
at automation.test.OrgAdmin_Groups.checkAddGroup(OrgAdmin_Groups.java:31)
at automation.test.OrgAdmin_Groups.checkAddGroup(OrgAdmin_Groups.java:31)
at automation.test.OrgAdmin_Groups.checkAddGroup(OrgAdmin_Groups.java:31)
at automation.test.OrgAdmin_Groups.checkAddGroup(OrgAdmin_Groups.java:31)
at automation.test.OrgAdmin_Groups.checkAddGroup(OrgAdmin_Groups.java:31)
at automation.test.OrgAdmin_Groups.checkAddGroup(OrgAdmin_Groups.java:31)
at automation.test.OrgAdmin_Groups.checkAddGroup(OrgAdmin_Groups.java:31)
at automation.test.OrgAdmin_Groups.checkAddGroup(OrgAdmin_Groups.java:31)
at automation.test.OrgAdmin_Groups.checkAddGroup(OrgAdmin_Groups.java:31)
at automation.test.OrgAdmin_Groups.checkAddGroup(OrgAdmin_Groups.java:31)
at automation.test.OrgAdmin_Groups.checkAddGroup(OrgAdmin_Groups.java:31)
at automation.test.OrgAdmin_Groups.checkAddGroup(OrgAdmin_Groups.java:31)
at automation.test.OrgAdmin_Groups.checkAddGroup(OrgAdmin_Groups.java:31)
at automation.test.OrgAdmin_Groups.checkAddGroup(OrgAdmin_Groups.java:31)
at automation.test.OrgAdmin_Groups.checkAddGroup(OrgAdmin_Groups.java:31)
at automation.test.OrgAdmin_Groups.checkAddGroup(OrgAdmin_Groups.java:31)
at automation.test.OrgAdmin_Groups.checkAddGroup(OrgAdmin_Groups.java:31)
at automation.test.OrgAdmin_Groups.checkAddGroup(OrgAdmin_Groups.java:31)
at automation.test.OrgAdmin_Groups.checkAddGroup(OrgAdmin_Groups.java:31)
at automation.test.OrgAdmin_Groups.checkAddGroup(OrgAdmin_Groups.java:31)
at automation.test.OrgAdmin_Groups.checkAddGroup(OrgAdmin_Groups.java:31)
at automation.test.OrgAdmin_Groups.checkAddGroup(OrgAdmin_Groups.java:31)
at automation.test.OrgAdmin_Groups.checkAddGroup(OrgAdmin_Groups.java:31)
at automation.test.OrgAdmin_Groups.checkAddGroup(OrgAdmin_Groups.java:31)
at automation.test.OrgAdmin_Groups.checkAddGroup(OrgAdmin_Groups.java:31)
at automation.test.OrgAdmin_Groups.checkAddGroup(OrgAdmin_Groups.java:31)
at automation.test.OrgAdmin_Groups.checkAddGroup(OrgAdmin_Groups.java:31)
at automation.test.OrgAdmin_Groups.checkAddGroup(OrgAdmin_Groups.java:31)
at automation.test.OrgAdmin_Groups.checkAddGroup(OrgAdmin_Groups.java:31)
at automation.test.OrgAdmin_Groups.checkAddGroup(OrgAdmin_Groups.java:31)
at automation.test.OrgAdmin_Groups.checkAddGroup(OrgAdmin_Groups.java:31)
at automation.test.OrgAdmin_Groups.checkAddGroup(OrgAdmin_Groups.java:31)
at automation.test.OrgAdmin_Groups.checkAddGroup(OrgAdmin_Groups.java:31)
at automation.test.OrgAdmin_Groups.checkAddGroup(OrgAdmin_Groups.java:31)
at automation.test.OrgAdmin_Groups.checkAddGroup(OrgAdmin_Groups.java:31)
at automation.test.OrgAdmin_Groups.checkAddGroup(OrgAdmin_Groups.java:31)
at automation.test.OrgAdmin_Groups.checkAddGroup(OrgAdmin_Groups.java:31)
at automation.test.OrgAdmin_Groups.checkAddGroup(OrgAdmin_Groups.java:31)
at automation.test.OrgAdmin_Groups.checkAddGroup(OrgAdmin_Groups.java:31)
at automation.test.OrgAdmin_Groups.checkAddGroup(OrgAdmin_Groups.java:31)
at automation.test.OrgAdmin_Groups.checkAddGroup(OrgAdmin_Groups.java:31)
at automation.test.OrgAdmin_Groups.checkAddGroup(OrgAdmin_Groups.java:31)
at automation.test.OrgAdmin_Groups.checkAddGroup(OrgAdmin_Groups.java:31)
at automation.test.OrgAdmin_Groups.checkAddGroup(OrgAdmin_Groups.java:31)
at automation.test.OrgAdmin_Groups.checkAddGroup(OrgAdmin_Groups.java:31)
at automation.test.OrgAdmin_Groups.checkAddGroup(OrgAdmin_Groups.java:31)
at automation.test.OrgAdmin_Groups.checkAddGroup(OrgAdmin_Groups.java:31)
at automation.test.OrgAdmin_Groups.checkAddGroup(OrgAdmin_Groups.java:31)
at automation.test.OrgAdmin_Groups.checkAddGroup(OrgAdmin_Groups.java:31)
at automation.test.OrgAdmin_Groups.checkAddGroup(OrgAdmin_Groups.java:31)
at automation.test.OrgAdmin_Groups.checkAddGroup(OrgAdmin_Groups.java:31)
at automation.test.OrgAdmin_Groups.checkAddGroup(OrgAdmin_Groups.java:31)
at automation.test.OrgAdmin_Groups.checkAddGroup(OrgAdmin_Groups.java:31)
at automation.test.OrgAdmin_Groups.checkAddGroup(OrgAdmin_Groups.java:31)
at automation.test.OrgAdmin_Groups.checkAddGroup(OrgAdmin_Groups.java:31)
at automation.test.OrgAdmin_Groups.checkAddGroup(OrgAdmin_Groups.java:31)
at automation.test.OrgAdmin_Groups.checkAddGroup(OrgAdmin_Groups.java:31)
at automation.test.OrgAdmin_Groups.checkAddGroup(OrgAdmin_Groups.java:31)
at automation.test.OrgAdmin_Groups.checkAddGroup(OrgAdmin_Groups.java:31)
at automation.test.OrgAdmin_Groups.checkAddGroup(OrgAdmin_Groups.java:31)
at automation.test.OrgAdmin_Groups.checkAddGroup(OrgAdmin_Groups.java:31)
at automation.test.OrgAdmin_Groups.checkAddGroup(OrgAdmin_Groups.java:31)
at automation.test.OrgAdmin_Groups.checkAddGroup(OrgAdmin_Groups.java:31)
at automation.test.OrgAdmin_Groups.checkAddGroup(OrgAdmin_Groups.java:31)
at automation.test.OrgAdmin_Groups.checkAddGroup(OrgAdmin_Groups.java:31)
at automation.test.OrgAdmin_Groups.checkAddGroup(OrgAdmin_Groups.java:31)
at automation.test.OrgAdmin_Groups.checkAddGroup(OrgAdmin_Groups.java:31)
at automation.test.OrgAdmin_Groups.checkAddGroup(OrgAdmin_Groups.java:31)
at automation.test.OrgAdmin_Groups.checkAddGroup(OrgAdmin_Groups.java:31)
at automation.test.OrgAdmin_Groups.checkAddGroup(OrgAdmin_Groups.java:31)
at automation.test.OrgAdmin_Groups.checkAddGroup(OrgAdmin_Groups.java:31)
at automation.test.OrgAdmin_Groups.checkAddGroup(OrgAdmin_Groups.java:31)
at automation.test.OrgAdmin_Groups.checkAddGroup(OrgAdmin_Groups.java:31)
at automation.test.OrgAdmin_Groups.checkAddGroup(OrgAdmin_Groups.java:31)
at automation.test.OrgAdmin_Groups.checkAddGroup(OrgAdmin_Groups.java:31)
at automation.test.OrgAdmin_Groups.checkAddGroup(OrgAdmin_Groups.java:31)
at automation.test.OrgAdmin_Groups.checkAddGroup(OrgAdmin_Groups.java:31)
at automation.test.OrgAdmin_Groups.checkAddGroup(OrgAdmin_Groups.java:31)
at automation.test.OrgAdmin_Groups.checkAddGroup(OrgAdmin_Groups.java:31)
at automation.test.OrgAdmin_Groups.checkAddGroup(OrgAdmin_Groups.java:31)
at automation.test.OrgAdmin_Groups.checkAddGroup(OrgAdmin_Groups.java:31)
at automation.test.OrgAdmin_Groups.checkAddGroup(OrgAdmin_Groups.java:31)
at automation.test.OrgAdmin_Groups.checkAddGroup(OrgAdmin_Groups.java:31)
at automation.test.OrgAdmin_Groups.checkAddGroup(OrgAdmin_Groups.java:31)
at automation.test.OrgAdmin_Groups.checkAddGroup(OrgAdmin_Groups.java:31)
at automation.test.OrgAdmin_Groups.checkAddGroup(OrgAdmin_Groups.java:31)
at automation.test.OrgAdmin_Groups.checkAddGroup(OrgAdmin_Groups.java:31)
at automation.test.OrgAdmin_Groups.checkAddGroup(OrgAdmin_Groups.java:31)
at automation.test.OrgAdmin_Groups.checkAddGroup(OrgAdmin_Groups.java:31)
at automation.test.OrgAdmin_Groups.checkAddGroup(OrgAdmin_Groups.java:31)
at automation.test.OrgAdmin_Groups.checkAddGroup(OrgAdmin_Groups.java:31)
at automation.test.OrgAdmin_Groups.checkAddGroup(OrgAdmin_Groups.java:31)
at automation.test.OrgAdmin_Groups.checkAddGroup(OrgAdmin_Groups.java:31)
at automation.test.OrgAdmin_Groups.checkAddGroup(OrgAdmin_Groups.java:31)
at automation.test.OrgAdmin_Groups.checkAddGroup(OrgAdmin_Groups.java:31)
at automation.test.OrgAdmin_Groups.checkAddGroup(OrgAdmin_Groups.java:31)
at automation.test.OrgAdmin_Groups.checkAddGroup(OrgAdmin_Groups.java:31)
at automation.test.OrgAdmin_Groups.checkAddGroup(OrgAdmin_Groups.java:31)
at automation.test.OrgAdmin_Groups.checkAddGroup(OrgAdmin_Groups.java:31)
at automation.test.OrgAdmin_Groups.checkAddGroup(OrgAdmin_Groups.java:31)
at automation.test.OrgAdmin_Groups.checkAddGroup(OrgAdmin_Groups.java:31)
at automation.test.OrgAdmin_Groups.checkAddGroup(OrgAdmin_Groups.java:31)
at automation.test.OrgAdmin_Groups.checkAddGroup(OrgAdmin_Groups.java:31)
at automation.test.OrgAdmin_Groups.checkAddGroup(OrgAdmin_Groups.java:31)
at automation.test.OrgAdmin_Groups.checkAddGroup(OrgAdmin_Groups.java:31)
at automation.test.OrgAdmin_Groups.checkAddGroup(OrgAdmin_Groups.java:31)
at automation.test.OrgAdmin_Groups.checkAddGroup(OrgAdmin_Groups.java:31)
at automation.test.OrgAdmin_Groups.checkAddGroup(OrgAdmin_Groups.java:31)
at automation.test.OrgAdmin_Groups.checkAddGroup(OrgAdmin_Groups.java:31)
at automation.test.OrgAdmin_Groups.checkAddGroup(OrgAdmin_Groups.java:31)
at automation.test.OrgAdmin_Groups.checkAddGroup(OrgAdmin_Groups.java:31)
at automation.test.OrgAdmin_Groups.checkAddGroup(OrgAdmin_Groups.java:31)
at automation.test.OrgAdmin_Groups.checkAddGroup(OrgAdmin_Groups.java:31)
at automation.test.OrgAdmin_Groups.checkAddGroup(OrgAdmin_Groups.java:31)
at automation.test.OrgAdmin_Groups.checkAddGroup(OrgAdmin_Groups.java:31)
at automation.test.OrgAdmin_Groups.checkAddGroup(OrgAdmin_Groups.java:31)
at automation.test.OrgAdmin_Groups.checkAddGroup(OrgAdmin_Groups.java:31)
at automation.test.OrgAdmin_Groups.checkAddGroup(OrgAdmin_Groups.java:31)
at automation.test.OrgAdmin_Groups.checkAddGroup(OrgAdmin_Groups.java:31)
at automation.test.OrgAdmin_Groups.checkAddGroup(OrgAdmin_Groups.java:31)
at automation.test.OrgAdmin_Groups.checkAddGroup(OrgAdmin_Groups.java:31)
at automation.test.OrgAdmin_Groups.checkAddGroup(OrgAdmin_Groups.java:31)
at automation.test.OrgAdmin_Groups.checkAddGroup(OrgAdmin_Groups.java:31)
at automation.test.OrgAdmin_Groups.checkAddGroup(OrgAdmin_Groups.java:31)
at automation.test.OrgAdmin_Groups.checkAddGroup(OrgAdmin_Groups.java:31)
at automation.test.OrgAdmin_Groups.checkAddGroup(OrgAdmin_Groups.java:31)
at automation.test.OrgAdmin_Groups.checkAddGroup(OrgAdmin_Groups.java:31)
at automation.test.OrgAdmin_Groups.checkAddGroup(OrgAdmin_Groups.java:31)
at automation.test.OrgAdmin_Groups.checkAddGroup(OrgAdmin_Groups.java:31)
at automation.test.OrgAdmin_Groups.checkAddGroup(OrgAdmin_Groups.java:31)
at automation.test.OrgAdmin_Groups.checkAddGroup(OrgAdmin_Groups.java:31)
at automation.test.OrgAdmin_Groups.checkAddGroup(OrgAdmin_Groups.java:31)
at automation.test.OrgAdmin_Groups.checkAddGroup(OrgAdmin_Groups.java:31)
at automation.test.OrgAdmin_Groups.checkAddGroup(OrgAdmin_Groups.java:31)
at automation.test.OrgAdmin_Groups.checkAddGroup(OrgAdmin_Groups.java:31)
at automation.test.OrgAdmin_Groups.checkAddGroup(OrgAdmin_Groups.java:31)
at automation.test.OrgAdmin_Groups.checkAddGroup(OrgAdmin_Groups.java:31)
at automation.test.OrgAdmin_Groups.checkAddGroup(OrgAdmin_Groups.java:31)
at automation.test.OrgAdmin_Groups.checkAddGroup(OrgAdmin_Groups.java:31)
at automation.test.OrgAdmin_Groups.checkAddGroup(OrgAdmin_Groups.java:31)
at automation.test.OrgAdmin_Groups.checkAddGroup(OrgAdmin_Groups.java:31)
at automation.test.OrgAdmin_Groups.checkAddGroup(OrgAdmin_Groups.java:31)
at automation.test.OrgAdmin_Groups.checkAddGroup(OrgAdmin_Groups.java:31)
at automation.test.OrgAdmin_Groups.checkAddGroup(OrgAdmin_Groups.java:31)
at automation.test.OrgAdmin_Groups.checkAddGroup(OrgAdmin_Groups.java:31)
at automation.test.OrgAdmin_Groups.checkAddGroup(OrgAdmin_Groups.java:31)
at automation.test.OrgAdmin_Groups.checkAddGroup(OrgAdmin_Groups.java:31)
at automation.test.OrgAdmin_Groups.checkAddGroup(OrgAdmin_Groups.java:31)
at automation.test.OrgAdmin_Groups.checkAddGroup(OrgAdmin_Groups.java:31)
at automation.test.OrgAdmin_Groups.checkAddGroup(OrgAdmin_Groups.java:31)
at automation.test.OrgAdmin_Groups.checkAddGroup(OrgAdmin_Groups.java:31)
at automation.test.OrgAdmin_Groups.checkAddGroup(OrgAdmin_Groups.java:31)
at automation.test.OrgAdmin_Groups.checkAddGroup(OrgAdmin_Groups.java:31)
at automation.test.OrgAdmin_Groups.checkAddGroup(OrgAdmin_Groups.java:31)
at automation.test.OrgAdmin_Groups.checkAddGroup(OrgAdmin_Groups.java:31)
at automation.test.OrgAdmin_Groups.checkAddGroup(OrgAdmin_Groups.java:31)
at automation.test.OrgAdmin_Groups.checkAddGroup(OrgAdmin_Groups.java:31)
at automation.test.OrgAdmin_Groups.checkAddGroup(OrgAdmin_Groups.java:31)
at automation.test.OrgAdmin_Groups.checkAddGroup(OrgAdmin_Groups.java:31)
at automation.test.OrgAdmin_Groups.checkAddGroup(OrgAdmin_Groups.java:31)
at automation.test.OrgAdmin_Groups.checkAddGroup(OrgAdmin_Groups.java:31)
at automation.test.OrgAdmin_Groups.checkAddGroup(OrgAdmin_Groups.java:31)
at automation.test.OrgAdmin_Groups.checkAddGroup(OrgAdmin_Groups.java:31)
at automation.test.OrgAdmin_Groups.checkAddGroup(OrgAdmin_Groups.java:31)
at automation.test.OrgAdmin_Groups.checkAddGroup(OrgAdmin_Groups.java:31)
at automation.test.OrgAdmin_Groups.checkAddGroup(OrgAdmin_Groups.java:31)
at automation.test.OrgAdmin_Groups.checkAddGroup(OrgAdmin_Groups.java:31)
at automation.test.OrgAdmin_Groups.checkAddGroup(OrgAdmin_Groups.java:31)
at automation.test.OrgAdmin_Groups.checkAddGroup(OrgAdmin_Groups.java:31)
at automation.test.OrgAdmin_Groups.checkAddGroup(OrgAdmin_Groups.java:31)
at automation.test.OrgAdmin_Groups.checkAddGroup(OrgAdmin_Groups.java:31)
at automation.test.OrgAdmin_Groups.checkAddGroup(OrgAdmin_Groups.java:31)
at automation.test.OrgAdmin_Groups.checkAddGroup(OrgAdmin_Groups.java:31)
at automation.test.OrgAdmin_Groups.checkAddGroup(OrgAdmin_Groups.java:31)
at automation.test.OrgAdmin_Groups.checkAddGroup(OrgAdmin_Groups.java:31)
at automation.test.OrgAdmin_Groups.checkAddGroup(OrgAdmin_Groups.java:31)
at automation.test.OrgAdmin_Groups.checkAddGroup(OrgAdmin_Groups.java:31)
at automation.test.OrgAdmin_Groups.checkAddGroup(OrgAdmin_Groups.java:31)
at automation.test.OrgAdmin_Groups.checkAddGroup(OrgAdmin_Groups.java:31)
at automation.test.OrgAdmin_Groups.checkAddGroup(OrgAdmin_Groups.java:31)
at automation.test.OrgAdmin_Groups.checkAddGroup(OrgAdmin_Groups.java:31)
at automation.test.OrgAdmin_Groups.checkAddGroup(OrgAdmin_Groups.java:31)
at automation.test.OrgAdmin_Groups.checkAddGroup(OrgAdmin_Groups.java:31)
at automation.test.OrgAdmin_Groups.checkAddGroup(OrgAdmin_Groups.java:31)
at automation.test.OrgAdmin_Groups.checkAddGroup(OrgAdmin_Groups.java:31)
at automation.test.OrgAdmin_Groups.checkAddGroup(OrgAdmin_Groups.java:31)
at automation.test.OrgAdmin_Groups.checkAddGroup(OrgAdmin_Groups.java:31)
at automation.test.OrgAdmin_Groups.checkAddGroup(OrgAdmin_Groups.java:31)
at automation.test.OrgAdmin_Groups.checkAddGroup(OrgAdmin_Groups.java:31)
at automation.test.OrgAdmin_Groups.checkAddGroup(OrgAdmin_Groups.java:31)
at automation.test.OrgAdmin_Groups.checkAddGroup(OrgAdmin_Groups.java:31)
at automation.test.OrgAdmin_Groups.checkAddGroup(OrgAdmin_Groups.java:31)
at automation.test.OrgAdmin_Groups.checkAddGroup(OrgAdmin_Groups.java:31)
at automation.test.OrgAdmin_Groups.checkAddGroup(OrgAdmin_Groups.java:31)
at automation.test.OrgAdmin_Groups.checkAddGroup(OrgAdmin_Groups.java:31)
at automation.test.OrgAdmin_Groups.checkAddGroup(OrgAdmin_Groups.java:31)
at automation.test.OrgAdmin_Groups.checkAddGroup(OrgAdmin_Groups.java:31)
at automation.test.OrgAdmin_Groups.checkAddGroup(OrgAdmin_Groups.java:31)
at automation.test.OrgAdmin_Groups.checkAddGroup(OrgAdmin_Groups.java:31)
at automation.test.OrgAdmin_Groups.checkAddGroup(OrgAdmin_Groups.java:31)
at automation.test.OrgAdmin_Groups.checkAddGroup(OrgAdmin_Groups.java:31)
at automation.test.OrgAdmin_Groups.checkAddGroup(OrgAdmin_Groups.java:31)
at automation.test.OrgAdmin_Groups.checkAddGroup(OrgAdmin_Groups.java:31)
at automation.test.OrgAdmin_Groups.checkAddGroup(OrgAdmin_Groups.java:31)
at automation.test.OrgAdmin_Groups.checkAddGroup(OrgAdmin_Groups.java:31)
at automation.test.OrgAdmin_Groups.checkAddGroup(OrgAdmin_Groups.java:31)
at automation.test.OrgAdmin_Groups.checkAddGroup(OrgAdmin_Groups.java:31)
at automation.test.OrgAdmin_Groups.checkAddGroup(OrgAdmin_Groups.java:31)
at automation.test.OrgAdmin_Groups.checkAddGroup(OrgAdmin_Groups.java:31)
at automation.test.OrgAdmin_Groups.checkAddGroup(OrgAdmin_Groups.java:31)
at automation.test.OrgAdmin_Groups.checkAddGroup(OrgAdmin_Groups.java:31)
at automation.test.OrgAdmin_Groups.checkAddGroup(OrgAdmin_Groups.java:31)
at automation.test.OrgAdmin_Groups.checkAddGroup(OrgAdmin_Groups.java:31)
at automation.test.OrgAdmin_Groups.checkAddGroup(OrgAdmin_Groups.java:31)
at automation.test.OrgAdmin_Groups.checkAddGroup(OrgAdmin_Groups.java:31)
at automation.test.OrgAdmin_Groups.checkAddGroup(OrgAdmin_Groups.java:31)
at automation.test.OrgAdmin_Groups.checkAddGroup(OrgAdmin_Groups.java:31)
at automation.test.OrgAdmin_Groups.checkAddGroup(OrgAdmin_Groups.java:31)
at automation.test.OrgAdmin_Groups.checkAddGroup(OrgAdmin_Groups.java:31)
at automation.test.OrgAdmin_Groups.checkAddGroup(OrgAdmin_Groups.java:31)
at automation.test.OrgAdmin_Groups.checkAddGroup(OrgAdmin_Groups.java:31)
at automation.test.OrgAdmin_Groups.checkAddGroup(OrgAdmin_Groups.java:31)
at automation.test.OrgAdmin_Groups.checkAddGroup(OrgAdmin_Groups.java:31)
at automation.test.OrgAdmin_Groups.checkAddGroup(OrgAdmin_Groups.java:31)
at automation.test.OrgAdmin_Groups.checkAddGroup(OrgAdmin_Groups.java:31)
at automation.test.OrgAdmin_Groups.checkAddGroup(OrgAdmin_Groups.java:31)
at automation.test.OrgAdmin_Groups.checkAddGroup(OrgAdmin_Groups.java:31)
at automation.test.OrgAdmin_Groups.checkAddGroup(OrgAdmin_Groups.java:31)
at automation.test.OrgAdmin_Groups.checkAddGroup(OrgAdmin_Groups.java:31)
at automation.test.OrgAdmin_Groups.checkAddGroup(OrgAdmin_Groups.java:31)
at automation.test.OrgAdmin_Groups.checkAddGroup(OrgAdmin_Groups.java:31)
at automation.test.OrgAdmin_Groups.checkAddGroup(OrgAdmin_Groups.java:31)
at automation.test.OrgAdmin_Groups.checkAddGroup(OrgAdmin_Groups.java:31)
at automation.test.OrgAdmin_Groups.checkAddGroup(OrgAdmin_Groups.java:31)
at automation.test.OrgAdmin_Groups.checkAddGroup(OrgAdmin_Groups.java:31)
at automation.test.OrgAdmin_Groups.checkAddGroup(OrgAdmin_Groups.java:31)
at automation.test.OrgAdmin_Groups.checkAddGroup(OrgAdmin_Groups.java:31)
at automation.test.OrgAdmin_Groups.checkAddGroup(OrgAdmin_Groups.java:31)
at automation.test.OrgAdmin_Groups.checkAddGroup(OrgAdmin_Groups.java:31)
at automation.test.OrgAdmin_Groups.checkAddGroup(OrgAdmin_Groups.java:31)
at automation.test.OrgAdmin_Groups.checkAddGroup(OrgAdmin_Groups.java:31)
at automation.test.OrgAdmin_Groups.checkAddGroup(OrgAdmin_Groups.java:31)
at automation.test.OrgAdmin_Groups.checkAddGroup(OrgAdmin_Groups.java:31)
at automation.test.OrgAdmin_Groups.checkAddGroup(OrgAdmin_Groups.java:31)
at automation.test.OrgAdmin_Groups.checkAddGroup(OrgAdmin_Groups.java:31)
at automation.test.OrgAdmin_Groups.checkAddGroup(OrgAdmin_Groups.java:31)
at automation.test.OrgAdmin_Groups.checkAddGroup(OrgAdmin_Groups.java:31)
at automation.test.OrgAdmin_Groups.checkAddGroup(OrgAdmin_Groups.java:31)
at automation.test.OrgAdmin_Groups.checkAddGroup(OrgAdmin_Groups.java:31)
at automation.test.OrgAdmin_Groups.checkAddGroup(OrgAdmin_Groups.java:31)
at automation.test.OrgAdmin_Groups.checkAddGroup(OrgAdmin_Groups.java:31)
at automation.test.OrgAdmin_Groups.checkAddGroup(OrgAdmin_Groups.java:31)
at automation.test.OrgAdmin_Groups.checkAddGroup(OrgAdmin_Groups.java:31)
at automation.test.OrgAdmin_Groups.checkAddGroup(OrgAdmin_Groups.java:31)
at automation.test.OrgAdmin_Groups.checkAddGroup(OrgAdmin_Groups.java:31)
at automation.test.OrgAdmin_Groups.checkAddGroup(OrgAdmin_Groups.java:31)
at automation.test.OrgAdmin_Groups.checkAddGroup(OrgAdmin_Groups.java:31)
at automation.test.OrgAdmin_Groups.checkAddGroup(OrgAdmin_Groups.java:31)
at automation.test.OrgAdmin_Groups.checkAddGroup(OrgAdmin_Groups.java:31)
at automation.test.OrgAdmin_Groups.checkAddGroup(OrgAdmin_Groups.java:31)
at automation.test.OrgAdmin_Groups.checkAddGroup(OrgAdmin_Groups.java:31)
at automation.test.OrgAdmin_Groups.checkAddGroup(OrgAdmin_Groups.java:31)
at automation.test.OrgAdmin_Groups.checkAddGroup(OrgAdmin_Groups.java:31)
at automation.test.OrgAdmin_Groups.checkAddGroup(OrgAdmin_Groups.java:31)
at automation.test.OrgAdmin_Groups.checkAddGroup(OrgAdmin_Groups.java:31)
at automation.test.OrgAdmin_Groups.checkAddGroup(OrgAdmin_Groups.java:31)
at automation.test.OrgAdmin_Groups.checkAddGroup(OrgAdmin_Groups.java:31)
at automation.test.OrgAdmin_Groups.checkAddGroup(OrgAdmin_Groups.java:31)
at automation.test.OrgAdmin_Groups.checkAddGroup(OrgAdmin_Groups.java:31)
at automation.test.OrgAdmin_Groups.checkAddGroup(OrgAdmin_Groups.java:31)
at automation.test.OrgAdmin_Groups.checkAddGroup(OrgAdmin_Groups.java:31)
at automation.test.OrgAdmin_Groups.checkAddGroup(OrgAdmin_Groups.java:31)
at automation.test.OrgAdmin_Groups.checkAddGroup(OrgAdmin_Groups.java:31)
at automation.test.OrgAdmin_Groups.checkAddGroup(OrgAdmin_Groups.java:31)
at automation.test.OrgAdmin_Groups.checkAddGroup(OrgAdmin_Groups.java:31)
at automation.test.OrgAdmin_Groups.checkAddGroup(OrgAdmin_Groups.java:31)
at automation.test.OrgAdmin_Groups.checkAddGroup(OrgAdmin_Groups.java:31)
at automation.test.OrgAdmin_Groups.checkAddGroup(OrgAdmin_Groups.java:31)
at automation.test.OrgAdmin_Groups.checkAddGroup(OrgAdmin_Groups.java:31)
at automation.test.OrgAdmin_Groups.checkAddGroup(OrgAdmin_Groups.java:31)
at automation.test.OrgAdmin_Groups.checkAddGroup(OrgAdmin_Groups.java:31)
at automation.test.OrgAdmin_Groups.checkAddGroup(OrgAdmin_Groups.java:31)
at automation.test.OrgAdmin_Groups.checkAddGroup(OrgAdmin_Groups.java:31)
at automation.test.OrgAdmin_Groups.checkAddGroup(OrgAdmin_Groups.java:31)
at automation.test.OrgAdmin_Groups.checkAddGroup(OrgAdmin_Groups.java:31)
at automation.test.OrgAdmin_Groups.checkAddGroup(OrgAdmin_Groups.java:31)
at automation.test.OrgAdmin_Groups.checkAddGroup(OrgAdmin_Groups.java:31)
at automation.test.OrgAdmin_Groups.checkAddGroup(OrgAdmin_Groups.java:31)
at automation.test.OrgAdmin_Groups.checkAddGroup(OrgAdmin_Groups.java:31)
at automation.test.OrgAdmin_Groups.checkAddGroup(OrgAdmin_Groups.java:31)
at automation.test.OrgAdmin_Groups.checkAddGroup(OrgAdmin_Groups.java:31)
at automation.test.OrgAdmin_Groups.checkAddGroup(OrgAdmin_Groups.java:31)
at automation.test.OrgAdmin_Groups.checkAddGroup(OrgAdmin_Groups.java:31)
at automation.test.OrgAdmin_Groups.checkAddGroup(OrgAdmin_Groups.java:31)
at automation.test.OrgAdmin_Groups.checkAddGroup(OrgAdmin_Groups.java:31)
at automation.test.OrgAdmin_Groups.checkAddGroup(OrgAdmin_Groups.java:31)
at automation.test.OrgAdmin_Groups.checkAddGroup(OrgAdmin_Groups.java:31)
at automation.test.OrgAdmin_Groups.checkAddGroup(OrgAdmin_Groups.java:31)
at automation.test.OrgAdmin_Groups.checkAddGroup(OrgAdmin_Groups.java:31)
at automation.test.OrgAdmin_Groups.checkAddGroup(OrgAdmin_Groups.java:31)
at automation.test.OrgAdmin_Groups.checkAddGroup(OrgAdmin_Groups.java:31)
at automation.test.OrgAdmin_Groups.checkAddGroup(OrgAdmin_Groups.java:31)
at automation.test.OrgAdmin_Groups.checkAddGroup(OrgAdmin_Groups.java:31)
at automation.test.OrgAdmin_Groups.checkAddGroup(OrgAdmin_Groups.java:31)
at automation.test.OrgAdmin_Groups.checkAddGroup(OrgAdmin_Groups.java:31)
at automation.test.OrgAdmin_Groups.checkAddGroup(OrgAdmin_Groups.java:31)
at automation.test.OrgAdmin_Groups.checkAddGroup(OrgAdmin_Groups.java:31)
at automation.test.OrgAdmin_Groups.checkAddGroup(OrgAdmin_Groups.java:31)
at automation.test.OrgAdmin_Groups.checkAddGroup(OrgAdmin_Groups.java:31)
at automation.test.OrgAdmin_Groups.checkAddGroup(OrgAdmin_Groups.java:31)
at automation.test.OrgAdmin_Groups.checkAddGroup(OrgAdmin_Groups.java:31)
at automation.test.OrgAdmin_Groups.checkAddGroup(OrgAdmin_Groups.java:31)
at automation.test.OrgAdmin_Groups.checkAddGroup(OrgAdmin_Groups.java:31)
at automation.test.OrgAdmin_Groups.checkAddGroup(OrgAdmin_Groups.java:31)
at automation.test.OrgAdmin_Groups.checkAddGroup(OrgAdmin_Groups.java:31)
at automation.test.OrgAdmin_Groups.checkAddGroup(OrgAdmin_Groups.java:31)
at automation.test.OrgAdmin_Groups.checkAddGroup(OrgAdmin_Groups.java:31)
at automation.test.OrgAdmin_Groups.checkAddGroup(OrgAdmin_Groups.java:31)
at automation.test.OrgAdmin_Groups.checkAddGroup(OrgAdmin_Groups.java:31)
at automation.test.OrgAdmin_Groups.checkAddGroup(OrgAdmin_Groups.java:31)
at automation.test.OrgAdmin_Groups.checkAddGroup(OrgAdmin_Groups.java:31)
at automation.test.OrgAdmin_Groups.checkAddGroup(OrgAdmin_Groups.java:31)
at automation.test.OrgAdmin_Groups.checkAddGroup(OrgAdmin_Groups.java:31)
at automation.test.OrgAdmin_Groups.checkAddGroup(OrgAdmin_Groups.java:31)
at automation.test.OrgAdmin_Groups.checkAddGroup(OrgAdmin_Groups.java:31)
at automation.test.OrgAdmin_Groups.checkAddGroup(OrgAdmin_Groups.java:31)
at automation.test.OrgAdmin_Groups.checkAddGroup(OrgAdmin_Groups.java:31)
at automation.test.OrgAdmin_Groups.checkAddGroup(OrgAdmin_Groups.java:31)
at automation.test.OrgAdmin_Groups.checkAddGroup(OrgAdmin_Groups.java:31)
at automation.test.OrgAdmin_Groups.checkAddGroup(OrgAdmin_Groups.java:31)
at automation.test.OrgAdmin_Groups.checkAddGroup(OrgAdmin_Groups.java:31)
at automation.test.OrgAdmin_Groups.checkAddGroup(OrgAdmin_Groups.java:31)
at automation.test.OrgAdmin_Groups.checkAddGroup(OrgAdmin_Groups.java:31)
at automation.test.OrgAdmin_Groups.checkAddGroup(OrgAdmin_Groups.java:31)
at automation.test.OrgAdmin_Groups.checkAddGroup(OrgAdmin_Groups.java:31)
at automation.test.OrgAdmin_Groups.checkAddGroup(OrgAdmin_Groups.java:31)
at automation.test.OrgAdmin_Groups.checkAddGroup(OrgAdmin_Groups.java:31)
at automation.test.OrgAdmin_Groups.checkAddGroup(OrgAdmin_Groups.java:31)
at automation.test.OrgAdmin_Groups.checkAddGroup(OrgAdmin_Groups.java:31)
at automation.test.OrgAdmin_Groups.checkAddGroup(OrgAdmin_Groups.java:31)
at automation.test.OrgAdmin_Groups.checkAddGroup(OrgAdmin_Groups.java:31)
at automation.test.OrgAdmin_Groups.checkAddGroup(OrgAdmin_Groups.java:31)
at automation.test.OrgAdmin_Groups.checkAddGroup(OrgAdmin_Groups.java:31)
at automation.test.OrgAdmin_Groups.checkAddGroup(OrgAdmin_Groups.java:31)
at automation.test.OrgAdmin_Groups.checkAddGroup(OrgAdmin_Groups.java:31)
at automation.test.OrgAdmin_Groups.checkAddGroup(OrgAdmin_Groups.java:31)
at automation.test.OrgAdmin_Groups.checkAddGroup(OrgAdmin_Groups.java:31)
at automation.test.OrgAdmin_Groups.checkAddGroup(OrgAdmin_Groups.java:31)
at automation.test.OrgAdmin_Groups.checkAddGroup(OrgAdmin_Groups.java:31)
at automation.test.OrgAdmin_Groups.checkAddGroup(OrgAdmin_Groups.java:31)
at automation.test.OrgAdmin_Groups.checkAddGroup(OrgAdmin_Groups.java:31)
at automation.test.OrgAdmin_Groups.checkAddGroup(OrgAdmin_Groups.java:31)
at automation.test.OrgAdmin_Groups.checkAddGroup(OrgAdmin_Groups.java:31)
at automation.test.OrgAdmin_Groups.checkAddGroup(OrgAdmin_Groups.java:31)
at automation.test.OrgAdmin_Groups.checkAddGroup(OrgAdmin_Groups.java:31)
at automation.test.OrgAdmin_Groups.checkAddGroup(OrgAdmin_Groups.java:31)
at automation.test.OrgAdmin_Groups.checkAddGroup(OrgAdmin_Groups.java:31)
at automation.test.OrgAdmin_Groups.checkAddGroup(OrgAdmin_Groups.java:31)
at automation.test.OrgAdmin_Groups.checkAddGroup(OrgAdmin_Groups.java:31)
at automation.test.OrgAdmin_Groups.checkAddGroup(OrgAdmin_Groups.java:31)
at automation.test.OrgAdmin_Groups.checkAddGroup(OrgAdmin_Groups.java:31)
at automation.test.OrgAdmin_Groups.checkAddGroup(OrgAdmin_Groups.java:31)
at automation.test.OrgAdmin_Groups.checkAddGroup(OrgAdmin_Groups.java:31)
at automation.test.OrgAdmin_Groups.checkAddGroup(OrgAdmin_Groups.java:31)
at automation.test.OrgAdmin_Groups.checkAddGroup(OrgAdmin_Groups.java:31)
at automation.test.OrgAdmin_Groups.checkAddGroup(OrgAdmin_Groups.java:31)
at automation.test.OrgAdmin_Groups.checkAddGroup(OrgAdmin_Groups.java:31)
at automation.test.OrgAdmin_Groups.checkAddGroup(OrgAdmin_Groups.java:31)
at automation.test.OrgAdmin_Groups.checkAddGroup(OrgAdmin_Groups.java:31)
at automation.test.OrgAdmin_Groups.checkAddGroup(OrgAdmin_Groups.java:31)
at automation.test.OrgAdmin_Groups.checkAddGroup(OrgAdmin_Groups.java:31)
at automation.test.OrgAdmin_Groups.checkAddGroup(OrgAdmin_Groups.java:31)
at automation.test.OrgAdmin_Groups.checkAddGroup(OrgAdmin_Groups.java:31)
at automation.test.OrgAdmin_Groups.checkAddGroup(OrgAdmin_Groups.java:31)
at automation.test.OrgAdmin_Groups.checkAddGroup(OrgAdmin_Groups.java:31)
at automation.test.OrgAdmin_Groups.checkAddGroup(OrgAdmin_Groups.java:31)
at automation.test.OrgAdmin_Groups.checkAddGroup(OrgAdmin_Groups.java:31)
at automation.test.OrgAdmin_Groups.checkAddGroup(OrgAdmin_Groups.java:31)
at automation.test.OrgAdmin_Groups.checkAddGroup(OrgAdmin_Groups.java:31)
at automation.test.OrgAdmin_Groups.checkAddGroup(OrgAdmin_Groups.java:31)
at automation.test.OrgAdmin_Groups.checkAddGroup(OrgAdmin_Groups.java:31)
at automation.test.OrgAdmin_Groups.checkAddGroup(OrgAdmin_Groups.java:31)
at automation.test.OrgAdmin_Groups.checkAddGroup(OrgAdmin_Groups.java:31)
at automation.test.OrgAdmin_Groups.checkAddGroup(OrgAdmin_Groups.java:31)
at automation.test.OrgAdmin_Groups.checkAddGroup(OrgAdmin_Groups.java:31)
at automation.test.OrgAdmin_Groups.checkAddGroup(OrgAdmin_Groups.java:31)
at automation.test.OrgAdmin_Groups.checkAddGroup(OrgAdmin_Groups.java:31)
at automation.test.OrgAdmin_Groups.checkAddGroup(OrgAdmin_Groups.java:31)
at automation.test.OrgAdmin_Groups.checkAddGroup(OrgAdmin_Groups.java:31)
at automation.test.OrgAdmin_Groups.checkAddGroup(OrgAdmin_Groups.java:31)
at automation.test.OrgAdmin_Groups.checkAddGroup(OrgAdmin_Groups.java:31)
at automation.test.OrgAdmin_Groups.checkAddGroup(OrgAdmin_Groups.java:31)
at automation.test.OrgAdmin_Groups.checkAddGroup(OrgAdmin_Groups.java:31)
at automation.test.OrgAdmin_Groups.checkAddGroup(OrgAdmin_Groups.java:31)
at automation.test.OrgAdmin_Groups.checkAddGroup(OrgAdmin_Groups.java:31)
at automation.test.OrgAdmin_Groups.checkAddGroup(OrgAdmin_Groups.java:31)
at automation.test.OrgAdmin_Groups.checkAddGroup(OrgAdmin_Groups.java:31)
at automation.test.OrgAdmin_Groups.checkAddGroup(OrgAdmin_Groups.java:31)
at automation.test.OrgAdmin_Groups.checkAddGroup(OrgAdmin_Groups.java:31)
at automation.test.OrgAdmin_Groups.checkAddGroup(OrgAdmin_Groups.java:31)
at automation.test.OrgAdmin_Groups.checkAddGroup(OrgAdmin_Groups.java:31)
at automation.test.OrgAdmin_Groups.checkAddGroup(OrgAdmin_Groups.java:31)
at automation.test.OrgAdmin_Groups.checkAddGroup(OrgAdmin_Groups.java:31)
at automation.test.OrgAdmin_Groups.checkAddGroup(OrgAdmin_Groups.java:31)
at automation.test.OrgAdmin_Groups.checkAddGroup(OrgAdmin_Groups.java:31)
at automation.test.OrgAdmin_Groups.checkAddGroup(OrgAdmin_Groups.java:31)
at automation.test.OrgAdmin_Groups.checkAddGroup(OrgAdmin_Groups.java:31)
at automation.test.OrgAdmin_Groups.checkAddGroup(OrgAdmin_Groups.java:31)
at automation.test.OrgAdmin_Groups.checkAddGroup(OrgAdmin_Groups.java:31)
at automation.test.OrgAdmin_Groups.checkAddGroup(OrgAdmin_Groups.java:31)
at automation.test.OrgAdmin_Groups.checkAddGroup(OrgAdmin_Groups.java:31)
at automation.test.OrgAdmin_Groups.checkAddGroup(OrgAdmin_Groups.java:31)
at automation.test.OrgAdmin_Groups.checkAddGroup(OrgAdmin_Groups.java:31)
at automation.test.OrgAdmin_Groups.checkAddGroup(OrgAdmin_Groups.java:31)
at automation.test.OrgAdmin_Groups.checkAddGroup(OrgAdmin_Groups.java:31)
at automation.test.OrgAdmin_Groups.checkAddGroup(OrgAdmin_Groups.java:31)
at automation.test.OrgAdmin_Groups.checkAddGroup(OrgAdmin_Groups.java:31)
at automation.test.OrgAdmin_Groups.checkAddGroup(OrgAdmin_Groups.java:31)
at automation.test.OrgAdmin_Groups.checkAddGroup(OrgAdmin_Groups.java:31)
at automation.test.OrgAdmin_Groups.checkAddGroup(OrgAdmin_Groups.java:31)
at automation.test.OrgAdmin_Groups.checkAddGroup(OrgAdmin_Groups.java:31)
at automation.test.OrgAdmin_Groups.checkAddGroup(OrgAdmin_Groups.java:31)
at automation.test.OrgAdmin_Groups.checkAddGroup(OrgAdmin_Groups.java:31)
at automation.test.OrgAdmin_Groups.checkAddGroup(OrgAdmin_Groups.java:31)
at automation.test.OrgAdmin_Groups.checkAddGroup(OrgAdmin_Groups.java:31)
at automation.test.OrgAdmin_Groups.checkAddGroup(OrgAdmin_Groups.java:31)
at automation.test.OrgAdmin_Groups.checkAddGroup(OrgAdmin_Groups.java:31)
at automation.test.OrgAdmin_Groups.checkAddGroup(OrgAdmin_Groups.java:31)
at automation.test.OrgAdmin_Groups.checkAddGroup(OrgAdmin_Groups.java:31)
at automation.test.OrgAdmin_Groups.checkAddGroup(OrgAdmin_Groups.java:31)
at automation.test.OrgAdmin_Groups.checkAddGroup(OrgAdmin_Groups.java:31)
at automation.test.OrgAdmin_Groups.checkAddGroup(OrgAdmin_Groups.java:31)
at automation.test.OrgAdmin_Groups.checkAddGroup(OrgAdmin_Groups.java:31)
at automation.test.OrgAdmin_Groups.checkAddGroup(OrgAdmin_Groups.java:31)
at automation.test.OrgAdmin_Groups.checkAddGroup(OrgAdmin_Groups.java:31)
at automation.test.OrgAdmin_Groups.checkAddGroup(OrgAdmin_Groups.java:31)
at automation.test.OrgAdmin_Groups.checkAddGroup(OrgAdmin_Groups.java:31)
at automation.test.OrgAdmin_Groups.checkAddGroup(OrgAdmin_Groups.java:31)
at automation.test.OrgAdmin_Groups.checkAddGroup(OrgAdmin_Groups.java:31)
at automation.test.OrgAdmin_Groups.checkAddGroup(OrgAdmin_Groups.java:31)
at automation.test.OrgAdmin_Groups.checkAddGroup(OrgAdmin_Groups.java:31)
at automation.test.OrgAdmin_Groups.checkAddGroup(OrgAdmin_Groups.java:31)
at automation.test.OrgAdmin_Groups.checkAddGroup(OrgAdmin_Groups.java:31)
at automation.test.OrgAdmin_Groups.checkAddGroup(OrgAdmin_Groups.java:31)
at automation.test.OrgAdmin_Groups.checkAddGroup(OrgAdmin_Groups.java:31)
at automation.test.OrgAdmin_Groups.checkAddGroup(OrgAdmin_Groups.java:31)
at automation.test.OrgAdmin_Groups.checkAddGroup(OrgAdmin_Groups.java:31)
at automation.test.OrgAdmin_Groups.checkAddGroup(OrgAdmin_Groups.java:31)
at automation.test.OrgAdmin_Groups.checkAddGroup(OrgAdmin_Groups.java:31)
at automation.test.OrgAdmin_Groups.checkAddGroup(OrgAdmin_Groups.java:31)
at automation.test.OrgAdmin_Groups.checkAddGroup(OrgAdmin_Groups.java:31)
at automation.test.OrgAdmin_Groups.checkAddGroup(OrgAdmin_Groups.java:31)
at automation.test.OrgAdmin_Groups.checkAddGroup(OrgAdmin_Groups.java:31)
at automation.test.OrgAdmin_Groups.checkAddGroup(OrgAdmin_Groups.java:31)
at automation.test.OrgAdmin_Groups.checkAddGroup(OrgAdmin_Groups.java:31)
at automation.test.OrgAdmin_Groups.checkAddGroup(OrgAdmin_Groups.java:31)
at automation.test.OrgAdmin_Groups.checkAddGroup(OrgAdmin_Groups.java:31)
at automation.test.OrgAdmin_Groups.checkAddGroup(OrgAdmin_Groups.java:31)
at automation.test.OrgAdmin_Groups.checkAddGroup(OrgAdmin_Groups.java:31)
at automation.test.OrgAdmin_Groups.checkAddGroup(OrgAdmin_Groups.java:31)
at automation.test.OrgAdmin_Groups.checkAddGroup(OrgAdmin_Groups.java:31)
at automation.test.OrgAdmin_Groups.checkAddGroup(OrgAdmin_Groups.java:31)
at automation.test.OrgAdmin_Groups.checkAddGroup(OrgAdmin_Groups.java:31)
at automation.test.OrgAdmin_Groups.checkAddGroup(OrgAdmin_Groups.java:31)
at automation.test.OrgAdmin_Groups.checkAddGroup(OrgAdmin_Groups.java:31)
at automation.test.OrgAdmin_Groups.checkAddGroup(OrgAdmin_Groups.java:31)
at automation.test.OrgAdmin_Groups.checkAddGroup(OrgAdmin_Groups.java:31)
at automation.test.OrgAdmin_Groups.checkAddGroup(OrgAdmin_Groups.java:31)
at automation.test.OrgAdmin_Groups.checkAddGroup(OrgAdmin_Groups.java:31)
at automation.test.OrgAdmin_Groups.checkAddGroup(OrgAdmin_Groups.java:31)
at automation.test.OrgAdmin_Groups.checkAddGroup(OrgAdmin_Groups.java:31)
at automation.test.OrgAdmin_Groups.checkAddGroup(OrgAdmin_Groups.java:31)
at automation.test.OrgAdmin_Groups.checkAddGroup(OrgAdmin_Groups.java:31)
at automation.test.OrgAdmin_Groups.checkAddGroup(OrgAdmin_Groups.java:31)
at automation.test.OrgAdmin_Groups.checkAddGroup(OrgAdmin_Groups.java:31)
at automation.test.OrgAdmin_Groups.checkAddGroup(OrgAdmin_Groups.java:31)
at automation.test.OrgAdmin_Groups.checkAddGroup(OrgAdmin_Groups.java:31)
at automation.test.OrgAdmin_Groups.checkAddGroup(OrgAdmin_Groups.java:31)
at automation.test.OrgAdmin_Groups.checkAddGroup(OrgAdmin_Groups.java:31)
at automation.test.OrgAdmin_Groups.checkAddGroup(OrgAdmin_Groups.java:31)
at automation.test.OrgAdmin_Groups.checkAddGroup(OrgAdmin_Groups.java:31)
at automation.test.OrgAdmin_Groups.checkAddGroup(OrgAdmin_Groups.java:31)
at automation.test.OrgAdmin_Groups.checkAddGroup(OrgAdmin_Groups.java:31)
at automation.test.OrgAdmin_Groups.checkAddGroup(OrgAdmin_Groups.java:31)
at automation.test.OrgAdmin_Groups.checkAddGroup(OrgAdmin_Groups.java:31)
at automation.test.OrgAdmin_Groups.checkAddGroup(OrgAdmin_Groups.java:31)
at automation.test.OrgAdmin_Groups.checkAddGroup(OrgAdmin_Groups.java:31)
at automation.test.OrgAdmin_Groups.checkAddGroup(OrgAdmin_Groups.java:31)
at automation.test.OrgAdmin_Groups.checkAddGroup(OrgAdmin_Groups.java:31)
at automation.test.OrgAdmin_Groups.checkAddGroup(OrgAdmin_Groups.java:31)
at automation.test.OrgAdmin_Groups.checkAddGroup(OrgAdmin_Groups.java:31)
at automation.test.OrgAdmin_Groups.checkAddGroup(OrgAdmin_Groups.java:31)
at automation.test.OrgAdmin_Groups.checkAddGroup(OrgAdmin_Groups.java:31)
at automation.test.OrgAdmin_Groups.checkAddGroup(OrgAdmin_Groups.java:31)
at automation.test.OrgAdmin_Groups.checkAddGroup(OrgAdmin_Groups.java:31)
at automation.test.OrgAdmin_Groups.checkAddGroup(OrgAdmin_Groups.java:31)
at automation.test.OrgAdmin_Groups.checkAddGroup(OrgAdmin_Groups.java:31)
at automation.test.OrgAdmin_Groups.checkAddGroup(OrgAdmin_Groups.java:31)
at automation.test.OrgAdmin_Groups.checkAddGroup(OrgAdmin_Groups.java:31)
at automation.test.OrgAdmin_Groups.checkAddGroup(OrgAdmin_Groups.java:31)
at automation.test.OrgAdmin_Groups.checkAddGroup(OrgAdmin_Groups.java:31)
at automation.test.OrgAdmin_Groups.checkAddGroup(OrgAdmin_Groups.java:31)
at automation.test.OrgAdmin_Groups.checkAddGroup(OrgAdmin_Groups.java:31)
at automation.test.OrgAdmin_Groups.checkAddGroup(OrgAdmin_Groups.java:31)
at automation.test.OrgAdmin_Groups.checkAddGroup(OrgAdmin_Groups.java:31)
at automation.test.OrgAdmin_Groups.checkAddGroup(OrgAdmin_Groups.java:31)
at automation.test.OrgAdmin_Groups.checkAddGroup(OrgAdmin_Groups.java:31)
at automation.test.OrgAdmin_Groups.checkAddGroup(OrgAdmin_Groups.java:31)
at automation.test.OrgAdmin_Groups.checkAddGroup(OrgAdmin_Groups.java:31)
at automation.test.OrgAdmin_Groups.checkAddGroup(OrgAdmin_Groups.java:31)
at automation.test.OrgAdmin_Groups.checkAddGroup(OrgAdmin_Groups.java:31)
at automation.test.OrgAdmin_Groups.checkAddGroup(OrgAdmin_Groups.java:31)
at automation.test.OrgAdmin_Groups.checkAddGroup(OrgAdmin_Groups.java:31)
at automation.test.OrgAdmin_Groups.checkAddGroup(OrgAdmin_Groups.java:31)
at automation.test.OrgAdmin_Groups.checkAddGroup(OrgAdmin_Groups.java:31)
at automation.test.OrgAdmin_Groups.checkAddGroup(OrgAdmin_Groups.java:31)
at automation.test.OrgAdmin_Groups.checkAddGroup(OrgAdmin_Groups.java:31)
at automation.test.OrgAdmin_Groups.checkAddGroup(OrgAdmin_Groups.java:31)
at automation.test.OrgAdmin_Groups.checkAddGroup(OrgAdmin_Groups.java:31)
at automation.test.OrgAdmin_Groups.checkAddGroup(OrgAdmin_Groups.java:31)
at automation.test.OrgAdmin_Groups.checkAddGroup(OrgAdmin_Groups.java:31)
at automation.test.OrgAdmin_Groups.checkAddGroup(OrgAdmin_Groups.java:31)
at automation.test.OrgAdmin_Groups.checkAddGroup(OrgAdmin_Groups.java:31)
at automation.test.OrgAdmin_Groups.checkAddGroup(OrgAdmin_Groups.java:31)
at automation.test.OrgAdmin_Groups.checkAddGroup(OrgAdmin_Groups.java:31)
at automation.test.OrgAdmin_Groups.checkAddGroup(OrgAdmin_Groups.java:31)
at automation.test.OrgAdmin_Groups.checkAddGroup(OrgAdmin_Groups.java:31)
at automation.test.OrgAdmin_Groups.checkAddGroup(OrgAdmin_Groups.java:31)
at automation.test.OrgAdmin_Groups.checkAddGroup(OrgAdmin_Groups.java:31)
at automation.test.OrgAdmin_Groups.checkAddGroup(OrgAdmin_Groups.java:31)
at automation.test.OrgAdmin_Groups.checkAddGroup(OrgAdmin_Groups.java:31)
at automation.test.OrgAdmin_Groups.checkAddGroup(OrgAdmin_Groups.java:31)
at automation.test.OrgAdmin_Groups.checkAddGroup(OrgAdmin_Groups.java:31)
at automation.test.OrgAdmin_Groups.checkAddGroup(OrgAdmin_Groups.java:31)
at automation.test.OrgAdmin_Groups.checkAddGroup(OrgAdmin_Groups.java:31)
at automation.test.OrgAdmin_Groups.checkAddGroup(OrgAdmin_Groups.java:31)
at automation.test.OrgAdmin_Groups.checkAddGroup(OrgAdmin_Groups.java:31)
at automation.test.OrgAdmin_Groups.checkAddGroup(OrgAdmin_Groups.java:31)
at automation.test.OrgAdmin_Groups.checkAddGroup(OrgAdmin_Groups.java:31)
at automation.test.OrgAdmin_Groups.checkAddGroup(OrgAdmin_Groups.java:31)
at automation.test.OrgAdmin_Groups.checkAddGroup(OrgAdmin_Groups.java:31)
at automation.test.OrgAdmin_Groups.checkAddGroup(OrgAdmin_Groups.java:31)
at automation.test.OrgAdmin_Groups.checkAddGroup(OrgAdmin_Groups.java:31)
at automation.test.OrgAdmin_Groups.checkAddGroup(OrgAdmin_Groups.java:31)
at automation.test.OrgAdmin_Groups.checkAddGroup(OrgAdmin_Groups.java:31)
at automation.test.OrgAdmin_Groups.checkAddGroup(OrgAdmin_Groups.java:31)
at automation.test.OrgAdmin_Groups.checkAddGroup(OrgAdmin_Groups.java:31)
at automation.test.OrgAdmin_Groups.checkAddGroup(OrgAdmin_Groups.java:31)
at automation.test.OrgAdmin_Groups.checkAddGroup(OrgAdmin_Groups.java:31)
at automation.test.OrgAdmin_Groups.checkAddGroup(OrgAdmin_Groups.java:31)
at automation.test.OrgAdmin_Groups.checkAddGroup(OrgAdmin_Groups.java:31)
at automation.test.OrgAdmin_Groups.checkAddGroup(OrgAdmin_Groups.java:31)
at automation.test.OrgAdmin_Groups.checkAddGroup(OrgAdmin_Groups.java:31)
at automation.test.OrgAdmin_Groups.checkAddGroup(OrgAdmin_Groups.java:31)
at automation.test.OrgAdmin_Groups.checkAddGroup(OrgAdmin_Groups.java:31)
at automation.test.OrgAdmin_Groups.checkAddGroup(OrgAdmin_Groups.java:31)
at automation.test.OrgAdmin_Groups.checkAddGroup(OrgAdmin_Groups.java:31)
at automation.test.OrgAdmin_Groups.checkAddGroup(OrgAdmin_Groups.java:31)
at automation.test.OrgAdmin_Groups.checkAddGroup(OrgAdmin_Groups.java:31)
at automation.test.OrgAdmin_Groups.checkAddGroup(OrgAdmin_Groups.java:31)
at automation.test.OrgAdmin_Groups.checkAddGroup(OrgAdmin_Groups.java:31)
at automation.test.OrgAdmin_Groups.checkAddGroup(OrgAdmin_Groups.java:31)
at automation.test.OrgAdmin_Groups.checkAddGroup(OrgAdmin_Groups.java:31)
at automation.test.OrgAdmin_Groups.checkAddGroup(OrgAdmin_Groups.java:31)
at automation.test.OrgAdmin_Groups.checkAddGroup(OrgAdmin_Groups.java:31)
at automation.test.OrgAdmin_Groups.checkAddGroup(OrgAdmin_Groups.java:31)
at automation.test.OrgAdmin_Groups.checkAddGroup(OrgAdmin_Groups.java:31)
at automation.test.OrgAdmin_Groups.checkAddGroup(OrgAdmin_Groups.java:31)
at automation.test.OrgAdmin_Groups.checkAddGroup(OrgAdmin_Groups.java:31)
at automation.test.OrgAdmin_Groups.checkAddGroup(OrgAdmin_Groups.java:31)
at automation.test.OrgAdmin_Groups.checkAddGroup(OrgAdmin_Groups.java:31)
at automation.test.OrgAdmin_Groups.checkAddGroup(OrgAdmin_Groups.java:31)
at automation.test.OrgAdmin_Groups.checkAddGroup(OrgAdmin_Groups.java:31)
at automation.test.OrgAdmin_Groups.checkAddGroup(OrgAdmin_Groups.java:31)
at automation.test.OrgAdmin_Groups.checkAddGroup(OrgAdmin_Groups.java:31)
at automation.test.OrgAdmin_Groups.checkAddGroup(OrgAdmin_Groups.java:31)
at automation.test.OrgAdmin_Groups.checkAddGroup(OrgAdmin_Groups.java:31)
at automation.test.OrgAdmin_Groups.checkAddGroup(OrgAdmin_Groups.java:31)
at automation.test.OrgAdmin_Groups.checkAddGroup(OrgAdmin_Groups.java:31)
at automation.test.OrgAdmin_Groups.checkAddGroup(OrgAdmin_Groups.java:31)
at automation.test.OrgAdmin_Groups.checkAddGroup(OrgAdmin_Groups.java:31)
at automation.test.OrgAdmin_Groups.checkAddGroup(OrgAdmin_Groups.java:31)
at automation.test.OrgAdmin_Groups.checkAddGroup(OrgAdmin_Groups.java:31)
at automation.test.OrgAdmin_Groups.checkAddGroup(OrgAdmin_Groups.java:31)
at automation.test.OrgAdmin_Groups.checkAddGroup(OrgAdmin_Groups.java:31)
at automation.test.OrgAdmin_Groups.checkAddGroup(OrgAdmin_Groups.java:31)
at automation.test.OrgAdmin_Groups.checkAddGroup(OrgAdmin_Groups.java:31)
at automation.test.OrgAdmin_Groups.checkAddGroup(OrgAdmin_Groups.java:31)
at automation.test.OrgAdmin_Groups.checkAddGroup(OrgAdmin_Groups.java:31)
at automation.test.OrgAdmin_Groups.checkAddGroup(OrgAdmin_Groups.java:31)
at automation.test.OrgAdmin_Groups.checkAddGroup(OrgAdmin_Groups.java:31)
at automation.test.OrgAdmin_Groups.checkAddGroup(OrgAdmin_Groups.java:31)
at automation.test.OrgAdmin_Groups.checkAddGroup(OrgAdmin_Groups.java:31)
at automation.test.OrgAdmin_Groups.checkAddGroup(OrgAdmin_Groups.java:31)
at automation.test.OrgAdmin_Groups.checkAddGroup(OrgAdmin_Groups.java:31)
at automation.test.OrgAdmin_Groups.checkAddGroup(OrgAdmin_Groups.java:31)
at automation.test.OrgAdmin_Groups.checkAddGroup(OrgAdmin_Groups.java:31)
at automation.test.OrgAdmin_Groups.checkAddGroup(OrgAdmin_Groups.java:31)
at automation.test.OrgAdmin_Groups.checkAddGroup(OrgAdmin_Groups.java:31)
at automation.test.OrgAdmin_Groups.checkAddGroup(OrgAdmin_Groups.java:31)
at automation.test.OrgAdmin_Groups.checkAddGroup(OrgAdmin_Groups.java:31)
at automation.test.OrgAdmin_Groups.checkAddGroup(OrgAdmin_Groups.java:31)
at automation.test.OrgAdmin_Groups.checkAddGroup(OrgAdmin_Groups.java:31)
at automation.test.OrgAdmin_Groups.checkAddGroup(OrgAdmin_Groups.java:31)
at automation.test.OrgAdmin_Groups.checkAddGroup(OrgAdmin_Groups.java:31)
at automation.test.OrgAdmin_Groups.checkAddGroup(OrgAdmin_Groups.java:31)
at automation.test.OrgAdmin_Groups.checkAddGroup(OrgAdmin_Groups.java:31)
at automation.test.OrgAdmin_Groups.checkAddGroup(OrgAdmin_Groups.java:31)
at automation.test.OrgAdmin_Groups.checkAddGroup(OrgAdmin_Groups.java:31)
at automation.test.OrgAdmin_Groups.checkAddGroup(OrgAdmin_Groups.java:31)
at automation.test.OrgAdmin_Groups.checkAddGroup(OrgAdmin_Groups.java:31)
at automation.test.OrgAdmin_Groups.checkAddGroup(OrgAdmin_Groups.java:31)
at automation.test.OrgAdmin_Groups.checkAddGroup(OrgAdmin_Groups.java:31)
at automation.test.OrgAdmin_Groups.checkAddGroup(OrgAdmin_Groups.java:31)
at automation.test.OrgAdmin_Groups.checkAddGroup(OrgAdmin_Groups.java:31)
at automation.test.OrgAdmin_Groups.checkAddGroup(OrgAdmin_Groups.java:31)
at automation.test.OrgAdmin_Groups.checkAddGroup(OrgAdmin_Groups.java:31)
at automation.test.OrgAdmin_Groups.checkAddGroup(OrgAdmin_Groups.java:31)
at automation.test.OrgAdmin_Groups.checkAddGroup(OrgAdmin_Groups.java:31)
at automation.test.OrgAdmin_Groups.checkAddGroup(OrgAdmin_Groups.java:31)
at automation.test.OrgAdmin_Groups.checkAddGroup(OrgAdmin_Groups.java:31)
at automation.test.OrgAdmin_Groups.checkAddGroup(OrgAdmin_Groups.java:31)
at automation.test.OrgAdmin_Groups.checkAddGroup(OrgAdmin_Groups.java:31)
at automation.test.OrgAdmin_Groups.checkAddGroup(OrgAdmin_Groups.java:31)
at automation.test.OrgAdmin_Groups.checkAddGroup(OrgAdmin_Groups.java:31)
at automation.test.OrgAdmin_Groups.checkAddGroup(OrgAdmin_Groups.java:31)
at automation.test.OrgAdmin_Groups.checkAddGroup(OrgAdmin_Groups.java:31)
at automation.test.OrgAdmin_Groups.checkAddGroup(OrgAdmin_Groups.java:31)
at automation.test.OrgAdmin_Groups.checkAddGroup(OrgAdmin_Groups.java:31)
at automation.test.OrgAdmin_Groups.checkAddGroup(OrgAdmin_Groups.java:31)
at automation.test.OrgAdmin_Groups.checkAddGroup(OrgAdmin_Groups.java:31)
at automation.test.OrgAdmin_Groups.checkAddGroup(OrgAdmin_Groups.java:31)
at automation.test.OrgAdmin_Groups.checkAddGroup(OrgAdmin_Groups.java:31)
at automation.test.OrgAdmin_Groups.checkAddGroup(OrgAdmin_Groups.java:31)
at automation.test.OrgAdmin_Groups.checkAddGroup(OrgAdmin_Groups.java:31)
at automation.test.OrgAdmin_Groups.checkAddGroup(OrgAdmin_Groups.java:31)
at automation.test.OrgAdmin_Groups.checkAddGroup(OrgAdmin_Groups.java:31)
at automation.test.OrgAdmin_Groups.checkAddGroup(OrgAdmin_Groups.java:31)
at automation.test.OrgAdmin_Groups.checkAddGroup(OrgAdmin_Groups.java:31)
at automation.test.OrgAdmin_Groups.checkAddGroup(OrgAdmin_Groups.java:31)
at automation.test.OrgAdmin_Groups.checkAddGroup(OrgAdmin_Groups.java:31)
at automation.test.OrgAdmin_Groups.checkAddGroup(OrgAdmin_Groups.java:31)
at automation.test.OrgAdmin_Groups.checkAddGroup(OrgAdmin_Groups.java:31)
at automation.test.OrgAdmin_Groups.checkAddGroup(OrgAdmin_Groups.java:31)
at automation.test.OrgAdmin_Groups.checkAddGroup(OrgAdmin_Groups.java:31)
at automation.test.OrgAdmin_Groups.checkAddGroup(OrgAdmin_Groups.java:31)
at automation.test.OrgAdmin_Groups.checkAddGroup(OrgAdmin_Groups.java:31)
at automation.test.OrgAdmin_Groups.checkAddGroup(OrgAdmin_Groups.java:31)
at automation.test.OrgAdmin_Groups.checkAddGroup(OrgAdmin_Groups.java:31)
at automation.test.OrgAdmin_Groups.checkAddGroup(OrgAdmin_Groups.java:31)
at automation.test.OrgAdmin_Groups.checkAddGroup(OrgAdmin_Groups.java:31)
at automation.test.OrgAdmin_Groups.checkAddGroup(OrgAdmin_Groups.java:31)
at automation.test.OrgAdmin_Groups.checkAddGroup(OrgAdmin_Groups.java:31)
at automation.test.OrgAdmin_Groups.checkAddGroup(OrgAdmin_Groups.java:31)
at automation.test.OrgAdmin_Groups.checkAddGroup(OrgAdmin_Groups.java:31)
at automation.test.OrgAdmin_Groups.checkAddGroup(OrgAdmin_Groups.java:31)
at automation.test.OrgAdmin_Groups.checkAddGroup(OrgAdmin_Groups.java:31)
at automation.test.OrgAdmin_Groups.checkAddGroup(OrgAdmin_Groups.java:31)
at automation.test.OrgAdmin_Groups.checkAddGroup(OrgAdmin_Groups.java:31)
at automation.test.OrgAdmin_Groups.checkAddGroup(OrgAdmin_Groups.java:31)
at automation.test.OrgAdmin_Groups.checkAddGroup(OrgAdmin_Groups.java:31)
at automation.test.OrgAdmin_Groups.checkAddGroup(OrgAdmin_Groups.java:31)
at automation.test.OrgAdmin_Groups.checkAddGroup(OrgAdmin_Groups.java:31)
at automation.test.OrgAdmin_Groups.checkAddGroup(OrgAdmin_Groups.java:31)
at automation.test.OrgAdmin_Groups.checkAddGroup(OrgAdmin_Groups.java:31)
at automation.test.OrgAdmin_Groups.checkAddGroup(OrgAdmin_Groups.java:31)
at automation.test.OrgAdmin_Groups.checkAddGroup(OrgAdmin_Groups.java:31)
at automation.test.OrgAdmin_Groups.checkAddGroup(OrgAdmin_Groups.java:31)
at automation.test.OrgAdmin_Groups.checkAddGroup(OrgAdmin_Groups.java:31)
at automation.test.OrgAdmin_Groups.checkAddGroup(OrgAdmin_Groups.java:31)
at automation.test.OrgAdmin_Groups.checkAddGroup(OrgAdmin_Groups.java:31)
at automation.test.OrgAdmin_Groups.checkAddGroup(OrgAdmin_Groups.java:31)
at automation.test.OrgAdmin_Groups.checkAddGroup(OrgAdmin_Groups.java:31)
at automation.test.OrgAdmin_Groups.checkAddGroup(OrgAdmin_Groups.java:31)
at automation.test.OrgAdmin_Groups.checkAddGroup(OrgAdmin_Groups.java:31)
at automation.test.OrgAdmin_Groups.checkAddGroup(OrgAdmin_Groups.java:31)
at automation.test.OrgAdmin_Groups.checkAddGroup(OrgAdmin_Groups.java:31)
at automation.test.OrgAdmin_Groups.checkAddGroup(OrgAdmin_Groups.java:31)
at automation.test.OrgAdmin_Groups.checkAddGroup(OrgAdmin_Groups.java:31)
at automation.test.OrgAdmin_Groups.checkAddGroup(OrgAdmin_Groups.java:31)
at automation.test.OrgAdmin_Groups.checkAddGroup(OrgAdmin_Groups.java:31)
at automation.test.OrgAdmin_Groups.checkAddGroup(OrgAdmin_Groups.java:31)
at automation.test.OrgAdmin_Groups.checkAddGroup(OrgAdmin_Groups.java:31)
at automation.test.OrgAdmin_Groups.checkAddGroup(OrgAdmin_Groups.java:31)
at automation.test.OrgAdmin_Groups.checkAddGroup(OrgAdmin_Groups.java:31)
at automation.test.OrgAdmin_Groups.checkAddGroup(OrgAdmin_Groups.java:31)
at automation.test.OrgAdmin_Groups.checkAddGroup(OrgAdmin_Groups.java:31)
at automation.test.OrgAdmin_Groups.checkAddGroup(OrgAdmin_Groups.java:31)
at automation.test.OrgAdmin_Groups.checkAddGroup(OrgAdmin_Groups.java:31)
at automation.test.OrgAdmin_Groups.checkAddGroup(OrgAdmin_Groups.java:31)
at automation.test.OrgAdmin_Groups.checkAddGroup(OrgAdmin_Groups.java:31)
at automation.test.OrgAdmin_Groups.checkAddGroup(OrgAdmin_Groups.java:31)
at automation.test.OrgAdmin_Groups.checkAddGroup(OrgAdmin_Groups.java:31)
at automation.test.OrgAdmin_Groups.checkAddGroup(OrgAdmin_Groups.java:31)
at automation.test.OrgAdmin_Groups.checkAddGroup(OrgAdmin_Groups.java:31)
at automation.test.OrgAdmin_Groups.checkAddGroup(OrgAdmin_Groups.java:31)
at automation.test.OrgAdmin_Groups.checkAddGroup(OrgAdmin_Groups.java:31)
at automation.test.OrgAdmin_Groups.checkAddGroup(OrgAdmin_Groups.java:31)
at automation.test.OrgAdmin_Groups.checkAddGroup(OrgAdmin_Groups.java:31)
at automation.test.OrgAdmin_Groups.checkAddGroup(OrgAdmin_Groups.java:31)
at automation.test.OrgAdmin_Groups.checkAddGroup(OrgAdmin_Groups.java:31)
at automation.test.OrgAdmin_Groups.checkAddGroup(OrgAdmin_Groups.java:31)
at automation.test.OrgAdmin_Groups.checkAddGroup(OrgAdmin_Groups.java:31)
at automation.test.OrgAdmin_Groups.checkAddGroup(OrgAdmin_Groups.java:31)
at automation.test.OrgAdmin_Groups.checkAddGroup(OrgAdmin_Groups.java:31)
at automation.test.OrgAdmin_Groups.checkAddGroup(OrgAdmin_Groups.java:31)
at automation.test.OrgAdmin_Groups.checkAddGroup(OrgAdmin_Groups.java:31)
at automation.test.OrgAdmin_Groups.checkAddGroup(OrgAdmin_Groups.java:31)
at automation.test.OrgAdmin_Groups.checkAddGroup(OrgAdmin_Groups.java:31)
at automation.test.OrgAdmin_Groups.checkAddGroup(OrgAdmin_Groups.java:31)
at automation.test.OrgAdmin_Groups.checkAddGroup(OrgAdmin_Groups.java:31)
at automation.test.OrgAdmin_Groups.checkAddGroup(OrgAdmin_Groups.java:31)
at automation.test.OrgAdmin_Groups.checkAddGroup(OrgAdmin_Groups.java:31)
at automation.test.OrgAdmin_Groups.checkAddGroup(OrgAdmin_Groups.java:31)
at automation.test.OrgAdmin_Groups.checkAddGroup(OrgAdmin_Groups.java:31)
at automation.test.OrgAdmin_Groups.checkAddGroup(OrgAdmin_Groups.java:31)
at automation.test.OrgAdmin_Groups.checkAddGroup(OrgAdmin_Groups.java:31)
at automation.test.OrgAdmin_Groups.checkAddGroup(OrgAdmin_Groups.java:31)
at automation.test.OrgAdmin_Groups.checkAddGroup(OrgAdmin_Groups.java:31)
at automation.test.OrgAdmin_Groups.checkAddGroup(OrgAdmin_Groups.java:31)
at automation.test.OrgAdmin_Groups.checkAddGroup(OrgAdmin_Groups.java:31)
at automation.test.OrgAdmin_Groups.checkAddGroup(OrgAdmin_Groups.java:31)
at automation.test.OrgAdmin_Groups.checkAddGroup(OrgAdmin_Groups.java:31)
at automation.test.OrgAdmin_Groups.checkAddGroup(OrgAdmin_Groups.java:31)
at automation.test.OrgAdmin_Groups.checkAddGroup(OrgAdmin_Groups.java:31)
at automation.test.OrgAdmin_Groups.checkAddGroup(OrgAdmin_Groups.java:31)
at automation.test.OrgAdmin_Groups.checkAddGroup(OrgAdmin_Groups.java:31)
at automation.test.OrgAdmin_Groups.checkAddGroup(OrgAdmin_Groups.java:31)
at automation.test.OrgAdmin_Groups.checkAddGroup(OrgAdmin_Groups.java:31)
at automation.test.OrgAdmin_Groups.checkAddGroup(OrgAdmin_Groups.java:31)
at automation.test.OrgAdmin_Groups.checkAddGroup(OrgAdmin_Groups.java:31)
at automation.test.OrgAdmin_Groups.checkAddGroup(OrgAdmin_Groups.java:31)
at automation.test.OrgAdmin_Groups.checkAddGroup(OrgAdmin_Groups.java:31)
at automation.test.OrgAdmin_Groups.checkAddGroup(OrgAdmin_Groups.java:31)
at automation.test.OrgAdmin_Groups.checkAddGroup(OrgAdmin_Groups.java:31)
at automation.test.OrgAdmin_Groups.checkAddGroup(OrgAdmin_Groups.java:31)
at automation.test.OrgAdmin_Groups.checkAddGroup(OrgAdmin_Groups.java:31)
at automation.test.OrgAdmin_Groups.checkAddGroup(OrgAdmin_Groups.java:31)
at automation.test.OrgAdmin_Groups.checkAddGroup(OrgAdmin_Groups.java:31)
at automation.test.OrgAdmin_Groups.checkAddGroup(OrgAdmin_Groups.java:31)
at automation.test.OrgAdmin_Groups.checkAddGroup(OrgAdmin_Groups.java:31)
at automation.test.OrgAdmin_Groups.checkAddGroup(OrgAdmin_Groups.java:31)
at automation.test.OrgAdmin_Groups.checkAddGroup(OrgAdmin_Groups.java:31)
at automation.test.OrgAdmin_Groups.checkAddGroup(OrgAdmin_Groups.java:31)
at automation.test.OrgAdmin_Groups.checkAddGroup(OrgAdmin_Groups.java:31)
at automation.test.OrgAdmin_Groups.checkAddGroup(OrgAdmin_Groups.java:31)
at automation.test.OrgAdmin_Groups.checkAddGroup(OrgAdmin_Groups.java:31)
at automation.test.OrgAdmin_Groups.checkAddGroup(OrgAdmin_Groups.java:31)
at automation.test.OrgAdmin_Groups.checkAddGroup(OrgAdmin_Groups.java:31)
at automation.test.OrgAdmin_Groups.checkAddGroup(OrgAdmin_Groups.java:31)
at automation.test.OrgAdmin_Groups.checkAddGroup(OrgAdmin_Groups.java:31)
at automation.test.OrgAdmin_Groups.checkAddGroup(OrgAdmin_Groups.java:31)
at automation.test.OrgAdmin_Groups.checkAddGroup(OrgAdmin_Groups.java:31)
at automation.test.OrgAdmin_Groups.checkAddGroup(OrgAdmin_Groups.java:31)
at automation.test.OrgAdmin_Groups.checkAddGroup(OrgAdmin_Groups.java:31)
at automation.test.OrgAdmin_Groups.checkAddGroup(OrgAdmin_Groups.java:31)
at automation.test.OrgAdmin_Groups.checkAddGroup(OrgAdmin_Groups.java:31)
at automation.test.OrgAdmin_Groups.checkAddGroup(OrgAdmin_Groups.java:31)
at automation.test.OrgAdmin_Groups.checkAddGroup(OrgAdmin_Groups.java:31)
at automation.test.OrgAdmin_Groups.checkAddGroup(OrgAdmin_Groups.java:31)
at automation.test.OrgAdmin_Groups.checkAddGroup(OrgAdmin_Groups.java:31)
at automation.test.OrgAdmin_Groups.checkAddGroup(OrgAdmin_Groups.java:31)
at automation.test.OrgAdmin_Groups.checkAddGroup(OrgAdmin_Groups.java:31)
at automation.test.OrgAdmin_Groups.checkAddGroup(OrgAdmin_Groups.java:31)
at automation.test.OrgAdmin_Groups.checkAddGroup(OrgAdmin_Groups.java:31)
at automation.test.OrgAdmin_Groups.checkAddGroup(OrgAdmin_Groups.java:31)
at automation.test.OrgAdmin_Groups.checkAddGroup(OrgAdmin_Groups.java:31)
at automation.test.OrgAdmin_Groups.checkAddGroup(OrgAdmin_Groups.java:31)
at automation.test.OrgAdmin_Groups.checkAddGroup(OrgAdmin_Groups.java:31)
at automation.test.OrgAdmin_Groups.checkAddGroup(OrgAdmin_Groups.java:31)
at automation.test.OrgAdmin_Groups.checkAddGroup(OrgAdmin_Groups.java:31)
at automation.test.OrgAdmin_Groups.checkAddGroup(OrgAdmin_Groups.java:31)
at automation.test.OrgAdmin_Groups.checkAddGroup(OrgAdmin_Groups.java:31)
at automation.test.OrgAdmin_Groups.checkAddGroup(OrgAdmin_Groups.java:31)
at automation.test.OrgAdmin_Groups.checkAddGroup(OrgAdmin_Groups.java:31)
at automation.test.OrgAdmin_Groups.checkAddGroup(OrgAdmin_Groups.java:31)
at automation.test.OrgAdmin_Groups.checkAddGroup(OrgAdmin_Groups.java:31)
at automation.test.OrgAdmin_Groups.checkAddGroup(OrgAdmin_Groups.java:31)
at automation.test.OrgAdmin_Groups.checkAddGroup(OrgAdmin_Groups.java:31)
at automation.test.OrgAdmin_Groups.checkAddGroup(OrgAdmin_Groups.java:31)
at automation.test.OrgAdmin_Groups.checkAddGroup(OrgAdmin_Groups.java:31)
at automation.test.OrgAdmin_Groups.checkAddGroup(OrgAdmin_Groups.java:31)
at automation.test.OrgAdmin_Groups.checkAddGroup(OrgAdmin_Groups.java:31)
at automation.test.OrgAdmin_Groups.checkAddGroup(OrgAdmin_Groups.java:31)
at automation.test.OrgAdmin_Groups.checkAddGroup(OrgAdmin_Groups.java:31)
at automation.test.OrgAdmin_Groups.checkAddGroup(OrgAdmin_Groups.java:31)
at automation.test.OrgAdmin_Groups.checkAddGroup(OrgAdmin_Groups.java:31)
at automation.test.OrgAdmin_Groups.checkAddGroup(OrgAdmin_Groups.java:31)
at automation.test.OrgAdmin_Groups.checkAddGroup(OrgAdmin_Groups.java:31)
at automation.test.OrgAdmin_Groups.checkAddGroup(OrgAdmin_Groups.java:31)
at automation.test.OrgAdmin_Groups.checkAddGroup(OrgAdmin_Groups.java:31)
at automation.test.OrgAdmin_Groups.checkAddGroup(OrgAdmin_Groups.java:31)
at automation.test.OrgAdmin_Groups.checkAddGroup(OrgAdmin_Groups.java:31)
at automation.test.OrgAdmin_Groups.checkAddGroup(OrgAdmin_Groups.java:31)
at automation.test.OrgAdmin_Groups.checkAddGroup(OrgAdmin_Groups.java:31)
at automation.test.OrgAdmin_Groups.checkAddGroup(OrgAdmin_Groups.java:31)
at automation.test.OrgAdmin_Groups.checkAddGroup(OrgAdmin_Groups.java:31)
at automation.test.OrgAdmin_Groups.checkAddGroup(OrgAdmin_Groups.java:31)
at automation.test.OrgAdmin_Groups.checkAddGroup(OrgAdmin_Groups.java:31)
at automation.test.OrgAdmin_Groups.checkAddGroup(OrgAdmin_Groups.java:31)
at automation.test.OrgAdmin_Groups.checkAddGroup(OrgAdmin_Groups.java:31)
at automation.test.OrgAdmin_Groups.checkAddGroup(OrgAdmin_Groups.java:31)
at automation.test.OrgAdmin_Groups.checkAddGroup(OrgAdmin_Groups.java:31)
at automation.test.OrgAdmin_Groups.checkAddGroup(OrgAdmin_Groups.java:31)
at automation.test.OrgAdmin_Groups.checkAddGroup(OrgAdmin_Groups.java:31)
at automation.test.OrgAdmin_Groups.checkAddGroup(OrgAdmin_Groups.java:31)
at automation.test.OrgAdmin_Groups.checkAddGroup(OrgAdmin_Groups.java:31)
at automation.test.OrgAdmin_Groups.checkAddGroup(OrgAdmin_Groups.java:31)
at automation.test.OrgAdmin_Groups.checkAddGroup(OrgAdmin_Groups.java:31)
at automation.test.OrgAdmin_Groups.checkAddGroup(OrgAdmin_Groups.java:31)
at automation.test.OrgAdmin_Groups.checkAddGroup(OrgAdmin_Groups.java:31)
at automation.test.OrgAdmin_Groups.checkAddGroup(OrgAdmin_Groups.java:31)
at automation.test.OrgAdmin_Groups.checkAddGroup(OrgAdmin_Groups.java:31)
at automation.test.OrgAdmin_Groups.checkAddGroup(OrgAdmin_Groups.java:31)
at automation.test.OrgAdmin_Groups.checkAddGroup(OrgAdmin_Groups.java:31)
at automation.test.OrgAdmin_Groups.checkAddGroup(OrgAdmin_Groups.java:31)
at automation.test.OrgAdmin_Groups.checkAddGroup(OrgAdmin_Groups.java:31)
at automation.test.OrgAdmin_Groups.checkAddGroup(OrgAdmin_Groups.java:31)
at automation.test.OrgAdmin_Groups.checkAddGroup(OrgAdmin_Groups.java:31)
at automation.test.OrgAdmin_Groups.checkAddGroup(OrgAdmin_Groups.java:31)
at automation.test.OrgAdmin_Groups.checkAddGroup(OrgAdmin_Groups.java:31)
at automation.test.OrgAdmin_Groups.checkAddGroup(OrgAdmin_Groups.java:31)
at automation.test.OrgAdmin_Groups.checkAddGroup(OrgAdmin_Groups.java:31)
at automation.test.OrgAdmin_Groups.checkAddGroup(OrgAdmin_Groups.java:31)
at automation.test.OrgAdmin_Groups.checkAddGroup(OrgAdmin_Groups.java:31)
at automation.test.OrgAdmin_Groups.checkAddGroup(OrgAdmin_Groups.java:31)
at automation.test.OrgAdmin_Groups.checkAddGroup(OrgAdmin_Groups.java:31)
]]>
    </error>
  </testcase> <!-- checkAddGroup -->
</testsuite> <!-- automation.test.OrgAdmin_Groups -->
